<?xml version="1.0" encoding="UTF-8"?>
<coverage generated="1592934698664" clover="3.2.0">
  <project timestamp="1592934698664" name="All files">
    <metrics statements="1069" coveredstatements="0" conditionals="553" coveredconditionals="0" methods="113" coveredmethods="0" elements="1735" coveredelements="0" complexity="0" loc="1069" ncloc="1069" packages="2" files="5" classes="5"/>
    <package name="lambda">
      <metrics statements="1064" coveredstatements="0" conditionals="553" coveredconditionals="0" methods="112" coveredmethods="0"/>
      <file name="helpers.js" path="C:\Users\wrongholt\Documents\powers\lambda\helpers.js">
        <metrics statements="35" coveredstatements="0" conditionals="10" coveredconditionals="0" methods="12" coveredmethods="0"/>
        <line num="2" count="0" type="stmt"/>
        <line num="3" count="0" type="stmt"/>
        <line num="4" count="0" type="stmt"/>
        <line num="5" count="0" type="stmt"/>
        <line num="7" count="0" type="stmt"/>
        <line num="8" count="0" type="stmt"/>
        <line num="10" count="0" type="stmt"/>
        <line num="13" count="0" type="stmt"/>
        <line num="15" count="0" type="stmt"/>
        <line num="17" count="0" type="stmt"/>
        <line num="21" count="0" type="stmt"/>
        <line num="22" count="0" type="stmt"/>
        <line num="28" count="0" type="stmt"/>
        <line num="29" count="0" type="stmt"/>
        <line num="30" count="0" type="stmt"/>
        <line num="31" count="0" type="stmt"/>
        <line num="32" count="0" type="cond" truecount="0" falsecount="4"/>
        <line num="33" count="0" type="stmt"/>
        <line num="35" count="0" type="stmt"/>
        <line num="36" count="0" type="stmt"/>
        <line num="38" count="0" type="stmt"/>
        <line num="39" count="0" type="stmt"/>
        <line num="41" count="0" type="stmt"/>
        <line num="42" count="0" type="stmt"/>
        <line num="45" count="0" type="stmt"/>
        <line num="49" count="0" type="stmt"/>
        <line num="50" count="0" type="stmt"/>
        <line num="53" count="0" type="stmt"/>
        <line num="54" count="0" type="cond" truecount="0" falsecount="6"/>
        <line num="57" count="0" type="stmt"/>
        <line num="58" count="0" type="stmt"/>
        <line num="61" count="0" type="stmt"/>
        <line num="62" count="0" type="stmt"/>
        <line num="63" count="0" type="stmt"/>
        <line num="64" count="0" type="stmt"/>
      </file>
      <file name="index.js" path="C:\Users\wrongholt\Documents\powers\lambda\index.js">
        <metrics statements="1021" coveredstatements="0" conditionals="543" coveredconditionals="0" methods="99" coveredmethods="0"/>
        <line num="2" count="0" type="stmt"/>
        <line num="3" count="0" type="stmt"/>
        <line num="4" count="0" type="stmt"/>
        <line num="7" count="0" type="stmt"/>
        <line num="8" count="0" type="stmt"/>
        <line num="10" count="0" type="stmt"/>
        <line num="11" count="0" type="stmt"/>
        <line num="12" count="0" type="stmt"/>
        <line num="13" count="0" type="stmt"/>
        <line num="14" count="0" type="stmt"/>
        <line num="15" count="0" type="stmt"/>
        <line num="16" count="0" type="stmt"/>
        <line num="17" count="0" type="stmt"/>
        <line num="18" count="0" type="stmt"/>
        <line num="19" count="0" type="stmt"/>
        <line num="20" count="0" type="stmt"/>
        <line num="21" count="0" type="stmt"/>
        <line num="24" count="0" type="stmt"/>
        <line num="29" count="0" type="stmt"/>
        <line num="31" count="0" type="stmt"/>
        <line num="34" count="0" type="stmt"/>
        <line num="35" count="0" type="stmt"/>
        <line num="36" count="0" type="stmt"/>
        <line num="37" count="0" type="stmt"/>
        <line num="38" count="0" type="stmt"/>
        <line num="39" count="0" type="stmt"/>
        <line num="40" count="0" type="stmt"/>
        <line num="41" count="0" type="stmt"/>
        <line num="43" count="0" type="stmt"/>
        <line num="45" count="0" type="cond" truecount="0" falsecount="2"/>
        <line num="46" count="0" type="stmt"/>
        <line num="48" count="0" type="stmt"/>
        <line num="49" count="0" type="stmt"/>
        <line num="51" count="0" type="stmt"/>
        <line num="57" count="0" type="stmt"/>
        <line num="59" count="0" type="cond" truecount="0" falsecount="2"/>
        <line num="60" count="0" type="stmt"/>
        <line num="62" count="0" type="cond" truecount="0" falsecount="2"/>
        <line num="63" count="0" type="stmt"/>
        <line num="65" count="0" type="stmt"/>
        <line num="66" count="0" type="stmt"/>
        <line num="67" count="0" type="stmt"/>
        <line num="68" count="0" type="stmt"/>
        <line num="70" count="0" type="cond" truecount="0" falsecount="2"/>
        <line num="71" count="0" type="stmt"/>
        <line num="72" count="0" type="stmt"/>
        <line num="73" count="0" type="stmt"/>
        <line num="75" count="0" type="stmt"/>
        <line num="77" count="0" type="stmt"/>
        <line num="78" count="0" type="cond" truecount="0" falsecount="2"/>
        <line num="79" count="0" type="stmt"/>
        <line num="80" count="0" type="stmt"/>
        <line num="81" count="0" type="stmt"/>
        <line num="82" count="0" type="stmt"/>
        <line num="83" count="0" type="cond" truecount="0" falsecount="4"/>
        <line num="84" count="0" type="stmt"/>
        <line num="85" count="0" type="cond" truecount="0" falsecount="2"/>
        <line num="86" count="0" type="stmt"/>
        <line num="87" count="0" type="cond" truecount="0" falsecount="2"/>
        <line num="88" count="0" type="stmt"/>
        <line num="89" count="0" type="cond" truecount="0" falsecount="2"/>
        <line num="90" count="0" type="stmt"/>
        <line num="92" count="0" type="stmt"/>
        <line num="93" count="0" type="stmt"/>
        <line num="94" count="0" type="cond" truecount="0" falsecount="2"/>
        <line num="95" count="0" type="stmt"/>
        <line num="96" count="0" type="stmt"/>
        <line num="97" count="0" type="stmt"/>
        <line num="98" count="0" type="stmt"/>
        <line num="118" count="0" type="stmt"/>
        <line num="127" count="0" type="stmt"/>
        <line num="129" count="0" type="cond" truecount="0" falsecount="2"/>
        <line num="133" count="0" type="stmt"/>
        <line num="136" count="0" type="stmt"/>
        <line num="137" count="0" type="stmt"/>
        <line num="138" count="0" type="stmt"/>
        <line num="139" count="0" type="stmt"/>
        <line num="140" count="0" type="cond" truecount="0" falsecount="2"/>
        <line num="141" count="0" type="stmt"/>
        <line num="143" count="0" type="stmt"/>
        <line num="144" count="0" type="stmt"/>
        <line num="145" count="0" type="stmt"/>
        <line num="146" count="0" type="stmt"/>
        <line num="147" count="0" type="stmt"/>
        <line num="148" count="0" type="stmt"/>
        <line num="150" count="0" type="cond" truecount="0" falsecount="2"/>
        <line num="151" count="0" type="stmt"/>
        <line num="152" count="0" type="stmt"/>
        <line num="154" count="0" type="cond" truecount="0" falsecount="2"/>
        <line num="155" count="0" type="stmt"/>
        <line num="156" count="0" type="stmt"/>
        <line num="158" count="0" type="cond" truecount="0" falsecount="2"/>
        <line num="159" count="0" type="stmt"/>
        <line num="160" count="0" type="stmt"/>
        <line num="162" count="0" type="cond" truecount="0" falsecount="2"/>
        <line num="163" count="0" type="stmt"/>
        <line num="164" count="0" type="stmt"/>
        <line num="167" count="0" type="stmt"/>
        <line num="168" count="0" type="stmt"/>
        <line num="170" count="0" type="stmt"/>
        <line num="171" count="0" type="stmt"/>
        <line num="177" count="0" type="cond" truecount="0" falsecount="2"/>
        <line num="178" count="0" type="stmt"/>
        <line num="179" count="0" type="stmt"/>
        <line num="181" count="0" type="stmt"/>
        <line num="184" count="0" type="stmt"/>
        <line num="185" count="0" type="stmt"/>
        <line num="186" count="0" type="stmt"/>
        <line num="187" count="0" type="stmt"/>
        <line num="192" count="0" type="stmt"/>
        <line num="194" count="0" type="cond" truecount="0" falsecount="2"/>
        <line num="198" count="0" type="stmt"/>
        <line num="199" count="0" type="stmt"/>
        <line num="200" count="0" type="stmt"/>
        <line num="201" count="0" type="stmt"/>
        <line num="202" count="0" type="stmt"/>
        <line num="204" count="0" type="stmt"/>
        <line num="205" count="0" type="cond" truecount="0" falsecount="2"/>
        <line num="206" count="0" type="stmt"/>
        <line num="208" count="0" type="cond" truecount="0" falsecount="2"/>
        <line num="209" count="0" type="stmt"/>
        <line num="211" count="0" type="stmt"/>
        <line num="212" count="0" type="stmt"/>
        <line num="213" count="0" type="stmt"/>
        <line num="215" count="0" type="stmt"/>
        <line num="216" count="0" type="cond" truecount="0" falsecount="2"/>
        <line num="217" count="0" type="stmt"/>
        <line num="218" count="0" type="stmt"/>
        <line num="220" count="0" type="stmt"/>
        <line num="222" count="0" type="stmt"/>
        <line num="225" count="0" type="stmt"/>
        <line num="231" count="0" type="cond" truecount="0" falsecount="2"/>
        <line num="232" count="0" type="stmt"/>
        <line num="234" count="0" type="stmt"/>
        <line num="235" count="0" type="stmt"/>
        <line num="237" count="0" type="stmt"/>
        <line num="239" count="0" type="stmt"/>
        <line num="241" count="0" type="stmt"/>
        <line num="242" count="0" type="cond" truecount="0" falsecount="2"/>
        <line num="243" count="0" type="stmt"/>
        <line num="244" count="0" type="stmt"/>
        <line num="264" count="0" type="stmt"/>
        <line num="273" count="0" type="stmt"/>
        <line num="275" count="0" type="cond" truecount="0" falsecount="5"/>
        <line num="282" count="0" type="stmt"/>
        <line num="283" count="0" type="stmt"/>
        <line num="284" count="0" type="cond" truecount="0" falsecount="2"/>
        <line num="285" count="0" type="stmt"/>
        <line num="288" count="0" type="stmt"/>
        <line num="289" count="0" type="stmt"/>
        <line num="290" count="0" type="cond" truecount="0" falsecount="2"/>
        <line num="291" count="0" type="stmt"/>
        <line num="293" count="0" type="cond" truecount="0" falsecount="2"/>
        <line num="294" count="0" type="stmt"/>
        <line num="295" count="0" type="stmt"/>
        <line num="296" count="0" type="stmt"/>
        <line num="297" count="0" type="stmt"/>
        <line num="298" count="0" type="stmt"/>
        <line num="299" count="0" type="stmt"/>
        <line num="300" count="0" type="stmt"/>
        <line num="301" count="0" type="stmt"/>
        <line num="303" count="0" type="stmt"/>
        <line num="305" count="0" type="stmt"/>
        <line num="308" count="0" type="stmt"/>
        <line num="309" count="0" type="stmt"/>
        <line num="310" count="0" type="stmt"/>
        <line num="311" count="0" type="cond" truecount="0" falsecount="2"/>
        <line num="312" count="0" type="stmt"/>
        <line num="314" count="0" type="stmt"/>
        <line num="317" count="0" type="stmt"/>
        <line num="320" count="0" type="stmt"/>
        <line num="323" count="0" type="cond" truecount="0" falsecount="2"/>
        <line num="324" count="0" type="cond" truecount="0" falsecount="4"/>
        <line num="325" count="0" type="stmt"/>
        <line num="326" count="0" type="stmt"/>
        <line num="327" count="0" type="stmt"/>
        <line num="328" count="0" type="stmt"/>
        <line num="330" count="0" type="stmt"/>
        <line num="341" count="0" type="stmt"/>
        <line num="349" count="0" type="stmt"/>
        <line num="351" count="0" type="cond" truecount="0" falsecount="5"/>
        <line num="358" count="0" type="stmt"/>
        <line num="359" count="0" type="stmt"/>
        <line num="360" count="0" type="stmt"/>
        <line num="361" count="0" type="cond" truecount="0" falsecount="2"/>
        <line num="362" count="0" type="stmt"/>
        <line num="364" count="0" type="stmt"/>
        <line num="368" count="0" type="stmt"/>
        <line num="369" count="0" type="cond" truecount="0" falsecount="2"/>
        <line num="370" count="0" type="cond" truecount="0" falsecount="4"/>
        <line num="371" count="0" type="stmt"/>
        <line num="372" count="0" type="stmt"/>
        <line num="374" count="0" type="stmt"/>
        <line num="375" count="0" type="stmt"/>
        <line num="376" count="0" type="stmt"/>
        <line num="379" count="0" type="stmt"/>
        <line num="390" count="0" type="stmt"/>
        <line num="398" count="0" type="stmt"/>
        <line num="400" count="0" type="cond" truecount="0" falsecount="2"/>
        <line num="404" count="0" type="stmt"/>
        <line num="405" count="0" type="stmt"/>
        <line num="406" count="0" type="stmt"/>
        <line num="407" count="0" type="stmt"/>
        <line num="408" count="0" type="stmt"/>
        <line num="410" count="0" type="stmt"/>
        <line num="411" count="0" type="cond" truecount="0" falsecount="2"/>
        <line num="412" count="0" type="stmt"/>
        <line num="413" count="0" type="stmt"/>
        <line num="414" count="0" type="cond" truecount="0" falsecount="2"/>
        <line num="415" count="0" type="stmt"/>
        <line num="416" count="0" type="stmt"/>
        <line num="422" count="0" type="stmt"/>
        <line num="424" count="0" type="cond" truecount="0" falsecount="2"/>
        <line num="428" count="0" type="stmt"/>
        <line num="429" count="0" type="stmt"/>
        <line num="430" count="0" type="stmt"/>
        <line num="432" count="0" type="stmt"/>
        <line num="433" count="0" type="stmt"/>
        <line num="434" count="0" type="stmt"/>
        <line num="435" count="0" type="stmt"/>
        <line num="437" count="0" type="cond" truecount="0" falsecount="2"/>
        <line num="438" count="0" type="stmt"/>
        <line num="439" count="0" type="stmt"/>
        <line num="440" count="0" type="stmt"/>
        <line num="441" count="0" type="cond" truecount="0" falsecount="2"/>
        <line num="442" count="0" type="stmt"/>
        <line num="443" count="0" type="stmt"/>
        <line num="448" count="0" type="stmt"/>
        <line num="450" count="0" type="cond" truecount="0" falsecount="2"/>
        <line num="454" count="0" type="stmt"/>
        <line num="455" count="0" type="stmt"/>
        <line num="456" count="0" type="stmt"/>
        <line num="457" count="0" type="stmt"/>
        <line num="459" count="0" type="cond" truecount="0" falsecount="2"/>
        <line num="460" count="0" type="stmt"/>
        <line num="461" count="0" type="stmt"/>
        <line num="463" count="0" type="stmt"/>
        <line num="468" count="0" type="stmt"/>
        <line num="472" count="0" type="stmt"/>
        <line num="473" count="0" type="cond" truecount="0" falsecount="2"/>
        <line num="474" count="0" type="stmt"/>
        <line num="475" count="0" type="stmt"/>
        <line num="476" count="0" type="stmt"/>
        <line num="498" count="0" type="stmt"/>
        <line num="506" count="0" type="stmt"/>
        <line num="508" count="0" type="cond" truecount="0" falsecount="2"/>
        <line num="512" count="0" type="stmt"/>
        <line num="513" count="0" type="stmt"/>
        <line num="514" count="0" type="stmt"/>
        <line num="515" count="0" type="stmt"/>
        <line num="516" count="0" type="stmt"/>
        <line num="517" count="0" type="stmt"/>
        <line num="518" count="0" type="cond" truecount="0" falsecount="2"/>
        <line num="519" count="0" type="stmt"/>
        <line num="526" count="0" type="cond" truecount="0" falsecount="8"/>
        <line num="527" count="0" type="stmt"/>
        <line num="529" count="0" type="cond" truecount="0" falsecount="4"/>
        <line num="530" count="0" type="stmt"/>
        <line num="531" count="0" type="cond" truecount="0" falsecount="2"/>
        <line num="532" count="0" type="stmt"/>
        <line num="533" count="0" type="stmt"/>
        <line num="534" count="0" type="cond" truecount="0" falsecount="2"/>
        <line num="535" count="0" type="stmt"/>
        <line num="538" count="0" type="stmt"/>
        <line num="542" count="0" type="cond" truecount="0" falsecount="4"/>
        <line num="543" count="0" type="stmt"/>
        <line num="544" count="0" type="stmt"/>
        <line num="545" count="0" type="cond" truecount="0" falsecount="2"/>
        <line num="546" count="0" type="stmt"/>
        <line num="549" count="0" type="stmt"/>
        <line num="552" count="0" type="stmt"/>
        <line num="553" count="0" type="stmt"/>
        <line num="555" count="0" type="cond" truecount="0" falsecount="4"/>
        <line num="556" count="0" type="stmt"/>
        <line num="557" count="0" type="cond" truecount="0" falsecount="2"/>
        <line num="558" count="0" type="stmt"/>
        <line num="559" count="0" type="stmt"/>
        <line num="562" count="0" type="stmt"/>
        <line num="565" count="0" type="cond" truecount="0" falsecount="2"/>
        <line num="566" count="0" type="stmt"/>
        <line num="567" count="0" type="stmt"/>
        <line num="568" count="0" type="cond" truecount="0" falsecount="2"/>
        <line num="569" count="0" type="stmt"/>
        <line num="571" count="0" type="stmt"/>
        <line num="573" count="0" type="stmt"/>
        <line num="574" count="0" type="stmt"/>
        <line num="577" count="0" type="stmt"/>
        <line num="578" count="0" type="cond" truecount="0" falsecount="4"/>
        <line num="579" count="0" type="stmt"/>
        <line num="580" count="0" type="stmt"/>
        <line num="582" count="0" type="cond" truecount="0" falsecount="2"/>
        <line num="583" count="0" type="stmt"/>
        <line num="584" count="0" type="stmt"/>
        <line num="585" count="0" type="stmt"/>
        <line num="613" count="0" type="stmt"/>
        <line num="622" count="0" type="stmt"/>
        <line num="624" count="0" type="cond" truecount="0" falsecount="2"/>
        <line num="632" count="0" type="stmt"/>
        <line num="633" count="0" type="stmt"/>
        <line num="634" count="0" type="stmt"/>
        <line num="635" count="0" type="stmt"/>
        <line num="637" count="0" type="cond" truecount="0" falsecount="4"/>
        <line num="638" count="0" type="stmt"/>
        <line num="639" count="0" type="stmt"/>
        <line num="640" count="0" type="stmt"/>
        <line num="641" count="0" type="stmt"/>
        <line num="642" count="0" type="cond" truecount="0" falsecount="2"/>
        <line num="643" count="0" type="stmt"/>
        <line num="644" count="0" type="stmt"/>
        <line num="645" count="0" type="stmt"/>
        <line num="646" count="0" type="stmt"/>
        <line num="647" count="0" type="cond" truecount="0" falsecount="2"/>
        <line num="648" count="0" type="stmt"/>
        <line num="649" count="0" type="stmt"/>
        <line num="650" count="0" type="stmt"/>
        <line num="651" count="0" type="stmt"/>
        <line num="653" count="0" type="cond" truecount="0" falsecount="2"/>
        <line num="654" count="0" type="stmt"/>
        <line num="655" count="0" type="stmt"/>
        <line num="656" count="0" type="stmt"/>
        <line num="678" count="0" type="stmt"/>
        <line num="679" count="0" type="stmt"/>
        <line num="687" count="0" type="stmt"/>
        <line num="689" count="0" type="cond" truecount="0" falsecount="2"/>
        <line num="694" count="0" type="stmt"/>
        <line num="695" count="0" type="stmt"/>
        <line num="696" count="0" type="stmt"/>
        <line num="697" count="0" type="stmt"/>
        <line num="698" count="0" type="cond" truecount="0" falsecount="2"/>
        <line num="699" count="0" type="stmt"/>
        <line num="700" count="0" type="cond" truecount="0" falsecount="2"/>
        <line num="701" count="0" type="stmt"/>
        <line num="723" count="0" type="stmt"/>
        <line num="729" count="0" type="stmt"/>
        <line num="730" count="0" type="cond" truecount="0" falsecount="2"/>
        <line num="731" count="0" type="stmt"/>
        <line num="753" count="0" type="stmt"/>
        <line num="764" count="0" type="stmt"/>
        <line num="766" count="0" type="cond" truecount="0" falsecount="2"/>
        <line num="770" count="0" type="stmt"/>
        <line num="771" count="0" type="stmt"/>
        <line num="772" count="0" type="stmt"/>
        <line num="773" count="0" type="stmt"/>
        <line num="774" count="0" type="stmt"/>
        <line num="775" count="0" type="cond" truecount="0" falsecount="2"/>
        <line num="776" count="0" type="stmt"/>
        <line num="778" count="0" type="stmt"/>
        <line num="779" count="0" type="stmt"/>
        <line num="780" count="0" type="stmt"/>
        <line num="781" count="0" type="stmt"/>
        <line num="782" count="0" type="stmt"/>
        <line num="785" count="0" type="cond" truecount="0" falsecount="2"/>
        <line num="786" count="0" type="stmt"/>
        <line num="788" count="0" type="stmt"/>
        <line num="813" count="0" type="stmt"/>
        <line num="821" count="0" type="stmt"/>
        <line num="823" count="0" type="cond" truecount="0" falsecount="2"/>
        <line num="827" count="0" type="stmt"/>
        <line num="828" count="0" type="stmt"/>
        <line num="829" count="0" type="stmt"/>
        <line num="830" count="0" type="stmt"/>
        <line num="831" count="0" type="stmt"/>
        <line num="832" count="0" type="stmt"/>
        <line num="833" count="0" type="cond" truecount="0" falsecount="2"/>
        <line num="834" count="0" type="stmt"/>
        <line num="836" count="0" type="stmt"/>
        <line num="837" count="0" type="stmt"/>
        <line num="838" count="0" type="stmt"/>
        <line num="839" count="0" type="stmt"/>
        <line num="840" count="0" type="stmt"/>
        <line num="842" count="0" type="stmt"/>
        <line num="843" count="0" type="stmt"/>
        <line num="844" count="0" type="cond" truecount="0" falsecount="2"/>
        <line num="845" count="0" type="stmt"/>
        <line num="847" count="0" type="cond" truecount="0" falsecount="2"/>
        <line num="848" count="0" type="stmt"/>
        <line num="849" count="0" type="stmt"/>
        <line num="851" count="0" type="stmt"/>
        <line num="853" count="0" type="stmt"/>
        <line num="856" count="0" type="stmt"/>
        <line num="857" count="0" type="stmt"/>
        <line num="858" count="0" type="cond" truecount="0" falsecount="2"/>
        <line num="859" count="0" type="stmt"/>
        <line num="860" count="0" type="stmt"/>
        <line num="886" count="0" type="stmt"/>
        <line num="893" count="0" type="stmt"/>
        <line num="895" count="0" type="cond" truecount="0" falsecount="2"/>
        <line num="899" count="0" type="stmt"/>
        <line num="900" count="0" type="stmt"/>
        <line num="901" count="0" type="stmt"/>
        <line num="902" count="0" type="stmt"/>
        <line num="903" count="0" type="stmt"/>
        <line num="904" count="0" type="stmt"/>
        <line num="906" count="0" type="cond" truecount="0" falsecount="4"/>
        <line num="907" count="0" type="cond" truecount="0" falsecount="4"/>
        <line num="908" count="0" type="stmt"/>
        <line num="910" count="0" type="stmt"/>
        <line num="911" count="0" type="stmt"/>
        <line num="913" count="0" type="cond" truecount="0" falsecount="4"/>
        <line num="914" count="0" type="cond" truecount="0" falsecount="4"/>
        <line num="915" count="0" type="stmt"/>
        <line num="917" count="0" type="stmt"/>
        <line num="918" count="0" type="stmt"/>
        <line num="920" count="0" type="cond" truecount="0" falsecount="4"/>
        <line num="921" count="0" type="cond" truecount="0" falsecount="4"/>
        <line num="922" count="0" type="stmt"/>
        <line num="924" count="0" type="stmt"/>
        <line num="925" count="0" type="stmt"/>
        <line num="929" count="0" type="stmt"/>
        <line num="936" count="0" type="stmt"/>
        <line num="938" count="0" type="cond" truecount="0" falsecount="2"/>
        <line num="942" count="0" type="stmt"/>
        <line num="943" count="0" type="stmt"/>
        <line num="944" count="0" type="stmt"/>
        <line num="945" count="0" type="stmt"/>
        <line num="946" count="0" type="stmt"/>
        <line num="948" count="0" type="stmt"/>
        <line num="949" count="0" type="stmt"/>
        <line num="950" count="0" type="cond" truecount="0" falsecount="2"/>
        <line num="953" count="0" type="cond" truecount="0" falsecount="2"/>
        <line num="954" count="0" type="cond" truecount="0" falsecount="4"/>
        <line num="955" count="0" type="stmt"/>
        <line num="957" count="0" type="stmt"/>
        <line num="958" count="0" type="stmt"/>
        <line num="959" count="0" type="stmt"/>
        <line num="961" count="0" type="cond" truecount="0" falsecount="2"/>
        <line num="962" count="0" type="cond" truecount="0" falsecount="4"/>
        <line num="963" count="0" type="stmt"/>
        <line num="965" count="0" type="stmt"/>
        <line num="966" count="0" type="stmt"/>
        <line num="967" count="0" type="stmt"/>
        <line num="969" count="0" type="cond" truecount="0" falsecount="2"/>
        <line num="970" count="0" type="cond" truecount="0" falsecount="4"/>
        <line num="971" count="0" type="stmt"/>
        <line num="973" count="0" type="stmt"/>
        <line num="974" count="0" type="stmt"/>
        <line num="975" count="0" type="stmt"/>
        <line num="978" count="0" type="stmt"/>
        <line num="979" count="0" type="stmt"/>
        <line num="980" count="0" type="stmt"/>
        <line num="987" count="0" type="stmt"/>
        <line num="989" count="0" type="cond" truecount="0" falsecount="2"/>
        <line num="993" count="0" type="stmt"/>
        <line num="997" count="0" type="stmt"/>
        <line num="999" count="0" type="cond" truecount="0" falsecount="2"/>
        <line num="1004" count="0" type="stmt"/>
        <line num="1005" count="0" type="stmt"/>
        <line num="1006" count="0" type="stmt"/>
        <line num="1007" count="0" type="stmt"/>
        <line num="1008" count="0" type="stmt"/>
        <line num="1009" count="0" type="stmt"/>
        <line num="1011" count="0" type="stmt"/>
        <line num="1012" count="0" type="cond" truecount="0" falsecount="4"/>
        <line num="1013" count="0" type="stmt"/>
        <line num="1014" count="0" type="stmt"/>
        <line num="1019" count="0" type="stmt"/>
        <line num="1020" count="0" type="stmt"/>
        <line num="1021" count="0" type="stmt"/>
        <line num="1027" count="0" type="stmt"/>
        <line num="1029" count="0" type="stmt"/>
        <line num="1035" count="0" type="stmt"/>
        <line num="1037" count="0" type="cond" truecount="0" falsecount="2"/>
        <line num="1041" count="0" type="stmt"/>
        <line num="1042" count="0" type="stmt"/>
        <line num="1043" count="0" type="stmt"/>
        <line num="1044" count="0" type="stmt"/>
        <line num="1045" count="0" type="stmt"/>
        <line num="1046" count="0" type="stmt"/>
        <line num="1048" count="0" type="stmt"/>
        <line num="1049" count="0" type="stmt"/>
        <line num="1050" count="0" type="stmt"/>
        <line num="1052" count="0" type="stmt"/>
        <line num="1055" count="0" type="cond" truecount="0" falsecount="6"/>
        <line num="1056" count="0" type="stmt"/>
        <line num="1057" count="0" type="stmt"/>
        <line num="1058" count="0" type="cond" truecount="0" falsecount="6"/>
        <line num="1059" count="0" type="stmt"/>
        <line num="1060" count="0" type="stmt"/>
        <line num="1061" count="0" type="cond" truecount="0" falsecount="6"/>
        <line num="1062" count="0" type="stmt"/>
        <line num="1063" count="0" type="stmt"/>
        <line num="1066" count="0" type="stmt"/>
        <line num="1083" count="0" type="stmt"/>
        <line num="1085" count="0" type="cond" truecount="0" falsecount="5"/>
        <line num="1090" count="0" type="stmt"/>
        <line num="1092" count="0" type="stmt"/>
        <line num="1093" count="0" type="stmt"/>
        <line num="1094" count="0" type="stmt"/>
        <line num="1095" count="0" type="stmt"/>
        <line num="1096" count="0" type="stmt"/>
        <line num="1098" count="0" type="stmt"/>
        <line num="1099" count="0" type="stmt"/>
        <line num="1100" count="0" type="cond" truecount="0" falsecount="2"/>
        <line num="1101" count="0" type="stmt"/>
        <line num="1103" count="0" type="cond" truecount="0" falsecount="2"/>
        <line num="1104" count="0" type="stmt"/>
        <line num="1106" count="0" type="cond" truecount="0" falsecount="2"/>
        <line num="1107" count="0" type="stmt"/>
        <line num="1109" count="0" type="cond" truecount="0" falsecount="2"/>
        <line num="1110" count="0" type="cond" truecount="0" falsecount="2"/>
        <line num="1111" count="0" type="stmt"/>
        <line num="1112" count="0" type="stmt"/>
        <line num="1113" count="0" type="stmt"/>
        <line num="1114" count="0" type="stmt"/>
        <line num="1115" count="0" type="stmt"/>
        <line num="1116" count="0" type="cond" truecount="0" falsecount="2"/>
        <line num="1117" count="0" type="stmt"/>
        <line num="1118" count="0" type="stmt"/>
        <line num="1119" count="0" type="stmt"/>
        <line num="1120" count="0" type="stmt"/>
        <line num="1121" count="0" type="stmt"/>
        <line num="1123" count="0" type="cond" truecount="0" falsecount="2"/>
        <line num="1124" count="0" type="stmt"/>
        <line num="1125" count="0" type="stmt"/>
        <line num="1126" count="0" type="stmt"/>
        <line num="1127" count="0" type="stmt"/>
        <line num="1128" count="0" type="stmt"/>
        <line num="1137" count="0" type="stmt"/>
        <line num="1139" count="0" type="cond" truecount="0" falsecount="4"/>
        <line num="1144" count="0" type="stmt"/>
        <line num="1146" count="0" type="stmt"/>
        <line num="1150" count="0" type="stmt"/>
        <line num="1152" count="0" type="cond" truecount="0" falsecount="4"/>
        <line num="1157" count="0" type="stmt"/>
        <line num="1159" count="0" type="stmt"/>
        <line num="1160" count="0" type="stmt"/>
        <line num="1161" count="0" type="stmt"/>
        <line num="1162" count="0" type="stmt"/>
        <line num="1164" count="0" type="stmt"/>
        <line num="1165" count="0" type="stmt"/>
        <line num="1167" count="0" type="cond" truecount="0" falsecount="2"/>
        <line num="1168" count="0" type="stmt"/>
        <line num="1174" count="0" type="stmt"/>
        <line num="1176" count="0" type="cond" truecount="0" falsecount="2"/>
        <line num="1180" count="0" type="stmt"/>
        <line num="1182" count="0" type="stmt"/>
        <line num="1183" count="0" type="stmt"/>
        <line num="1184" count="0" type="stmt"/>
        <line num="1185" count="0" type="stmt"/>
        <line num="1187" count="0" type="stmt"/>
        <line num="1193" count="0" type="stmt"/>
        <line num="1195" count="0" type="cond" truecount="0" falsecount="3"/>
        <line num="1200" count="0" type="stmt"/>
        <line num="1203" count="0" type="stmt"/>
        <line num="1204" count="0" type="stmt"/>
        <line num="1210" count="0" type="stmt"/>
        <line num="1212" count="0" type="stmt"/>
        <line num="1215" count="0" type="stmt"/>
        <line num="1216" count="0" type="stmt"/>
        <line num="1221" count="0" type="stmt"/>
        <line num="1223" count="0" type="stmt"/>
        <line num="1226" count="0" type="stmt"/>
        <line num="1227" count="0" type="stmt"/>
        <line num="1229" count="0" type="stmt"/>
        <line num="1236" count="0" type="stmt"/>
        <line num="1238" count="0" type="stmt"/>
        <line num="1241" count="0" type="stmt"/>
        <line num="1242" count="0" type="stmt"/>
        <line num="1243" count="0" type="stmt"/>
        <line num="1245" count="0" type="stmt"/>
        <line num="1251" count="0" type="stmt"/>
        <line num="1253" count="0" type="cond" truecount="0" falsecount="2"/>
        <line num="1257" count="0" type="stmt"/>
        <line num="1258" count="0" type="stmt"/>
        <line num="1259" count="0" type="stmt"/>
        <line num="1260" count="0" type="stmt"/>
        <line num="1261" count="0" type="stmt"/>
        <line num="1263" count="0" type="stmt"/>
        <line num="1271" count="0" type="stmt"/>
        <line num="1307" count="0" type="stmt"/>
        <line num="1308" count="0" type="stmt"/>
        <line num="1313" count="0" type="stmt"/>
        <line num="1314" count="0" type="stmt"/>
        <line num="1317" count="0" type="stmt"/>
        <line num="1318" count="0" type="stmt"/>
        <line num="1319" count="0" type="stmt"/>
        <line num="1320" count="0" type="stmt"/>
        <line num="1321" count="0" type="stmt"/>
        <line num="1323" count="0" type="stmt"/>
        <line num="1324" count="0" type="stmt"/>
        <line num="1327" count="0" type="stmt"/>
        <line num="1328" count="0" type="stmt"/>
        <line num="1329" count="0" type="stmt"/>
        <line num="1330" count="0" type="stmt"/>
        <line num="1333" count="0" type="stmt"/>
        <line num="1334" count="0" type="stmt"/>
        <line num="1335" count="0" type="cond" truecount="0" falsecount="2"/>
        <line num="1337" count="0" type="stmt"/>
        <line num="1340" count="0" type="stmt"/>
        <line num="1341" count="0" type="stmt"/>
        <line num="1342" count="0" type="stmt"/>
        <line num="1343" count="0" type="cond" truecount="0" falsecount="2"/>
        <line num="1344" count="0" type="cond" truecount="0" falsecount="2"/>
        <line num="1345" count="0" type="stmt"/>
        <line num="1347" count="0" type="stmt"/>
        <line num="1348" count="0" type="stmt"/>
        <line num="1349" count="0" type="cond" truecount="0" falsecount="2"/>
        <line num="1350" count="0" type="stmt"/>
        <line num="1352" count="0" type="cond" truecount="0" falsecount="2"/>
        <line num="1353" count="0" type="stmt"/>
        <line num="1355" count="0" type="cond" truecount="0" falsecount="2"/>
        <line num="1356" count="0" type="stmt"/>
        <line num="1358" count="0" type="stmt"/>
        <line num="1359" count="0" type="cond" truecount="0" falsecount="2"/>
        <line num="1360" count="0" type="stmt"/>
        <line num="1361" count="0" type="cond" truecount="0" falsecount="2"/>
        <line num="1362" count="0" type="stmt"/>
        <line num="1364" count="0" type="stmt"/>
        <line num="1365" count="0" type="stmt"/>
        <line num="1366" count="0" type="stmt"/>
        <line num="1367" count="0" type="cond" truecount="0" falsecount="2"/>
        <line num="1368" count="0" type="stmt"/>
        <line num="1371" count="0" type="stmt"/>
        <line num="1373" count="0" type="cond" truecount="0" falsecount="2"/>
        <line num="1374" count="0" type="cond" truecount="0" falsecount="2"/>
        <line num="1375" count="0" type="stmt"/>
        <line num="1377" count="0" type="stmt"/>
        <line num="1378" count="0" type="stmt"/>
        <line num="1380" count="0" type="cond" truecount="0" falsecount="2"/>
        <line num="1381" count="0" type="stmt"/>
        <line num="1383" count="0" type="cond" truecount="0" falsecount="2"/>
        <line num="1384" count="0" type="stmt"/>
        <line num="1386" count="0" type="cond" truecount="0" falsecount="2"/>
        <line num="1387" count="0" type="stmt"/>
        <line num="1389" count="0" type="stmt"/>
        <line num="1390" count="0" type="cond" truecount="0" falsecount="2"/>
        <line num="1391" count="0" type="stmt"/>
        <line num="1393" count="0" type="stmt"/>
        <line num="1394" count="0" type="stmt"/>
        <line num="1395" count="0" type="stmt"/>
        <line num="1396" count="0" type="stmt"/>
        <line num="1399" count="0" type="stmt"/>
        <line num="1400" count="0" type="cond" truecount="0" falsecount="5"/>
        <line num="1401" count="0" type="stmt"/>
        <line num="1402" count="0" type="cond" truecount="0" falsecount="4"/>
        <line num="1403" count="0" type="stmt"/>
        <line num="1404" count="0" type="cond" truecount="0" falsecount="6"/>
        <line num="1405" count="0" type="stmt"/>
        <line num="1406" count="0" type="cond" truecount="0" falsecount="6"/>
        <line num="1407" count="0" type="stmt"/>
        <line num="1408" count="0" type="cond" truecount="0" falsecount="5"/>
        <line num="1409" count="0" type="stmt"/>
        <line num="1410" count="0" type="cond" truecount="0" falsecount="6"/>
        <line num="1411" count="0" type="stmt"/>
        <line num="1413" count="0" type="stmt"/>
        <line num="1415" count="0" type="stmt"/>
        <line num="1417" count="0" type="stmt"/>
        <line num="1418" count="0" type="stmt"/>
        <line num="1419" count="0" type="cond" truecount="0" falsecount="2"/>
        <line num="1420" count="0" type="stmt"/>
        <line num="1422" count="0" type="stmt"/>
        <line num="1425" count="0" type="stmt"/>
        <line num="1427" count="0" type="cond" truecount="0" falsecount="4"/>
        <line num="1428" count="0" type="stmt"/>
        <line num="1434" count="0" type="stmt"/>
        <line num="1435" count="0" type="cond" truecount="0" falsecount="4"/>
        <line num="1436" count="0" type="stmt"/>
        <line num="1441" count="0" type="stmt"/>
        <line num="1442" count="0" type="cond" truecount="0" falsecount="4"/>
        <line num="1443" count="0" type="stmt"/>
        <line num="1448" count="0" type="stmt"/>
        <line num="1449" count="0" type="cond" truecount="0" falsecount="4"/>
        <line num="1450" count="0" type="stmt"/>
        <line num="1455" count="0" type="stmt"/>
        <line num="1456" count="0" type="cond" truecount="0" falsecount="4"/>
        <line num="1457" count="0" type="stmt"/>
        <line num="1462" count="0" type="stmt"/>
        <line num="1464" count="0" type="stmt"/>
        <line num="1468" count="0" type="stmt"/>
        <line num="1469" count="0" type="stmt"/>
        <line num="1470" count="0" type="cond" truecount="0" falsecount="4"/>
        <line num="1471" count="0" type="stmt"/>
        <line num="1472" count="0" type="stmt"/>
        <line num="1473" count="0" type="stmt"/>
        <line num="1474" count="0" type="cond" truecount="0" falsecount="2"/>
        <line num="1475" count="0" type="stmt"/>
        <line num="1476" count="0" type="stmt"/>
        <line num="1477" count="0" type="stmt"/>
        <line num="1479" count="0" type="stmt"/>
        <line num="1481" count="0" type="stmt"/>
        <line num="1482" count="0" type="cond" truecount="0" falsecount="2"/>
        <line num="1483" count="0" type="stmt"/>
        <line num="1485" count="0" type="stmt"/>
        <line num="1486" count="0" type="stmt"/>
        <line num="1489" count="0" type="stmt"/>
        <line num="1492" count="0" type="stmt"/>
        <line num="1493" count="0" type="stmt"/>
        <line num="1494" count="0" type="cond" truecount="0" falsecount="2"/>
        <line num="1495" count="0" type="stmt"/>
        <line num="1496" count="0" type="stmt"/>
        <line num="1497" count="0" type="stmt"/>
        <line num="1498" count="0" type="stmt"/>
        <line num="1499" count="0" type="cond" truecount="0" falsecount="2"/>
        <line num="1500" count="0" type="stmt"/>
        <line num="1502" count="0" type="stmt"/>
        <line num="1503" count="0" type="stmt"/>
        <line num="1505" count="0" type="stmt"/>
        <line num="1506" count="0" type="stmt"/>
        <line num="1509" count="0" type="stmt"/>
        <line num="1510" count="0" type="cond" truecount="0" falsecount="7"/>
        <line num="1511" count="0" type="stmt"/>
        <line num="1513" count="0" type="stmt"/>
        <line num="1514" count="0" type="stmt"/>
        <line num="1515" count="0" type="stmt"/>
        <line num="1516" count="0" type="stmt"/>
        <line num="1517" count="0" type="stmt"/>
        <line num="1518" count="0" type="stmt"/>
        <line num="1519" count="0" type="stmt"/>
        <line num="1520" count="0" type="stmt"/>
        <line num="1521" count="0" type="stmt"/>
        <line num="1522" count="0" type="stmt"/>
        <line num="1523" count="0" type="cond" truecount="0" falsecount="2"/>
        <line num="1524" count="0" type="stmt"/>
        <line num="1527" count="0" type="stmt"/>
        <line num="1528" count="0" type="stmt"/>
        <line num="1529" count="0" type="cond" truecount="0" falsecount="2"/>
        <line num="1530" count="0" type="stmt"/>
        <line num="1531" count="0" type="cond" truecount="0" falsecount="2"/>
        <line num="1532" count="0" type="stmt"/>
        <line num="1537" count="0" type="stmt"/>
        <line num="1538" count="0" type="stmt"/>
        <line num="1539" count="0" type="stmt"/>
        <line num="1540" count="0" type="cond" truecount="0" falsecount="2"/>
        <line num="1541" count="0" type="stmt"/>
        <line num="1542" count="0" type="stmt"/>
        <line num="1544" count="0" type="stmt"/>
        <line num="1545" count="0" type="stmt"/>
        <line num="1546" count="0" type="stmt"/>
        <line num="1547" count="0" type="cond" truecount="0" falsecount="2"/>
        <line num="1548" count="0" type="stmt"/>
        <line num="1549" count="0" type="stmt"/>
        <line num="1552" count="0" type="stmt"/>
        <line num="1553" count="0" type="stmt"/>
        <line num="1554" count="0" type="stmt"/>
        <line num="1555" count="0" type="stmt"/>
        <line num="1556" count="0" type="cond" truecount="0" falsecount="2"/>
        <line num="1557" count="0" type="stmt"/>
        <line num="1558" count="0" type="stmt"/>
        <line num="1561" count="0" type="stmt"/>
        <line num="1562" count="0" type="stmt"/>
        <line num="1564" count="0" type="cond" truecount="0" falsecount="2"/>
        <line num="1565" count="0" type="stmt"/>
        <line num="1567" count="0" type="stmt"/>
        <line num="1569" count="0" type="cond" truecount="0" falsecount="2"/>
        <line num="1570" count="0" type="stmt"/>
        <line num="1571" count="0" type="stmt"/>
        <line num="1572" count="0" type="stmt"/>
        <line num="1573" count="0" type="cond" truecount="0" falsecount="2"/>
        <line num="1574" count="0" type="stmt"/>
        <line num="1578" count="0" type="cond" truecount="0" falsecount="2"/>
        <line num="1579" count="0" type="stmt"/>
        <line num="1580" count="0" type="stmt"/>
        <line num="1581" count="0" type="stmt"/>
        <line num="1582" count="0" type="cond" truecount="0" falsecount="4"/>
        <line num="1583" count="0" type="stmt"/>
        <line num="1587" count="0" type="stmt"/>
        <line num="1588" count="0" type="stmt"/>
        <line num="1589" count="0" type="stmt"/>
        <line num="1591" count="0" type="cond" truecount="0" falsecount="2"/>
        <line num="1592" count="0" type="cond" truecount="0" falsecount="2"/>
        <line num="1593" count="0" type="stmt"/>
        <line num="1595" count="0" type="stmt"/>
        <line num="1598" count="0" type="cond" truecount="0" falsecount="2"/>
        <line num="1599" count="0" type="cond" truecount="0" falsecount="2"/>
        <line num="1600" count="0" type="stmt"/>
        <line num="1602" count="0" type="stmt"/>
        <line num="1608" count="0" type="stmt"/>
        <line num="1609" count="0" type="stmt"/>
        <line num="1610" count="0" type="cond" truecount="0" falsecount="2"/>
        <line num="1612" count="0" type="cond" truecount="0" falsecount="2"/>
        <line num="1613" count="0" type="stmt"/>
        <line num="1615" count="0" type="stmt"/>
        <line num="1617" count="0" type="stmt"/>
        <line num="1618" count="0" type="stmt"/>
        <line num="1620" count="0" type="stmt"/>
        <line num="1621" count="0" type="stmt"/>
        <line num="1622" count="0" type="stmt"/>
        <line num="1624" count="0" type="cond" truecount="0" falsecount="2"/>
        <line num="1626" count="0" type="cond" truecount="0" falsecount="2"/>
        <line num="1627" count="0" type="stmt"/>
        <line num="1629" count="0" type="stmt"/>
        <line num="1631" count="0" type="stmt"/>
        <line num="1632" count="0" type="stmt"/>
        <line num="1634" count="0" type="stmt"/>
        <line num="1635" count="0" type="stmt"/>
        <line num="1636" count="0" type="stmt"/>
        <line num="1640" count="0" type="stmt"/>
        <line num="1641" count="0" type="stmt"/>
        <line num="1642" count="0" type="stmt"/>
        <line num="1643" count="0" type="cond" truecount="0" falsecount="2"/>
        <line num="1644" count="0" type="stmt"/>
        <line num="1646" count="0" type="cond" truecount="0" falsecount="2"/>
        <line num="1647" count="0" type="stmt"/>
        <line num="1649" count="0" type="cond" truecount="0" falsecount="2"/>
        <line num="1650" count="0" type="stmt"/>
        <line num="1652" count="0" type="cond" truecount="0" falsecount="2"/>
        <line num="1653" count="0" type="stmt"/>
        <line num="1655" count="0" type="cond" truecount="0" falsecount="4"/>
        <line num="1656" count="0" type="stmt"/>
        <line num="1657" count="0" type="stmt"/>
        <line num="1658" count="0" type="stmt"/>
        <line num="1659" count="0" type="cond" truecount="0" falsecount="2"/>
        <line num="1660" count="0" type="stmt"/>
        <line num="1661" count="0" type="stmt"/>
        <line num="1662" count="0" type="stmt"/>
        <line num="1663" count="0" type="cond" truecount="0" falsecount="2"/>
        <line num="1664" count="0" type="stmt"/>
        <line num="1665" count="0" type="stmt"/>
        <line num="1667" count="0" type="stmt"/>
        <line num="1668" count="0" type="stmt"/>
        <line num="1672" count="0" type="stmt"/>
        <line num="1673" count="0" type="stmt"/>
        <line num="1674" count="0" type="cond" truecount="0" falsecount="2"/>
        <line num="1675" count="0" type="stmt"/>
        <line num="1676" count="0" type="stmt"/>
        <line num="1677" count="0" type="stmt"/>
        <line num="1678" count="0" type="stmt"/>
        <line num="1679" count="0" type="stmt"/>
        <line num="1680" count="0" type="stmt"/>
        <line num="1681" count="0" type="stmt"/>
        <line num="1682" count="0" type="stmt"/>
        <line num="1683" count="0" type="stmt"/>
        <line num="1684" count="0" type="stmt"/>
        <line num="1686" count="0" type="stmt"/>
        <line num="1687" count="0" type="stmt"/>
        <line num="1688" count="0" type="stmt"/>
        <line num="1689" count="0" type="stmt"/>
        <line num="1690" count="0" type="stmt"/>
        <line num="1691" count="0" type="stmt"/>
        <line num="1692" count="0" type="stmt"/>
        <line num="1693" count="0" type="stmt"/>
        <line num="1694" count="0" type="stmt"/>
        <line num="1695" count="0" type="stmt"/>
        <line num="1698" count="0" type="stmt"/>
        <line num="1699" count="0" type="stmt"/>
        <line num="1700" count="0" type="cond" truecount="0" falsecount="2"/>
        <line num="1701" count="0" type="stmt"/>
        <line num="1702" count="0" type="stmt"/>
        <line num="1703" count="0" type="stmt"/>
        <line num="1704" count="0" type="stmt"/>
        <line num="1705" count="0" type="stmt"/>
        <line num="1706" count="0" type="stmt"/>
        <line num="1707" count="0" type="stmt"/>
        <line num="1708" count="0" type="stmt"/>
        <line num="1709" count="0" type="stmt"/>
        <line num="1710" count="0" type="stmt"/>
        <line num="1712" count="0" type="stmt"/>
        <line num="1713" count="0" type="stmt"/>
        <line num="1714" count="0" type="stmt"/>
        <line num="1715" count="0" type="stmt"/>
        <line num="1716" count="0" type="stmt"/>
        <line num="1717" count="0" type="stmt"/>
        <line num="1718" count="0" type="stmt"/>
        <line num="1719" count="0" type="stmt"/>
        <line num="1720" count="0" type="stmt"/>
        <line num="1721" count="0" type="stmt"/>
        <line num="1726" count="0" type="stmt"/>
        <line num="1727" count="0" type="stmt"/>
        <line num="1728" count="0" type="stmt"/>
        <line num="1729" count="0" type="stmt"/>
        <line num="1730" count="0" type="stmt"/>
        <line num="1733" count="0" type="cond" truecount="0" falsecount="2"/>
        <line num="1734" count="0" type="stmt"/>
        <line num="1736" count="0" type="stmt"/>
        <line num="1738" count="0" type="cond" truecount="0" falsecount="2"/>
        <line num="1739" count="0" type="stmt"/>
        <line num="1741" count="0" type="stmt"/>
        <line num="1744" count="0" type="stmt"/>
        <line num="1756" count="0" type="stmt"/>
        <line num="1757" count="0" type="stmt"/>
        <line num="1758" count="0" type="stmt"/>
        <line num="1761" count="0" type="stmt"/>
        <line num="1762" count="0" type="stmt"/>
        <line num="1763" count="0" type="stmt"/>
        <line num="1764" count="0" type="stmt"/>
        <line num="1765" count="0" type="stmt"/>
        <line num="1766" count="0" type="stmt"/>
        <line num="1767" count="0" type="stmt"/>
        <line num="1768" count="0" type="stmt"/>
        <line num="1769" count="0" type="stmt"/>
        <line num="1770" count="0" type="stmt"/>
        <line num="1771" count="0" type="stmt"/>
        <line num="1773" count="0" type="stmt"/>
        <line num="1777" count="0" type="stmt"/>
        <line num="1778" count="0" type="stmt"/>
        <line num="1779" count="0" type="stmt"/>
        <line num="1780" count="0" type="stmt"/>
        <line num="1781" count="0" type="stmt"/>
        <line num="1783" count="0" type="cond" truecount="0" falsecount="2"/>
        <line num="1784" count="0" type="stmt"/>
        <line num="1785" count="0" type="stmt"/>
        <line num="1786" count="0" type="stmt"/>
        <line num="1787" count="0" type="cond" truecount="0" falsecount="4"/>
        <line num="1788" count="0" type="stmt"/>
        <line num="1789" count="0" type="stmt"/>
        <line num="1790" count="0" type="stmt"/>
        <line num="1791" count="0" type="cond" truecount="0" falsecount="4"/>
        <line num="1792" count="0" type="stmt"/>
        <line num="1793" count="0" type="stmt"/>
        <line num="1794" count="0" type="stmt"/>
        <line num="1795" count="0" type="cond" truecount="0" falsecount="4"/>
        <line num="1796" count="0" type="stmt"/>
        <line num="1797" count="0" type="stmt"/>
        <line num="1798" count="0" type="stmt"/>
        <line num="1799" count="0" type="cond" truecount="0" falsecount="4"/>
        <line num="1800" count="0" type="stmt"/>
        <line num="1801" count="0" type="stmt"/>
        <line num="1802" count="0" type="stmt"/>
        <line num="1803" count="0" type="cond" truecount="0" falsecount="4"/>
        <line num="1804" count="0" type="stmt"/>
        <line num="1805" count="0" type="stmt"/>
        <line num="1806" count="0" type="stmt"/>
        <line num="1807" count="0" type="cond" truecount="0" falsecount="4"/>
        <line num="1808" count="0" type="stmt"/>
        <line num="1809" count="0" type="stmt"/>
        <line num="1810" count="0" type="stmt"/>
        <line num="1811" count="0" type="cond" truecount="0" falsecount="4"/>
        <line num="1812" count="0" type="stmt"/>
        <line num="1813" count="0" type="stmt"/>
        <line num="1814" count="0" type="stmt"/>
        <line num="1815" count="0" type="cond" truecount="0" falsecount="4"/>
        <line num="1816" count="0" type="stmt"/>
        <line num="1817" count="0" type="stmt"/>
        <line num="1818" count="0" type="stmt"/>
        <line num="1819" count="0" type="cond" truecount="0" falsecount="4"/>
        <line num="1820" count="0" type="stmt"/>
        <line num="1821" count="0" type="stmt"/>
        <line num="1822" count="0" type="stmt"/>
        <line num="1823" count="0" type="cond" truecount="0" falsecount="4"/>
        <line num="1824" count="0" type="stmt"/>
        <line num="1825" count="0" type="stmt"/>
        <line num="1826" count="0" type="stmt"/>
        <line num="1827" count="0" type="cond" truecount="0" falsecount="4"/>
        <line num="1828" count="0" type="stmt"/>
        <line num="1829" count="0" type="stmt"/>
        <line num="1830" count="0" type="stmt"/>
        <line num="1831" count="0" type="cond" truecount="0" falsecount="4"/>
        <line num="1832" count="0" type="stmt"/>
        <line num="1833" count="0" type="stmt"/>
        <line num="1834" count="0" type="stmt"/>
        <line num="1835" count="0" type="cond" truecount="0" falsecount="4"/>
        <line num="1836" count="0" type="stmt"/>
        <line num="1837" count="0" type="stmt"/>
        <line num="1838" count="0" type="stmt"/>
        <line num="1839" count="0" type="cond" truecount="0" falsecount="4"/>
        <line num="1840" count="0" type="stmt"/>
        <line num="1841" count="0" type="stmt"/>
        <line num="1842" count="0" type="stmt"/>
        <line num="1843" count="0" type="cond" truecount="0" falsecount="4"/>
        <line num="1844" count="0" type="stmt"/>
        <line num="1845" count="0" type="stmt"/>
        <line num="1846" count="0" type="stmt"/>
        <line num="1847" count="0" type="cond" truecount="0" falsecount="4"/>
        <line num="1848" count="0" type="stmt"/>
        <line num="1849" count="0" type="stmt"/>
        <line num="1850" count="0" type="stmt"/>
        <line num="1851" count="0" type="cond" truecount="0" falsecount="4"/>
        <line num="1852" count="0" type="stmt"/>
        <line num="1853" count="0" type="stmt"/>
        <line num="1854" count="0" type="stmt"/>
        <line num="1855" count="0" type="cond" truecount="0" falsecount="4"/>
        <line num="1856" count="0" type="stmt"/>
        <line num="1857" count="0" type="stmt"/>
        <line num="1858" count="0" type="stmt"/>
        <line num="1859" count="0" type="cond" truecount="0" falsecount="2"/>
        <line num="1860" count="0" type="stmt"/>
        <line num="1861" count="0" type="stmt"/>
        <line num="1862" count="0" type="stmt"/>
        <line num="1864" count="0" type="stmt"/>
        <line num="1866" count="0" type="cond" truecount="0" falsecount="2"/>
        <line num="1867" count="0" type="stmt"/>
        <line num="1869" count="0" type="stmt"/>
        <line num="1871" count="0" type="stmt"/>
        <line num="1872" count="0" type="stmt"/>
        <line num="1873" count="0" type="stmt"/>
        <line num="1874" count="0" type="stmt"/>
        <line num="1879" count="0" type="stmt"/>
        <line num="1880" count="0" type="stmt"/>
        <line num="1884" count="0" type="stmt"/>
        <line num="1885" count="0" type="stmt"/>
        <line num="1889" count="0" type="stmt"/>
        <line num="1890" count="0" type="stmt"/>
        <line num="1891" count="0" type="stmt"/>
        <line num="1892" count="0" type="stmt"/>
        <line num="1895" count="0" type="stmt"/>
        <line num="1907" count="0" type="stmt"/>
        <line num="1908" count="0" type="stmt"/>
        <line num="1912" count="0" type="stmt"/>
        <line num="1913" count="0" type="stmt"/>
        <line num="1914" count="0" type="stmt"/>
        <line num="1915" count="0" type="stmt"/>
        <line num="1917" count="0" type="stmt"/>
        <line num="1918" count="0" type="cond" truecount="0" falsecount="2"/>
        <line num="1919" count="0" type="stmt"/>
        <line num="1923" count="0" type="stmt"/>
        <line num="1924" count="0" type="cond" truecount="0" falsecount="2"/>
        <line num="1925" count="0" type="stmt"/>
        <line num="1928" count="0" type="stmt"/>
        <line num="1929" count="0" type="stmt"/>
        <line num="1930" count="0" type="stmt"/>
        <line num="1931" count="0" type="stmt"/>
        <line num="1934" count="0" type="stmt"/>
        <line num="1935" count="0" type="cond" truecount="0" falsecount="2"/>
        <line num="1936" count="0" type="stmt"/>
        <line num="1939" count="0" type="stmt"/>
        <line num="1940" count="0" type="cond" truecount="0" falsecount="2"/>
        <line num="1941" count="0" type="stmt"/>
        <line num="1944" count="0" type="stmt"/>
        <line num="1945" count="0" type="stmt"/>
        <line num="1946" count="0" type="stmt"/>
        <line num="1947" count="0" type="stmt"/>
        <line num="1948" count="0" type="stmt"/>
        <line num="1960" count="0" type="stmt"/>
        <line num="1961" count="0" type="stmt"/>
        <line num="1962" count="0" type="stmt"/>
        <line num="1963" count="0" type="stmt"/>
        <line num="1964" count="0" type="stmt"/>
        <line num="1965" count="0" type="stmt"/>
        <line num="1969" count="0" type="cond" truecount="0" falsecount="2"/>
        <line num="1970" count="0" type="stmt"/>
        <line num="1974" count="0" type="stmt"/>
      </file>
      <file name="util.js" path="C:\Users\wrongholt\Documents\powers\lambda\util.js">
        <metrics statements="7" coveredstatements="0" conditionals="0" coveredconditionals="0" methods="1" coveredmethods="0"/>
        <line num="1" count="0" type="stmt"/>
        <line num="3" count="0" type="stmt"/>
        <line num="7" count="0" type="stmt"/>
        <line num="9" count="0" type="stmt"/>
        <line num="10" count="0" type="stmt"/>
        <line num="15" count="0" type="stmt"/>
        <line num="16" count="0" type="stmt"/>
      </file>
      <file name="variables.js" path="C:\Users\wrongholt\Documents\powers\lambda\variables.js">
        <metrics statements="1" coveredstatements="0" conditionals="0" coveredconditionals="0" methods="0" coveredmethods="0"/>
        <line num="1" count="0" type="stmt"/>
      </file>
    </package>
    <package name="lambda.documents">
      <metrics statements="5" coveredstatements="0" conditionals="0" coveredconditionals="0" methods="1" coveredmethods="0"/>
      <file name="listData.js" path="C:\Users\wrongholt\Documents\powers\lambda\documents\listData.js">
        <metrics statements="5" coveredstatements="0" conditionals="0" coveredconditionals="0" methods="1" coveredmethods="0"/>
        <line num="3" count="0" type="stmt"/>
        <line num="4" count="0" type="stmt"/>
        <line num="5" count="0" type="stmt"/>
        <line num="7" count="0" type="stmt"/>
        <line num="558" count="0" type="stmt"/>
      </file>
    </package>
  </project>
</coverage>
