{"C:\\Users\\wrongholt\\Documents\\powers\\lambda\\helpers.js": {"path":"C:\\Users\\wrongholt\\Documents\\powers\\lambda\\helpers.js","statementMap":{"0":{"start":{"line":2,"column":18},"end":{"line":2,"column":40}},"1":{"start":{"line":3,"column":14},"end":{"line":3,"column":30}},"2":{"start":{"line":4,"column":11},"end":{"line":4,"column":24}},"3":{"start":{"line":5,"column":8},"end":{"line":5,"column":25}},"4":{"start":{"line":7,"column":0},"end":{"line":12,"column":2}},"5":{"start":{"line":8,"column":16},"end":{"line":8,"column":64}},"6":{"start":{"line":10,"column":2},"end":{"line":10,"column":17}},"7":{"start":{"line":13,"column":1},"end":{"line":19,"column":2}},"8":{"start":{"line":15,"column":1},"end":{"line":18,"column":12}},"9":{"start":{"line":17,"column":13},"end":{"line":17,"column":55}},"10":{"start":{"line":21,"column":0},"end":{"line":47,"column":2}},"11":{"start":{"line":22,"column":16},"end":{"line":27,"column":3}},"12":{"start":{"line":28,"column":2},"end":{"line":46,"column":6}},"13":{"start":{"line":29,"column":20},"end":{"line":44,"column":6}},"14":{"start":{"line":30,"column":6},"end":{"line":30,"column":35}},"15":{"start":{"line":31,"column":23},"end":{"line":31,"column":25}},"16":{"start":{"line":32,"column":6},"end":{"line":34,"column":7}},"17":{"start":{"line":33,"column":8},"end":{"line":33,"column":115}},"18":{"start":{"line":35,"column":6},"end":{"line":37,"column":9}},"19":{"start":{"line":36,"column":8},"end":{"line":36,"column":28}},"20":{"start":{"line":38,"column":6},"end":{"line":40,"column":9}},"21":{"start":{"line":39,"column":8},"end":{"line":39,"column":40}},"22":{"start":{"line":41,"column":6},"end":{"line":43,"column":9}},"23":{"start":{"line":42,"column":8},"end":{"line":42,"column":22}},"24":{"start":{"line":45,"column":4},"end":{"line":45,"column":18}},"25":{"start":{"line":49,"column":0},"end":{"line":51,"column":2}},"26":{"start":{"line":50,"column":2},"end":{"line":50,"column":100}},"27":{"start":{"line":53,"column":0},"end":{"line":59,"column":2}},"28":{"start":{"line":54,"column":2},"end":{"line":57,"column":114}},"29":{"start":{"line":57,"column":102},"end":{"line":57,"column":114}},"30":{"start":{"line":58,"column":2},"end":{"line":58,"column":15}},"31":{"start":{"line":61,"column":0},"end":{"line":65,"column":2}},"32":{"start":{"line":62,"column":22},"end":{"line":62,"column":38}},"33":{"start":{"line":63,"column":16},"end":{"line":63,"column":39}},"34":{"start":{"line":64,"column":2},"end":{"line":64,"column":17}}},"fnMap":{"0":{"name":"(anonymous_0)","decl":{"start":{"line":7,"column":38},"end":{"line":7,"column":39}},"loc":{"start":{"line":7,"column":48},"end":{"line":12,"column":1}},"line":7},"1":{"name":"(anonymous_1)","decl":{"start":{"line":13,"column":28},"end":{"line":13,"column":29}},"loc":{"start":{"line":14,"column":0},"end":{"line":19,"column":1}},"line":14},"2":{"name":"(anonymous_2)","decl":{"start":{"line":17,"column":6},"end":{"line":17,"column":7}},"loc":{"start":{"line":17,"column":13},"end":{"line":17,"column":55}},"line":17},"3":{"name":"(anonymous_3)","decl":{"start":{"line":21,"column":18},"end":{"line":21,"column":19}},"loc":{"start":{"line":21,"column":49},"end":{"line":47,"column":1}},"line":21},"4":{"name":"(anonymous_4)","decl":{"start":{"line":28,"column":22},"end":{"line":28,"column":23}},"loc":{"start":{"line":28,"column":43},"end":{"line":46,"column":3}},"line":28},"5":{"name":"(anonymous_5)","decl":{"start":{"line":29,"column":43},"end":{"line":29,"column":44}},"loc":{"start":{"line":29,"column":57},"end":{"line":44,"column":5}},"line":29},"6":{"name":"(anonymous_6)","decl":{"start":{"line":35,"column":26},"end":{"line":35,"column":27}},"loc":{"start":{"line":35,"column":37},"end":{"line":37,"column":7}},"line":35},"7":{"name":"(anonymous_7)","decl":{"start":{"line":38,"column":25},"end":{"line":38,"column":26}},"loc":{"start":{"line":38,"column":31},"end":{"line":40,"column":7}},"line":38},"8":{"name":"(anonymous_8)","decl":{"start":{"line":41,"column":27},"end":{"line":41,"column":28}},"loc":{"start":{"line":41,"column":38},"end":{"line":43,"column":7}},"line":41},"9":{"name":"(anonymous_9)","decl":{"start":{"line":49,"column":22},"end":{"line":49,"column":23}},"loc":{"start":{"line":49,"column":32},"end":{"line":51,"column":1}},"line":49},"10":{"name":"(anonymous_10)","decl":{"start":{"line":53,"column":22},"end":{"line":53,"column":23}},"loc":{"start":{"line":53,"column":40},"end":{"line":59,"column":1}},"line":53},"11":{"name":"(anonymous_11)","decl":{"start":{"line":61,"column":26},"end":{"line":61,"column":27}},"loc":{"start":{"line":61,"column":43},"end":{"line":65,"column":1}},"line":61}},"branchMap":{"0":{"loc":{"start":{"line":32,"column":6},"end":{"line":34,"column":7}},"type":"if","locations":[{"start":{"line":32,"column":6},"end":{"line":34,"column":7}},{"start":{"line":32,"column":6},"end":{"line":34,"column":7}}],"line":32},"1":{"loc":{"start":{"line":32,"column":10},"end":{"line":32,"column":65}},"type":"binary-expr","locations":[{"start":{"line":32,"column":10},"end":{"line":32,"column":35}},{"start":{"line":32,"column":39},"end":{"line":32,"column":65}}],"line":32},"2":{"loc":{"start":{"line":54,"column":2},"end":{"line":57,"column":114}},"type":"if","locations":[{"start":{"line":54,"column":2},"end":{"line":57,"column":114}},{"start":{"line":54,"column":2},"end":{"line":57,"column":114}}],"line":54},"3":{"loc":{"start":{"line":54,"column":6},"end":{"line":57,"column":100}},"type":"binary-expr","locations":[{"start":{"line":54,"column":6},"end":{"line":54,"column":49}},{"start":{"line":55,"column":4},"end":{"line":55,"column":54}},{"start":{"line":56,"column":4},"end":{"line":56,"column":74}},{"start":{"line":57,"column":4},"end":{"line":57,"column":100}}],"line":54}},"s":{"0":0,"1":0,"2":0,"3":0,"4":0,"5":0,"6":0,"7":0,"8":0,"9":0,"10":0,"11":0,"12":0,"13":0,"14":0,"15":0,"16":0,"17":0,"18":0,"19":0,"20":0,"21":0,"22":0,"23":0,"24":0,"25":0,"26":0,"27":0,"28":0,"29":0,"30":0,"31":0,"32":0,"33":0,"34":0},"f":{"0":0,"1":0,"2":0,"3":0,"4":0,"5":0,"6":0,"7":0,"8":0,"9":0,"10":0,"11":0},"b":{"0":[0,0],"1":[0,0],"2":[0,0],"3":[0,0,0,0]},"hash":"3b0e1e1e5be74339296f298b0694d168e4ecc257"}
,"C:\\Users\\wrongholt\\Documents\\powers\\lambda\\index.js": {"path":"C:\\Users\\wrongholt\\Documents\\powers\\lambda\\index.js","statementMap":{"0":{"start":{"line":2,"column":14},"end":{"line":2,"column":37}},"1":{"start":{"line":3,"column":16},"end":{"line":3,"column":37}},"2":{"start":{"line":4,"column":10},"end":{"line":4,"column":27}},"3":{"start":{"line":7,"column":4},"end":{"line":7,"column":51}},"4":{"start":{"line":8,"column":15},"end":{"line":8,"column":34}},"5":{"start":{"line":10,"column":16},"end":{"line":10,"column":48}},"6":{"start":{"line":11,"column":16},"end":{"line":11,"column":49}},"7":{"start":{"line":12,"column":17},"end":{"line":12,"column":56}},"8":{"start":{"line":13,"column":14},"end":{"line":13,"column":47}},"9":{"start":{"line":14,"column":18},"end":{"line":14,"column":55}},"10":{"start":{"line":15,"column":17},"end":{"line":15,"column":48}},"11":{"start":{"line":16,"column":17},"end":{"line":16,"column":53}},"12":{"start":{"line":17,"column":22},"end":{"line":17,"column":63}},"13":{"start":{"line":18,"column":20},"end":{"line":18,"column":59}},"14":{"start":{"line":19,"column":20},"end":{"line":19,"column":60}},"15":{"start":{"line":20,"column":16},"end":{"line":20,"column":36}},"16":{"start":{"line":21,"column":35},"end":{"line":23,"column":2}},"17":{"start":{"line":24,"column":18},"end":{"line":24,"column":40}},"18":{"start":{"line":29,"column":29},"end":{"line":125,"column":1}},"19":{"start":{"line":31,"column":4},"end":{"line":31,"column":82}},"20":{"start":{"line":34,"column":22},"end":{"line":34,"column":24}},"21":{"start":{"line":35,"column":18},"end":{"line":35,"column":37}},"22":{"start":{"line":36,"column":24},"end":{"line":36,"column":72}},"23":{"start":{"line":37,"column":27},"end":{"line":37,"column":48}},"24":{"start":{"line":38,"column":28},"end":{"line":38,"column":81}},"25":{"start":{"line":39,"column":4},"end":{"line":39,"column":71}},"26":{"start":{"line":40,"column":4},"end":{"line":40,"column":47}},"27":{"start":{"line":41,"column":21},"end":{"line":41,"column":54}},"28":{"start":{"line":43,"column":4},"end":{"line":43,"column":90}},"29":{"start":{"line":45,"column":4},"end":{"line":58,"column":5}},"30":{"start":{"line":46,"column":6},"end":{"line":46,"column":924}},"31":{"start":{"line":48,"column":6},"end":{"line":48,"column":29}},"32":{"start":{"line":49,"column":4},"end":{"line":49,"column":44}},"33":{"start":{"line":51,"column":20},"end":{"line":56,"column":7}},"34":{"start":{"line":57,"column":6},"end":{"line":57,"column":59}},"35":{"start":{"line":59,"column":4},"end":{"line":61,"column":5}},"36":{"start":{"line":60,"column":6},"end":{"line":60,"column":46}},"37":{"start":{"line":62,"column":4},"end":{"line":64,"column":5}},"38":{"start":{"line":63,"column":6},"end":{"line":63,"column":33}},"39":{"start":{"line":65,"column":4},"end":{"line":65,"column":58}},"40":{"start":{"line":66,"column":26},"end":{"line":66,"column":28}},"41":{"start":{"line":67,"column":3},"end":{"line":76,"column":5}},"42":{"start":{"line":67,"column":16},"end":{"line":67,"column":17}},"43":{"start":{"line":68,"column":6},"end":{"line":68,"column":60}},"44":{"start":{"line":70,"column":6},"end":{"line":74,"column":7}},"45":{"start":{"line":71,"column":8},"end":{"line":71,"column":68}},"46":{"start":{"line":72,"column":8},"end":{"line":72,"column":77}},"47":{"start":{"line":73,"column":8},"end":{"line":73,"column":75}},"48":{"start":{"line":75,"column":6},"end":{"line":75,"column":10}},"49":{"start":{"line":77,"column":4},"end":{"line":77,"column":56}},"50":{"start":{"line":78,"column":4},"end":{"line":91,"column":5}},"51":{"start":{"line":79,"column":19},"end":{"line":79,"column":132}},"52":{"start":{"line":80,"column":23},"end":{"line":80,"column":37}},"53":{"start":{"line":81,"column":6},"end":{"line":81,"column":57}},"54":{"start":{"line":82,"column":6},"end":{"line":82,"column":177}},"55":{"start":{"line":83,"column":10},"end":{"line":91,"column":5}},"56":{"start":{"line":84,"column":6},"end":{"line":84,"column":79}},"57":{"start":{"line":85,"column":11},"end":{"line":91,"column":5}},"58":{"start":{"line":86,"column":6},"end":{"line":86,"column":129}},"59":{"start":{"line":87,"column":11},"end":{"line":91,"column":5}},"60":{"start":{"line":88,"column":6},"end":{"line":88,"column":129}},"61":{"start":{"line":89,"column":11},"end":{"line":91,"column":5}},"62":{"start":{"line":90,"column":6},"end":{"line":90,"column":125}},"63":{"start":{"line":92,"column":21},"end":{"line":92,"column":62}},"64":{"start":{"line":93,"column":4},"end":{"line":93,"column":51}},"65":{"start":{"line":94,"column":4},"end":{"line":123,"column":5}},"66":{"start":{"line":95,"column":19},"end":{"line":95,"column":62}},"67":{"start":{"line":96,"column":17},"end":{"line":96,"column":60}},"68":{"start":{"line":97,"column":18},"end":{"line":97,"column":46}},"69":{"start":{"line":98,"column":6},"end":{"line":116,"column":23}},"70":{"start":{"line":118,"column":6},"end":{"line":122,"column":23}},"71":{"start":{"line":127,"column":26},"end":{"line":190,"column":1}},"72":{"start":{"line":129,"column":4},"end":{"line":130,"column":73}},"73":{"start":{"line":133,"column":15},"end":{"line":135,"column":32}},"74":{"start":{"line":136,"column":21},"end":{"line":136,"column":54}},"75":{"start":{"line":137,"column":28},"end":{"line":137,"column":81}},"76":{"start":{"line":138,"column":4},"end":{"line":138,"column":71}},"77":{"start":{"line":139,"column":4},"end":{"line":139,"column":51}},"78":{"start":{"line":140,"column":4},"end":{"line":188,"column":5}},"79":{"start":{"line":141,"column":6},"end":{"line":141,"column":67}},"80":{"start":{"line":143,"column":22},"end":{"line":143,"column":82}},"81":{"start":{"line":144,"column":24},"end":{"line":144,"column":86}},"82":{"start":{"line":145,"column":24},"end":{"line":145,"column":86}},"83":{"start":{"line":146,"column":26},"end":{"line":146,"column":92}},"84":{"start":{"line":147,"column":19},"end":{"line":147,"column":74}},"85":{"start":{"line":148,"column":20},"end":{"line":148,"column":51}},"86":{"start":{"line":150,"column":6},"end":{"line":166,"column":7}},"87":{"start":{"line":151,"column":8},"end":{"line":151,"column":29}},"88":{"start":{"line":152,"column":4},"end":{"line":152,"column":56}},"89":{"start":{"line":154,"column":13},"end":{"line":166,"column":7}},"90":{"start":{"line":155,"column":8},"end":{"line":155,"column":31}},"91":{"start":{"line":156,"column":4},"end":{"line":156,"column":53}},"92":{"start":{"line":158,"column":13},"end":{"line":166,"column":7}},"93":{"start":{"line":159,"column":8},"end":{"line":159,"column":31}},"94":{"start":{"line":160,"column":4},"end":{"line":160,"column":53}},"95":{"start":{"line":162,"column":13},"end":{"line":166,"column":7}},"96":{"start":{"line":163,"column":8},"end":{"line":163,"column":33}},"97":{"start":{"line":164,"column":4},"end":{"line":164,"column":57}},"98":{"start":{"line":167,"column":6},"end":{"line":167,"column":32}},"99":{"start":{"line":168,"column":6},"end":{"line":168,"column":52}},"100":{"start":{"line":170,"column":6},"end":{"line":183,"column":9}},"101":{"start":{"line":171,"column":8},"end":{"line":182,"column":11}},"102":{"start":{"line":177,"column":10},"end":{"line":180,"column":11}},"103":{"start":{"line":178,"column":12},"end":{"line":178,"column":31}},"104":{"start":{"line":179,"column":12},"end":{"line":179,"column":19}},"105":{"start":{"line":181,"column":10},"end":{"line":181,"column":26}},"106":{"start":{"line":184,"column":6},"end":{"line":184,"column":33}},"107":{"start":{"line":185,"column":6},"end":{"line":185,"column":45}},"108":{"start":{"line":186,"column":6},"end":{"line":186,"column":53}},"109":{"start":{"line":187,"column":5},"end":{"line":187,"column":60}},"110":{"start":{"line":192,"column":35},"end":{"line":271,"column":3}},"111":{"start":{"line":194,"column":4},"end":{"line":195,"column":82}},"112":{"start":{"line":198,"column":21},"end":{"line":198,"column":54}},"113":{"start":{"line":199,"column":28},"end":{"line":199,"column":81}},"114":{"start":{"line":200,"column":4},"end":{"line":200,"column":71}},"115":{"start":{"line":201,"column":4},"end":{"line":201,"column":60}},"116":{"start":{"line":202,"column":4},"end":{"line":202,"column":33}},"117":{"start":{"line":204,"column":21},"end":{"line":204,"column":55}},"118":{"start":{"line":205,"column":4},"end":{"line":207,"column":5}},"119":{"start":{"line":206,"column":6},"end":{"line":206,"column":44}},"120":{"start":{"line":208,"column":4},"end":{"line":210,"column":5}},"121":{"start":{"line":209,"column":6},"end":{"line":209,"column":46}},"122":{"start":{"line":211,"column":4},"end":{"line":211,"column":95}},"123":{"start":{"line":212,"column":4},"end":{"line":212,"column":96}},"124":{"start":{"line":213,"column":19},"end":{"line":213,"column":34}},"125":{"start":{"line":215,"column":4},"end":{"line":215,"column":51}},"126":{"start":{"line":216,"column":4},"end":{"line":221,"column":5}},"127":{"start":{"line":217,"column":6},"end":{"line":217,"column":42}},"128":{"start":{"line":218,"column":6},"end":{"line":218,"column":54}},"129":{"start":{"line":220,"column":6},"end":{"line":220,"column":54}},"130":{"start":{"line":222,"column":4},"end":{"line":222,"column":55}},"131":{"start":{"line":225,"column":24},"end":{"line":230,"column":7}},"132":{"start":{"line":231,"column":6},"end":{"line":233,"column":7}},"133":{"start":{"line":232,"column":8},"end":{"line":232,"column":57}},"134":{"start":{"line":234,"column":8},"end":{"line":234,"column":51}},"135":{"start":{"line":235,"column":8},"end":{"line":235,"column":24}},"136":{"start":{"line":237,"column":8},"end":{"line":237,"column":56}},"137":{"start":{"line":239,"column":6},"end":{"line":239,"column":52}},"138":{"start":{"line":241,"column":21},"end":{"line":241,"column":62}},"139":{"start":{"line":242,"column":6},"end":{"line":269,"column":7}},"140":{"start":{"line":243,"column":22},"end":{"line":243,"column":50}},"141":{"start":{"line":244,"column":8},"end":{"line":262,"column":25}},"142":{"start":{"line":264,"column":8},"end":{"line":268,"column":25}},"143":{"start":{"line":273,"column":41},"end":{"line":347,"column":1}},"144":{"start":{"line":275,"column":4},"end":{"line":279,"column":79}},"145":{"start":{"line":282,"column":21},"end":{"line":282,"column":54}},"146":{"start":{"line":283,"column":28},"end":{"line":283,"column":81}},"147":{"start":{"line":284,"column":4},"end":{"line":286,"column":5}},"148":{"start":{"line":285,"column":6},"end":{"line":285,"column":55}},"149":{"start":{"line":288,"column":4},"end":{"line":288,"column":71}},"150":{"start":{"line":289,"column":4},"end":{"line":289,"column":59}},"151":{"start":{"line":290,"column":4},"end":{"line":292,"column":5}},"152":{"start":{"line":291,"column":6},"end":{"line":291,"column":55}},"153":{"start":{"line":293,"column":4},"end":{"line":306,"column":5}},"154":{"start":{"line":294,"column":20},"end":{"line":294,"column":39}},"155":{"start":{"line":295,"column":24},"end":{"line":295,"column":72}},"156":{"start":{"line":296,"column":27},"end":{"line":296,"column":48}},"157":{"start":{"line":297,"column":6},"end":{"line":297,"column":46}},"158":{"start":{"line":298,"column":7},"end":{"line":298,"column":28}},"159":{"start":{"line":299,"column":4},"end":{"line":302,"column":7}},"160":{"start":{"line":299,"column":17},"end":{"line":299,"column":18}},"161":{"start":{"line":300,"column":8},"end":{"line":300,"column":62}},"162":{"start":{"line":301,"column":8},"end":{"line":301,"column":12}},"163":{"start":{"line":303,"column":6},"end":{"line":303,"column":58}},"164":{"start":{"line":305,"column":6},"end":{"line":305,"column":58}},"165":{"start":{"line":308,"column":4},"end":{"line":308,"column":55}},"166":{"start":{"line":309,"column":4},"end":{"line":309,"column":34}},"167":{"start":{"line":310,"column":4},"end":{"line":310,"column":50}},"168":{"start":{"line":311,"column":4},"end":{"line":313,"column":5}},"169":{"start":{"line":312,"column":6},"end":{"line":312,"column":149}},"170":{"start":{"line":314,"column":4},"end":{"line":314,"column":60}},"171":{"start":{"line":317,"column":23},"end":{"line":319,"column":221}},"172":{"start":{"line":320,"column":6},"end":{"line":320,"column":62}},"173":{"start":{"line":323,"column":4},"end":{"line":345,"column":5}},"174":{"start":{"line":324,"column":6},"end":{"line":329,"column":7}},"175":{"start":{"line":325,"column":24},"end":{"line":325,"column":73}},"176":{"start":{"line":326,"column":4},"end":{"line":326,"column":62}},"177":{"start":{"line":327,"column":8},"end":{"line":327,"column":93}},"178":{"start":{"line":328,"column":8},"end":{"line":328,"column":72}},"179":{"start":{"line":330,"column":6},"end":{"line":339,"column":23}},"180":{"start":{"line":341,"column":6},"end":{"line":344,"column":23}},"181":{"start":{"line":349,"column":44},"end":{"line":396,"column":1}},"182":{"start":{"line":351,"column":4},"end":{"line":355,"column":85}},"183":{"start":{"line":358,"column":28},"end":{"line":358,"column":81}},"184":{"start":{"line":359,"column":4},"end":{"line":359,"column":71}},"185":{"start":{"line":360,"column":4},"end":{"line":360,"column":62}},"186":{"start":{"line":361,"column":4},"end":{"line":363,"column":5}},"187":{"start":{"line":362,"column":6},"end":{"line":362,"column":67}},"188":{"start":{"line":364,"column":21},"end":{"line":367,"column":5}},"189":{"start":{"line":368,"column":22},"end":{"line":368,"column":63}},"190":{"start":{"line":369,"column":4},"end":{"line":394,"column":5}},"191":{"start":{"line":370,"column":6},"end":{"line":377,"column":7}},"192":{"start":{"line":371,"column":24},"end":{"line":371,"column":73}},"193":{"start":{"line":372,"column":4},"end":{"line":372,"column":64}},"194":{"start":{"line":374,"column":25},"end":{"line":374,"column":59}},"195":{"start":{"line":375,"column":8},"end":{"line":375,"column":69}},"196":{"start":{"line":376,"column":8},"end":{"line":376,"column":54}},"197":{"start":{"line":379,"column":6},"end":{"line":388,"column":23}},"198":{"start":{"line":390,"column":6},"end":{"line":393,"column":23}},"199":{"start":{"line":398,"column":33},"end":{"line":420,"column":1}},"200":{"start":{"line":400,"column":4},"end":{"line":401,"column":86}},"201":{"start":{"line":404,"column":20},"end":{"line":404,"column":86}},"202":{"start":{"line":405,"column":28},"end":{"line":405,"column":81}},"203":{"start":{"line":406,"column":4},"end":{"line":406,"column":71}},"204":{"start":{"line":407,"column":4},"end":{"line":407,"column":58}},"205":{"start":{"line":408,"column":4},"end":{"line":408,"column":61}},"206":{"start":{"line":410,"column":21},"end":{"line":410,"column":55}},"207":{"start":{"line":411,"column":4},"end":{"line":417,"column":5}},"208":{"start":{"line":412,"column":6},"end":{"line":412,"column":67}},"209":{"start":{"line":413,"column":6},"end":{"line":413,"column":70}},"210":{"start":{"line":414,"column":11},"end":{"line":417,"column":5}},"211":{"start":{"line":415,"column":6},"end":{"line":415,"column":67}},"212":{"start":{"line":416,"column":6},"end":{"line":416,"column":52}},"213":{"start":{"line":422,"column":30},"end":{"line":446,"column":1}},"214":{"start":{"line":424,"column":4},"end":{"line":425,"column":92}},"215":{"start":{"line":428,"column":28},"end":{"line":428,"column":81}},"216":{"start":{"line":429,"column":4},"end":{"line":429,"column":71}},"217":{"start":{"line":430,"column":4},"end":{"line":430,"column":55}},"218":{"start":{"line":432,"column":21},"end":{"line":432,"column":55}},"219":{"start":{"line":433,"column":26},"end":{"line":433,"column":59}},"220":{"start":{"line":434,"column":26},"end":{"line":434,"column":72}},"221":{"start":{"line":435,"column":4},"end":{"line":435,"column":74}},"222":{"start":{"line":437,"column":4},"end":{"line":444,"column":5}},"223":{"start":{"line":438,"column":6},"end":{"line":438,"column":73}},"224":{"start":{"line":439,"column":6},"end":{"line":439,"column":58}},"225":{"start":{"line":440,"column":6},"end":{"line":440,"column":70}},"226":{"start":{"line":441,"column":11},"end":{"line":444,"column":5}},"227":{"start":{"line":442,"column":6},"end":{"line":442,"column":73}},"228":{"start":{"line":443,"column":6},"end":{"line":443,"column":52}},"229":{"start":{"line":448,"column":26},"end":{"line":505,"column":1}},"230":{"start":{"line":450,"column":4},"end":{"line":451,"column":79}},"231":{"start":{"line":454,"column":28},"end":{"line":454,"column":81}},"232":{"start":{"line":455,"column":4},"end":{"line":455,"column":71}},"233":{"start":{"line":456,"column":4},"end":{"line":456,"column":51}},"234":{"start":{"line":457,"column":4},"end":{"line":457,"column":41}},"235":{"start":{"line":459,"column":4},"end":{"line":470,"column":5}},"236":{"start":{"line":460,"column":6},"end":{"line":460,"column":214}},"237":{"start":{"line":461,"column":6},"end":{"line":461,"column":42}},"238":{"start":{"line":463,"column":24},"end":{"line":467,"column":7}},"239":{"start":{"line":468,"column":6},"end":{"line":468,"column":63}},"240":{"start":{"line":472,"column":21},"end":{"line":472,"column":62}},"241":{"start":{"line":473,"column":4},"end":{"line":503,"column":5}},"242":{"start":{"line":474,"column":6},"end":{"line":474,"column":71}},"243":{"start":{"line":475,"column":20},"end":{"line":475,"column":53}},"244":{"start":{"line":476,"column":6},"end":{"line":496,"column":23}},"245":{"start":{"line":498,"column":6},"end":{"line":502,"column":23}},"246":{"start":{"line":506,"column":27},"end":{"line":620,"column":1}},"247":{"start":{"line":508,"column":4},"end":{"line":509,"column":80}},"248":{"start":{"line":512,"column":21},"end":{"line":512,"column":54}},"249":{"start":{"line":513,"column":28},"end":{"line":513,"column":81}},"250":{"start":{"line":514,"column":4},"end":{"line":514,"column":71}},"251":{"start":{"line":515,"column":4},"end":{"line":515,"column":53}},"252":{"start":{"line":516,"column":15},"end":{"line":516,"column":75}},"253":{"start":{"line":517,"column":4},"end":{"line":517,"column":42}},"254":{"start":{"line":518,"column":4},"end":{"line":520,"column":5}},"255":{"start":{"line":519,"column":6},"end":{"line":519,"column":61}},"256":{"start":{"line":526,"column":4},"end":{"line":576,"column":5}},"257":{"start":{"line":527,"column":6},"end":{"line":527,"column":60}},"258":{"start":{"line":529,"column":6},"end":{"line":541,"column":7}},"259":{"start":{"line":530,"column":8},"end":{"line":530,"column":49}},"260":{"start":{"line":531,"column":8},"end":{"line":540,"column":9}},"261":{"start":{"line":532,"column":10},"end":{"line":532,"column":80}},"262":{"start":{"line":533,"column":10},"end":{"line":533,"column":49}},"263":{"start":{"line":534,"column":15},"end":{"line":540,"column":9}},"264":{"start":{"line":535,"column":10},"end":{"line":535,"column":329}},"265":{"start":{"line":538,"column":10},"end":{"line":538,"column":259}},"266":{"start":{"line":542,"column":6},"end":{"line":554,"column":7}},"267":{"start":{"line":543,"column":8},"end":{"line":543,"column":79}},"268":{"start":{"line":544,"column":8},"end":{"line":544,"column":53}},"269":{"start":{"line":545,"column":8},"end":{"line":551,"column":9}},"270":{"start":{"line":546,"column":10},"end":{"line":546,"column":224}},"271":{"start":{"line":549,"column":10},"end":{"line":549,"column":272}},"272":{"start":{"line":552,"column":8},"end":{"line":552,"column":57}},"273":{"start":{"line":553,"column":8},"end":{"line":553,"column":48}},"274":{"start":{"line":555,"column":6},"end":{"line":575,"column":7}},"275":{"start":{"line":556,"column":8},"end":{"line":556,"column":45}},"276":{"start":{"line":557,"column":8},"end":{"line":563,"column":9}},"277":{"start":{"line":558,"column":10},"end":{"line":558,"column":127}},"278":{"start":{"line":559,"column":10},"end":{"line":559,"column":51}},"279":{"start":{"line":562,"column":10},"end":{"line":562,"column":286}},"280":{"start":{"line":565,"column":13},"end":{"line":575,"column":7}},"281":{"start":{"line":566,"column":8},"end":{"line":566,"column":83}},"282":{"start":{"line":567,"column":8},"end":{"line":567,"column":55}},"283":{"start":{"line":568,"column":8},"end":{"line":572,"column":9}},"284":{"start":{"line":569,"column":10},"end":{"line":569,"column":240}},"285":{"start":{"line":571,"column":10},"end":{"line":571,"column":286}},"286":{"start":{"line":573,"column":8},"end":{"line":573,"column":55}},"287":{"start":{"line":574,"column":8},"end":{"line":574,"column":49}},"288":{"start":{"line":577,"column":4},"end":{"line":577,"column":39}},"289":{"start":{"line":578,"column":4},"end":{"line":581,"column":5}},"290":{"start":{"line":579,"column":6},"end":{"line":579,"column":33}},"291":{"start":{"line":580,"column":6},"end":{"line":580,"column":50}},"292":{"start":{"line":582,"column":4},"end":{"line":618,"column":5}},"293":{"start":{"line":583,"column":20},"end":{"line":583,"column":53}},"294":{"start":{"line":584,"column":6},"end":{"line":584,"column":36}},"295":{"start":{"line":585,"column":6},"end":{"line":611,"column":23}},"296":{"start":{"line":613,"column":6},"end":{"line":617,"column":23}},"297":{"start":{"line":622,"column":24},"end":{"line":685,"column":1}},"298":{"start":{"line":624,"column":4},"end":{"line":625,"column":86}},"299":{"start":{"line":632,"column":28},"end":{"line":632,"column":81}},"300":{"start":{"line":633,"column":4},"end":{"line":633,"column":71}},"301":{"start":{"line":634,"column":4},"end":{"line":634,"column":49}},"302":{"start":{"line":635,"column":0},"end":{"line":635,"column":36}},"303":{"start":{"line":637,"column":4},"end":{"line":652,"column":5}},"304":{"start":{"line":638,"column":6},"end":{"line":638,"column":266}},"305":{"start":{"line":639,"column":6},"end":{"line":639,"column":72}},"306":{"start":{"line":640,"column":6},"end":{"line":640,"column":26}},"307":{"start":{"line":641,"column":6},"end":{"line":641,"column":24}},"308":{"start":{"line":642,"column":11},"end":{"line":652,"column":5}},"309":{"start":{"line":643,"column":6},"end":{"line":643,"column":262}},"310":{"start":{"line":644,"column":6},"end":{"line":644,"column":72}},"311":{"start":{"line":645,"column":6},"end":{"line":645,"column":26}},"312":{"start":{"line":646,"column":6},"end":{"line":646,"column":24}},"313":{"start":{"line":647,"column":11},"end":{"line":652,"column":5}},"314":{"start":{"line":648,"column":6},"end":{"line":648,"column":235}},"315":{"start":{"line":649,"column":6},"end":{"line":649,"column":57}},"316":{"start":{"line":650,"column":6},"end":{"line":650,"column":26}},"317":{"start":{"line":651,"column":6},"end":{"line":651,"column":24}},"318":{"start":{"line":653,"column":4},"end":{"line":683,"column":5}},"319":{"start":{"line":654,"column":20},"end":{"line":654,"column":53}},"320":{"start":{"line":655,"column":6},"end":{"line":655,"column":62}},"321":{"start":{"line":656,"column":6},"end":{"line":676,"column":23}},"322":{"start":{"line":678,"column":6},"end":{"line":678,"column":62}},"323":{"start":{"line":679,"column":6},"end":{"line":682,"column":23}},"324":{"start":{"line":687,"column":24},"end":{"line":762,"column":1}},"325":{"start":{"line":689,"column":4},"end":{"line":690,"column":77}},"326":{"start":{"line":694,"column":28},"end":{"line":694,"column":81}},"327":{"start":{"line":695,"column":4},"end":{"line":695,"column":71}},"328":{"start":{"line":696,"column":4},"end":{"line":696,"column":49}},"329":{"start":{"line":697,"column":0},"end":{"line":697,"column":36}},"330":{"start":{"line":698,"column":4},"end":{"line":758,"column":5}},"331":{"start":{"line":699,"column":6},"end":{"line":699,"column":116}},"332":{"start":{"line":700,"column":6},"end":{"line":727,"column":7}},"333":{"start":{"line":701,"column":8},"end":{"line":721,"column":25}},"334":{"start":{"line":723,"column":8},"end":{"line":726,"column":25}},"335":{"start":{"line":729,"column":6},"end":{"line":729,"column":54}},"336":{"start":{"line":730,"column":6},"end":{"line":757,"column":7}},"337":{"start":{"line":731,"column":8},"end":{"line":751,"column":25}},"338":{"start":{"line":753,"column":8},"end":{"line":756,"column":25}},"339":{"start":{"line":764,"column":25},"end":{"line":819,"column":1}},"340":{"start":{"line":766,"column":4},"end":{"line":767,"column":78}},"341":{"start":{"line":770,"column":22},"end":{"line":770,"column":24}},"342":{"start":{"line":771,"column":28},"end":{"line":771,"column":81}},"343":{"start":{"line":772,"column":4},"end":{"line":772,"column":71}},"344":{"start":{"line":773,"column":4},"end":{"line":773,"column":46}},"345":{"start":{"line":774,"column":21},"end":{"line":774,"column":54}},"346":{"start":{"line":775,"column":4},"end":{"line":777,"column":5}},"347":{"start":{"line":776,"column":6},"end":{"line":776,"column":55}},"348":{"start":{"line":778,"column":21},"end":{"line":778,"column":36}},"349":{"start":{"line":779,"column":22},"end":{"line":779,"column":51}},"350":{"start":{"line":780,"column":4},"end":{"line":780,"column":54}},"351":{"start":{"line":781,"column":4},"end":{"line":781,"column":99}},"352":{"start":{"line":782,"column":20},"end":{"line":783,"column":159}},"353":{"start":{"line":785,"column":4},"end":{"line":817,"column":5}},"354":{"start":{"line":786,"column":20},"end":{"line":786,"column":48}},"355":{"start":{"line":788,"column":6},"end":{"line":811,"column":23}},"356":{"start":{"line":813,"column":6},"end":{"line":816,"column":23}},"357":{"start":{"line":821,"column":29},"end":{"line":892,"column":1}},"358":{"start":{"line":823,"column":4},"end":{"line":824,"column":82}},"359":{"start":{"line":827,"column":22},"end":{"line":827,"column":24}},"360":{"start":{"line":828,"column":28},"end":{"line":828,"column":81}},"361":{"start":{"line":829,"column":22},"end":{"line":829,"column":51}},"362":{"start":{"line":830,"column":4},"end":{"line":830,"column":71}},"363":{"start":{"line":831,"column":4},"end":{"line":831,"column":50}},"364":{"start":{"line":832,"column":21},"end":{"line":832,"column":54}},"365":{"start":{"line":833,"column":4},"end":{"line":835,"column":5}},"366":{"start":{"line":834,"column":6},"end":{"line":834,"column":55}},"367":{"start":{"line":836,"column":18},"end":{"line":836,"column":37}},"368":{"start":{"line":837,"column":21},"end":{"line":837,"column":83}},"369":{"start":{"line":838,"column":24},"end":{"line":838,"column":42}},"370":{"start":{"line":839,"column":22},"end":{"line":839,"column":24}},"371":{"start":{"line":840,"column":23},"end":{"line":840,"column":25}},"372":{"start":{"line":842,"column":4},"end":{"line":852,"column":7}},"373":{"start":{"line":843,"column":22},"end":{"line":843,"column":23}},"374":{"start":{"line":844,"column":6},"end":{"line":846,"column":7}},"375":{"start":{"line":845,"column":6},"end":{"line":845,"column":182}},"376":{"start":{"line":847,"column":6},"end":{"line":850,"column":7}},"377":{"start":{"line":848,"column":8},"end":{"line":848,"column":183}},"378":{"start":{"line":849,"column":8},"end":{"line":849,"column":178}},"379":{"start":{"line":851,"column":6},"end":{"line":851,"column":32}},"380":{"start":{"line":853,"column":22},"end":{"line":854,"column":155}},"381":{"start":{"line":856,"column":17},"end":{"line":856,"column":113}},"382":{"start":{"line":857,"column":17},"end":{"line":857,"column":104}},"383":{"start":{"line":858,"column":4},"end":{"line":890,"column":5}},"384":{"start":{"line":859,"column":20},"end":{"line":859,"column":48}},"385":{"start":{"line":860,"column":6},"end":{"line":884,"column":23}},"386":{"start":{"line":886,"column":6},"end":{"line":889,"column":23}},"387":{"start":{"line":893,"column":33},"end":{"line":934,"column":1}},"388":{"start":{"line":895,"column":4},"end":{"line":896,"column":80}},"389":{"start":{"line":899,"column":28},"end":{"line":899,"column":81}},"390":{"start":{"line":900,"column":21},"end":{"line":900,"column":54}},"391":{"start":{"line":901,"column":25},"end":{"line":901,"column":95}},"392":{"start":{"line":902,"column":4},"end":{"line":902,"column":71}},"393":{"start":{"line":903,"column":4},"end":{"line":903,"column":58}},"394":{"start":{"line":904,"column":26},"end":{"line":904,"column":63}},"395":{"start":{"line":906,"column":4},"end":{"line":927,"column":5}},"396":{"start":{"line":907,"column":6},"end":{"line":912,"column":7}},"397":{"start":{"line":908,"column":8},"end":{"line":908,"column":170}},"398":{"start":{"line":910,"column":8},"end":{"line":910,"column":45}},"399":{"start":{"line":911,"column":8},"end":{"line":911,"column":145}},"400":{"start":{"line":913,"column":11},"end":{"line":927,"column":5}},"401":{"start":{"line":914,"column":6},"end":{"line":919,"column":7}},"402":{"start":{"line":915,"column":8},"end":{"line":915,"column":170}},"403":{"start":{"line":917,"column":8},"end":{"line":917,"column":45}},"404":{"start":{"line":918,"column":8},"end":{"line":918,"column":145}},"405":{"start":{"line":920,"column":11},"end":{"line":927,"column":5}},"406":{"start":{"line":921,"column":6},"end":{"line":926,"column":7}},"407":{"start":{"line":922,"column":8},"end":{"line":922,"column":170}},"408":{"start":{"line":924,"column":8},"end":{"line":924,"column":43}},"409":{"start":{"line":925,"column":8},"end":{"line":925,"column":145}},"410":{"start":{"line":929,"column":4},"end":{"line":932,"column":21}},"411":{"start":{"line":936,"column":44},"end":{"line":985,"column":1}},"412":{"start":{"line":938,"column":4},"end":{"line":939,"column":91}},"413":{"start":{"line":942,"column":28},"end":{"line":942,"column":81}},"414":{"start":{"line":943,"column":21},"end":{"line":943,"column":54}},"415":{"start":{"line":944,"column":20},"end":{"line":944,"column":91}},"416":{"start":{"line":945,"column":4},"end":{"line":945,"column":71}},"417":{"start":{"line":946,"column":4},"end":{"line":946,"column":58}},"418":{"start":{"line":948,"column":4},"end":{"line":948,"column":49}},"419":{"start":{"line":949,"column":4},"end":{"line":949,"column":52}},"420":{"start":{"line":950,"column":4},"end":{"line":952,"column":5}},"421":{"start":{"line":953,"column":4},"end":{"line":977,"column":5}},"422":{"start":{"line":954,"column":6},"end":{"line":960,"column":7}},"423":{"start":{"line":955,"column":8},"end":{"line":955,"column":170}},"424":{"start":{"line":957,"column":8},"end":{"line":957,"column":64}},"425":{"start":{"line":958,"column":8},"end":{"line":958,"column":108}},"426":{"start":{"line":959,"column":8},"end":{"line":959,"column":155}},"427":{"start":{"line":961,"column":11},"end":{"line":977,"column":5}},"428":{"start":{"line":962,"column":6},"end":{"line":968,"column":7}},"429":{"start":{"line":963,"column":8},"end":{"line":963,"column":170}},"430":{"start":{"line":965,"column":8},"end":{"line":965,"column":62}},"431":{"start":{"line":966,"column":8},"end":{"line":966,"column":108}},"432":{"start":{"line":967,"column":8},"end":{"line":967,"column":167}},"433":{"start":{"line":969,"column":11},"end":{"line":977,"column":5}},"434":{"start":{"line":970,"column":6},"end":{"line":976,"column":7}},"435":{"start":{"line":971,"column":8},"end":{"line":971,"column":170}},"436":{"start":{"line":973,"column":8},"end":{"line":973,"column":60}},"437":{"start":{"line":974,"column":8},"end":{"line":974,"column":108}},"438":{"start":{"line":975,"column":8},"end":{"line":975,"column":152}},"439":{"start":{"line":978,"column":4},"end":{"line":978,"column":50}},"440":{"start":{"line":979,"column":4},"end":{"line":979,"column":53}},"441":{"start":{"line":980,"column":4},"end":{"line":983,"column":21}},"442":{"start":{"line":987,"column":29},"end":{"line":995,"column":1}},"443":{"start":{"line":989,"column":4},"end":{"line":990,"column":82}},"444":{"start":{"line":993,"column":4},"end":{"line":993,"column":50}},"445":{"start":{"line":997,"column":29},"end":{"line":1034,"column":1}},"446":{"start":{"line":999,"column":4},"end":{"line":1000,"column":80}},"447":{"start":{"line":1004,"column":19},"end":{"line":1004,"column":62}},"448":{"start":{"line":1005,"column":15},"end":{"line":1005,"column":79}},"449":{"start":{"line":1006,"column":28},"end":{"line":1006,"column":81}},"450":{"start":{"line":1007,"column":4},"end":{"line":1007,"column":71}},"451":{"start":{"line":1008,"column":4},"end":{"line":1008,"column":51}},"452":{"start":{"line":1009,"column":4},"end":{"line":1032,"column":13}},"453":{"start":{"line":1011,"column":27},"end":{"line":1011,"column":65}},"454":{"start":{"line":1012,"column":10},"end":{"line":1018,"column":11}},"455":{"start":{"line":1013,"column":12},"end":{"line":1013,"column":195}},"456":{"start":{"line":1014,"column":12},"end":{"line":1017,"column":29}},"457":{"start":{"line":1019,"column":10},"end":{"line":1019,"column":142}},"458":{"start":{"line":1020,"column":10},"end":{"line":1020,"column":45}},"459":{"start":{"line":1021,"column":10},"end":{"line":1024,"column":27}},"460":{"start":{"line":1027,"column":10},"end":{"line":1027,"column":67}},"461":{"start":{"line":1029,"column":10},"end":{"line":1031,"column":27}},"462":{"start":{"line":1035,"column":31},"end":{"line":1081,"column":1}},"463":{"start":{"line":1037,"column":4},"end":{"line":1038,"column":72}},"464":{"start":{"line":1041,"column":4},"end":{"line":1041,"column":48}},"465":{"start":{"line":1042,"column":28},"end":{"line":1042,"column":81}},"466":{"start":{"line":1043,"column":21},"end":{"line":1043,"column":54}},"467":{"start":{"line":1044,"column":4},"end":{"line":1044,"column":71}},"468":{"start":{"line":1045,"column":4},"end":{"line":1045,"column":50}},"469":{"start":{"line":1046,"column":22},"end":{"line":1046,"column":24}},"470":{"start":{"line":1048,"column":15},"end":{"line":1048,"column":79}},"471":{"start":{"line":1049,"column":19},"end":{"line":1049,"column":62}},"472":{"start":{"line":1050,"column":22},"end":{"line":1050,"column":89}},"473":{"start":{"line":1052,"column":4},"end":{"line":1079,"column":7}},"474":{"start":{"line":1055,"column":6},"end":{"line":1064,"column":7}},"475":{"start":{"line":1056,"column":8},"end":{"line":1056,"column":137}},"476":{"start":{"line":1057,"column":8},"end":{"line":1057,"column":96}},"477":{"start":{"line":1057,"column":59},"end":{"line":1057,"column":94}},"478":{"start":{"line":1058,"column":13},"end":{"line":1064,"column":7}},"479":{"start":{"line":1059,"column":8},"end":{"line":1059,"column":137}},"480":{"start":{"line":1060,"column":8},"end":{"line":1060,"column":96}},"481":{"start":{"line":1060,"column":59},"end":{"line":1060,"column":94}},"482":{"start":{"line":1061,"column":13},"end":{"line":1064,"column":7}},"483":{"start":{"line":1062,"column":8},"end":{"line":1062,"column":135}},"484":{"start":{"line":1063,"column":8},"end":{"line":1063,"column":94}},"485":{"start":{"line":1063,"column":59},"end":{"line":1063,"column":92}},"486":{"start":{"line":1066,"column":6},"end":{"line":1078,"column":23}},"487":{"start":{"line":1083,"column":42},"end":{"line":1135,"column":1}},"488":{"start":{"line":1085,"column":4},"end":{"line":1087,"column":168}},"489":{"start":{"line":1090,"column":4},"end":{"line":1090,"column":64}},"490":{"start":{"line":1092,"column":19},"end":{"line":1092,"column":62}},"491":{"start":{"line":1093,"column":28},"end":{"line":1093,"column":81}},"492":{"start":{"line":1094,"column":15},"end":{"line":1094,"column":79}},"493":{"start":{"line":1095,"column":22},"end":{"line":1095,"column":76}},"494":{"start":{"line":1096,"column":21},"end":{"line":1096,"column":54}},"495":{"start":{"line":1098,"column":4},"end":{"line":1132,"column":7}},"496":{"start":{"line":1099,"column":20},"end":{"line":1099,"column":85}},"497":{"start":{"line":1099,"column":55},"end":{"line":1099,"column":84}},"498":{"start":{"line":1100,"column":6},"end":{"line":1102,"column":7}},"499":{"start":{"line":1101,"column":8},"end":{"line":1101,"column":32}},"500":{"start":{"line":1103,"column":6},"end":{"line":1105,"column":7}},"501":{"start":{"line":1104,"column":8},"end":{"line":1104,"column":32}},"502":{"start":{"line":1106,"column":6},"end":{"line":1108,"column":7}},"503":{"start":{"line":1107,"column":8},"end":{"line":1107,"column":30}},"504":{"start":{"line":1109,"column":6},"end":{"line":1131,"column":7}},"505":{"start":{"line":1110,"column":8},"end":{"line":1130,"column":9}},"506":{"start":{"line":1111,"column":10},"end":{"line":1111,"column":35}},"507":{"start":{"line":1112,"column":10},"end":{"line":1112,"column":57}},"508":{"start":{"line":1113,"column":10},"end":{"line":1113,"column":77}},"509":{"start":{"line":1114,"column":10},"end":{"line":1114,"column":55}},"510":{"start":{"line":1115,"column":10},"end":{"line":1115,"column":59}},"511":{"start":{"line":1116,"column":15},"end":{"line":1130,"column":9}},"512":{"start":{"line":1117,"column":10},"end":{"line":1117,"column":35}},"513":{"start":{"line":1118,"column":10},"end":{"line":1118,"column":77}},"514":{"start":{"line":1119,"column":10},"end":{"line":1119,"column":55}},"515":{"start":{"line":1120,"column":10},"end":{"line":1120,"column":57}},"516":{"start":{"line":1121,"column":10},"end":{"line":1121,"column":59}},"517":{"start":{"line":1123,"column":15},"end":{"line":1130,"column":9}},"518":{"start":{"line":1124,"column":10},"end":{"line":1124,"column":33}},"519":{"start":{"line":1125,"column":10},"end":{"line":1125,"column":77}},"520":{"start":{"line":1126,"column":10},"end":{"line":1126,"column":53}},"521":{"start":{"line":1127,"column":10},"end":{"line":1127,"column":57}},"522":{"start":{"line":1128,"column":10},"end":{"line":1128,"column":59}},"523":{"start":{"line":1137,"column":37},"end":{"line":1148,"column":1}},"524":{"start":{"line":1139,"column":4},"end":{"line":1141,"column":77}},"525":{"start":{"line":1144,"column":4},"end":{"line":1144,"column":59}},"526":{"start":{"line":1146,"column":4},"end":{"line":1146,"column":53}},"527":{"start":{"line":1150,"column":44},"end":{"line":1172,"column":1}},"528":{"start":{"line":1152,"column":4},"end":{"line":1154,"column":80}},"529":{"start":{"line":1157,"column":4},"end":{"line":1157,"column":66}},"530":{"start":{"line":1159,"column":19},"end":{"line":1159,"column":62}},"531":{"start":{"line":1160,"column":28},"end":{"line":1160,"column":81}},"532":{"start":{"line":1161,"column":15},"end":{"line":1161,"column":79}},"533":{"start":{"line":1162,"column":22},"end":{"line":1162,"column":76}},"534":{"start":{"line":1164,"column":4},"end":{"line":1170,"column":7}},"535":{"start":{"line":1165,"column":20},"end":{"line":1165,"column":85}},"536":{"start":{"line":1165,"column":55},"end":{"line":1165,"column":84}},"537":{"start":{"line":1167,"column":6},"end":{"line":1169,"column":7}},"538":{"start":{"line":1168,"column":8},"end":{"line":1168,"column":57}},"539":{"start":{"line":1174,"column":26},"end":{"line":1192,"column":1}},"540":{"start":{"line":1176,"column":4},"end":{"line":1177,"column":80}},"541":{"start":{"line":1180,"column":20},"end":{"line":1181,"column":155}},"542":{"start":{"line":1182,"column":28},"end":{"line":1182,"column":81}},"543":{"start":{"line":1183,"column":4},"end":{"line":1183,"column":71}},"544":{"start":{"line":1184,"column":4},"end":{"line":1184,"column":51}},"545":{"start":{"line":1185,"column":24},"end":{"line":1185,"column":64}},"546":{"start":{"line":1187,"column":4},"end":{"line":1190,"column":21}},"547":{"start":{"line":1193,"column":35},"end":{"line":1208,"column":1}},"548":{"start":{"line":1195,"column":4},"end":{"line":1197,"column":83}},"549":{"start":{"line":1200,"column":19},"end":{"line":1201,"column":210}},"550":{"start":{"line":1203,"column":24},"end":{"line":1203,"column":63}},"551":{"start":{"line":1204,"column":4},"end":{"line":1206,"column":21}},"552":{"start":{"line":1210,"column":35},"end":{"line":1218,"column":1}},"553":{"start":{"line":1212,"column":4},"end":{"line":1212,"column":88}},"554":{"start":{"line":1215,"column":4},"end":{"line":1215,"column":41}},"555":{"start":{"line":1216,"column":4},"end":{"line":1216,"column":54}},"556":{"start":{"line":1221,"column":31},"end":{"line":1233,"column":1}},"557":{"start":{"line":1223,"column":4},"end":{"line":1223,"column":82}},"558":{"start":{"line":1226,"column":23},"end":{"line":1226,"column":72}},"559":{"start":{"line":1227,"column":24},"end":{"line":1227,"column":58}},"560":{"start":{"line":1229,"column":4},"end":{"line":1231,"column":21}},"561":{"start":{"line":1236,"column":21},"end":{"line":1250,"column":1}},"562":{"start":{"line":1238,"column":4},"end":{"line":1238,"column":16}},"563":{"start":{"line":1241,"column":4},"end":{"line":1241,"column":46}},"564":{"start":{"line":1242,"column":4},"end":{"line":1242,"column":54}},"565":{"start":{"line":1243,"column":24},"end":{"line":1243,"column":86}},"566":{"start":{"line":1245,"column":4},"end":{"line":1248,"column":21}},"567":{"start":{"line":1251,"column":30},"end":{"line":1268,"column":1}},"568":{"start":{"line":1253,"column":4},"end":{"line":1254,"column":84}},"569":{"start":{"line":1257,"column":4},"end":{"line":1257,"column":52}},"570":{"start":{"line":1258,"column":28},"end":{"line":1258,"column":81}},"571":{"start":{"line":1259,"column":4},"end":{"line":1259,"column":71}},"572":{"start":{"line":1260,"column":4},"end":{"line":1260,"column":62}},"573":{"start":{"line":1261,"column":24},"end":{"line":1261,"column":41}},"574":{"start":{"line":1263,"column":4},"end":{"line":1266,"column":21}},"575":{"start":{"line":1271,"column":0},"end":{"line":1303,"column":12}},"576":{"start":{"line":1307,"column":0},"end":{"line":1315,"column":2}},"577":{"start":{"line":1308,"column":20},"end":{"line":1312,"column":3}},"578":{"start":{"line":1313,"column":25},"end":{"line":1313,"column":67}},"579":{"start":{"line":1314,"column":2},"end":{"line":1314,"column":26}},"580":{"start":{"line":1317,"column":0},"end":{"line":1325,"column":2}},"581":{"start":{"line":1318,"column":19},"end":{"line":1318,"column":21}},"582":{"start":{"line":1319,"column":2},"end":{"line":1322,"column":3}},"583":{"start":{"line":1319,"column":15},"end":{"line":1319,"column":16}},"584":{"start":{"line":1320,"column":4},"end":{"line":1320,"column":47}},"585":{"start":{"line":1321,"column":4},"end":{"line":1321,"column":8}},"586":{"start":{"line":1323,"column":20},"end":{"line":1323,"column":61}},"587":{"start":{"line":1324,"column":2},"end":{"line":1324,"column":21}},"588":{"start":{"line":1327,"column":0},"end":{"line":1331,"column":2}},"589":{"start":{"line":1328,"column":26},"end":{"line":1328,"column":56}},"590":{"start":{"line":1329,"column":2},"end":{"line":1329,"column":56}},"591":{"start":{"line":1330,"column":2},"end":{"line":1330,"column":53}},"592":{"start":{"line":1333,"column":0},"end":{"line":1338,"column":2}},"593":{"start":{"line":1334,"column":26},"end":{"line":1334,"column":56}},"594":{"start":{"line":1335,"column":19},"end":{"line":1335,"column":74}},"595":{"start":{"line":1337,"column":2},"end":{"line":1337,"column":20}},"596":{"start":{"line":1340,"column":0},"end":{"line":1398,"column":2}},"597":{"start":{"line":1341,"column":26},"end":{"line":1341,"column":79}},"598":{"start":{"line":1342,"column":19},"end":{"line":1342,"column":52}},"599":{"start":{"line":1343,"column":2},"end":{"line":1397,"column":3}},"600":{"start":{"line":1344,"column":4},"end":{"line":1346,"column":5}},"601":{"start":{"line":1345,"column":6},"end":{"line":1345,"column":36}},"602":{"start":{"line":1347,"column":4},"end":{"line":1347,"column":49}},"603":{"start":{"line":1348,"column":4},"end":{"line":1348,"column":52}},"604":{"start":{"line":1349,"column":4},"end":{"line":1351,"column":5}},"605":{"start":{"line":1350,"column":6},"end":{"line":1350,"column":33}},"606":{"start":{"line":1352,"column":4},"end":{"line":1354,"column":5}},"607":{"start":{"line":1353,"column":6},"end":{"line":1353,"column":44}},"608":{"start":{"line":1355,"column":4},"end":{"line":1357,"column":5}},"609":{"start":{"line":1356,"column":6},"end":{"line":1356,"column":49}},"610":{"start":{"line":1358,"column":4},"end":{"line":1358,"column":48}},"611":{"start":{"line":1359,"column":4},"end":{"line":1363,"column":5}},"612":{"start":{"line":1360,"column":6},"end":{"line":1360,"column":51}},"613":{"start":{"line":1361,"column":11},"end":{"line":1363,"column":5}},"614":{"start":{"line":1362,"column":6},"end":{"line":1362,"column":51}},"615":{"start":{"line":1364,"column":4},"end":{"line":1364,"column":80}},"616":{"start":{"line":1365,"column":4},"end":{"line":1365,"column":46}},"617":{"start":{"line":1366,"column":4},"end":{"line":1366,"column":42}},"618":{"start":{"line":1367,"column":4},"end":{"line":1369,"column":5}},"619":{"start":{"line":1368,"column":6},"end":{"line":1368,"column":82}},"620":{"start":{"line":1371,"column":4},"end":{"line":1371,"column":51}},"621":{"start":{"line":1373,"column":9},"end":{"line":1397,"column":3}},"622":{"start":{"line":1374,"column":4},"end":{"line":1376,"column":5}},"623":{"start":{"line":1375,"column":6},"end":{"line":1375,"column":38}},"624":{"start":{"line":1377,"column":4},"end":{"line":1377,"column":49}},"625":{"start":{"line":1378,"column":4},"end":{"line":1378,"column":52}},"626":{"start":{"line":1380,"column":4},"end":{"line":1382,"column":5}},"627":{"start":{"line":1381,"column":6},"end":{"line":1381,"column":37}},"628":{"start":{"line":1383,"column":4},"end":{"line":1385,"column":5}},"629":{"start":{"line":1384,"column":6},"end":{"line":1384,"column":48}},"630":{"start":{"line":1386,"column":4},"end":{"line":1388,"column":5}},"631":{"start":{"line":1387,"column":6},"end":{"line":1387,"column":53}},"632":{"start":{"line":1389,"column":4},"end":{"line":1389,"column":52}},"633":{"start":{"line":1390,"column":4},"end":{"line":1392,"column":5}},"634":{"start":{"line":1391,"column":6},"end":{"line":1391,"column":55}},"635":{"start":{"line":1393,"column":4},"end":{"line":1393,"column":51}},"636":{"start":{"line":1394,"column":4},"end":{"line":1394,"column":82}},"637":{"start":{"line":1395,"column":4},"end":{"line":1395,"column":44}},"638":{"start":{"line":1396,"column":4},"end":{"line":1396,"column":45}},"639":{"start":{"line":1399,"column":0},"end":{"line":1416,"column":2}},"640":{"start":{"line":1400,"column":2},"end":{"line":1414,"column":3}},"641":{"start":{"line":1401,"column":4},"end":{"line":1401,"column":26}},"642":{"start":{"line":1402,"column":8},"end":{"line":1414,"column":3}},"643":{"start":{"line":1403,"column":4},"end":{"line":1403,"column":32}},"644":{"start":{"line":1404,"column":9},"end":{"line":1414,"column":3}},"645":{"start":{"line":1405,"column":4},"end":{"line":1405,"column":36}},"646":{"start":{"line":1406,"column":9},"end":{"line":1414,"column":3}},"647":{"start":{"line":1407,"column":4},"end":{"line":1407,"column":32}},"648":{"start":{"line":1408,"column":8},"end":{"line":1414,"column":3}},"649":{"start":{"line":1409,"column":4},"end":{"line":1409,"column":26}},"650":{"start":{"line":1410,"column":8},"end":{"line":1414,"column":3}},"651":{"start":{"line":1411,"column":4},"end":{"line":1411,"column":26}},"652":{"start":{"line":1413,"column":4},"end":{"line":1413,"column":26}},"653":{"start":{"line":1415,"column":2},"end":{"line":1415,"column":19}},"654":{"start":{"line":1417,"column":0},"end":{"line":1424,"column":2}},"655":{"start":{"line":1418,"column":2},"end":{"line":1423,"column":3}},"656":{"start":{"line":1418,"column":15},"end":{"line":1418,"column":16}},"657":{"start":{"line":1419,"column":4},"end":{"line":1421,"column":5}},"658":{"start":{"line":1420,"column":6},"end":{"line":1420,"column":34}},"659":{"start":{"line":1422,"column":4},"end":{"line":1422,"column":8}},"660":{"start":{"line":1425,"column":0},"end":{"line":1466,"column":2}},"661":{"start":{"line":1427,"column":2},"end":{"line":1465,"column":3}},"662":{"start":{"line":1428,"column":4},"end":{"line":1432,"column":6}},"663":{"start":{"line":1434,"column":4},"end":{"line":1434,"column":21}},"664":{"start":{"line":1435,"column":9},"end":{"line":1465,"column":3}},"665":{"start":{"line":1436,"column":4},"end":{"line":1440,"column":6}},"666":{"start":{"line":1441,"column":4},"end":{"line":1441,"column":21}},"667":{"start":{"line":1442,"column":9},"end":{"line":1465,"column":3}},"668":{"start":{"line":1443,"column":4},"end":{"line":1447,"column":6}},"669":{"start":{"line":1448,"column":4},"end":{"line":1448,"column":21}},"670":{"start":{"line":1449,"column":9},"end":{"line":1465,"column":3}},"671":{"start":{"line":1450,"column":4},"end":{"line":1454,"column":6}},"672":{"start":{"line":1455,"column":4},"end":{"line":1455,"column":21}},"673":{"start":{"line":1456,"column":9},"end":{"line":1465,"column":3}},"674":{"start":{"line":1457,"column":4},"end":{"line":1461,"column":6}},"675":{"start":{"line":1462,"column":4},"end":{"line":1462,"column":21}},"676":{"start":{"line":1464,"column":4},"end":{"line":1464,"column":43}},"677":{"start":{"line":1468,"column":0},"end":{"line":1490,"column":2}},"678":{"start":{"line":1469,"column":26},"end":{"line":1469,"column":79}},"679":{"start":{"line":1470,"column":2},"end":{"line":1470,"column":65}},"680":{"start":{"line":1470,"column":58},"end":{"line":1470,"column":65}},"681":{"start":{"line":1471,"column":15},"end":{"line":1471,"column":39}},"682":{"start":{"line":1472,"column":17},"end":{"line":1472,"column":51}},"683":{"start":{"line":1473,"column":19},"end":{"line":1473,"column":52}},"684":{"start":{"line":1474,"column":2},"end":{"line":1480,"column":3}},"685":{"start":{"line":1475,"column":21},"end":{"line":1475,"column":113}},"686":{"start":{"line":1476,"column":2},"end":{"line":1476,"column":43}},"687":{"start":{"line":1477,"column":2},"end":{"line":1477,"column":46}},"688":{"start":{"line":1479,"column":4},"end":{"line":1479,"column":48}},"689":{"start":{"line":1481,"column":21},"end":{"line":1481,"column":48}},"690":{"start":{"line":1482,"column":2},"end":{"line":1487,"column":3}},"691":{"start":{"line":1483,"column":4},"end":{"line":1483,"column":50}},"692":{"start":{"line":1485,"column":4},"end":{"line":1485,"column":43}},"693":{"start":{"line":1486,"column":4},"end":{"line":1486,"column":51}},"694":{"start":{"line":1489,"column":2},"end":{"line":1489,"column":49}},"695":{"start":{"line":1492,"column":0},"end":{"line":1507,"column":2}},"696":{"start":{"line":1493,"column":26},"end":{"line":1493,"column":79}},"697":{"start":{"line":1494,"column":2},"end":{"line":1494,"column":62}},"698":{"start":{"line":1494,"column":55},"end":{"line":1494,"column":62}},"699":{"start":{"line":1495,"column":17},"end":{"line":1495,"column":43}},"700":{"start":{"line":1496,"column":17},"end":{"line":1496,"column":56}},"701":{"start":{"line":1497,"column":17},"end":{"line":1497,"column":57}},"702":{"start":{"line":1498,"column":21},"end":{"line":1498,"column":52}},"703":{"start":{"line":1499,"column":2},"end":{"line":1504,"column":3}},"704":{"start":{"line":1500,"column":4},"end":{"line":1500,"column":52}},"705":{"start":{"line":1502,"column":4},"end":{"line":1502,"column":45}},"706":{"start":{"line":1503,"column":4},"end":{"line":1503,"column":53}},"707":{"start":{"line":1505,"column":2},"end":{"line":1505,"column":48}},"708":{"start":{"line":1506,"column":2},"end":{"line":1506,"column":51}},"709":{"start":{"line":1509,"column":0},"end":{"line":1526,"column":2}},"710":{"start":{"line":1510,"column":2},"end":{"line":1512,"column":3}},"711":{"start":{"line":1511,"column":4},"end":{"line":1511,"column":19}},"712":{"start":{"line":1513,"column":26},"end":{"line":1513,"column":79}},"713":{"start":{"line":1514,"column":17},"end":{"line":1514,"column":74}},"714":{"start":{"line":1515,"column":21},"end":{"line":1515,"column":79}},"715":{"start":{"line":1516,"column":17},"end":{"line":1516,"column":69}},"716":{"start":{"line":1517,"column":23},"end":{"line":1517,"column":43}},"717":{"start":{"line":1518,"column":24},"end":{"line":1518,"column":93}},"718":{"start":{"line":1519,"column":20},"end":{"line":1519,"column":35}},"719":{"start":{"line":1520,"column":20},"end":{"line":1520,"column":70}},"720":{"start":{"line":1521,"column":2},"end":{"line":1521,"column":61}},"721":{"start":{"line":1522,"column":2},"end":{"line":1522,"column":68}},"722":{"start":{"line":1523,"column":2},"end":{"line":1525,"column":3}},"723":{"start":{"line":1524,"column":4},"end":{"line":1524,"column":208}},"724":{"start":{"line":1527,"column":0},"end":{"line":1535,"column":2}},"725":{"start":{"line":1528,"column":26},"end":{"line":1528,"column":79}},"726":{"start":{"line":1529,"column":2},"end":{"line":1533,"column":3}},"727":{"start":{"line":1530,"column":6},"end":{"line":1530,"column":116}},"728":{"start":{"line":1531,"column":9},"end":{"line":1533,"column":3}},"729":{"start":{"line":1532,"column":4},"end":{"line":1532,"column":110}},"730":{"start":{"line":1537,"column":0},"end":{"line":1543,"column":2}},"731":{"start":{"line":1538,"column":23},"end":{"line":1538,"column":43}},"732":{"start":{"line":1539,"column":24},"end":{"line":1539,"column":93}},"733":{"start":{"line":1540,"column":2},"end":{"line":1542,"column":22}},"734":{"start":{"line":1541,"column":4},"end":{"line":1541,"column":16}},"735":{"start":{"line":1542,"column":9},"end":{"line":1542,"column":22}},"736":{"start":{"line":1544,"column":0},"end":{"line":1550,"column":2}},"737":{"start":{"line":1545,"column":23},"end":{"line":1545,"column":43}},"738":{"start":{"line":1546,"column":24},"end":{"line":1546,"column":93}},"739":{"start":{"line":1547,"column":2},"end":{"line":1549,"column":22}},"740":{"start":{"line":1548,"column":4},"end":{"line":1548,"column":16}},"741":{"start":{"line":1549,"column":9},"end":{"line":1549,"column":22}},"742":{"start":{"line":1552,"column":0},"end":{"line":1560,"column":2}},"743":{"start":{"line":1553,"column":15},"end":{"line":1553,"column":81}},"744":{"start":{"line":1554,"column":17},"end":{"line":1554,"column":54}},"745":{"start":{"line":1555,"column":2},"end":{"line":1555,"column":24}},"746":{"start":{"line":1556,"column":2},"end":{"line":1559,"column":3}},"747":{"start":{"line":1557,"column":20},"end":{"line":1557,"column":38}},"748":{"start":{"line":1558,"column":4},"end":{"line":1558,"column":21}},"749":{"start":{"line":1561,"column":0},"end":{"line":1586,"column":2}},"750":{"start":{"line":1562,"column":26},"end":{"line":1562,"column":79}},"751":{"start":{"line":1564,"column":2},"end":{"line":1568,"column":3}},"752":{"start":{"line":1565,"column":4},"end":{"line":1565,"column":38}},"753":{"start":{"line":1567,"column":4},"end":{"line":1567,"column":44}},"754":{"start":{"line":1569,"column":2},"end":{"line":1576,"column":3}},"755":{"start":{"line":1570,"column":23},"end":{"line":1570,"column":62}},"756":{"start":{"line":1571,"column":17},"end":{"line":1571,"column":93}},"757":{"start":{"line":1572,"column":4},"end":{"line":1572,"column":49}},"758":{"start":{"line":1573,"column":4},"end":{"line":1575,"column":5}},"759":{"start":{"line":1574,"column":6},"end":{"line":1574,"column":54}},"760":{"start":{"line":1578,"column":2},"end":{"line":1585,"column":3}},"761":{"start":{"line":1579,"column":25},"end":{"line":1579,"column":66}},"762":{"start":{"line":1580,"column":16},"end":{"line":1580,"column":98}},"763":{"start":{"line":1581,"column":2},"end":{"line":1581,"column":49}},"764":{"start":{"line":1582,"column":2},"end":{"line":1584,"column":5}},"765":{"start":{"line":1583,"column":4},"end":{"line":1583,"column":50}},"766":{"start":{"line":1587,"column":0},"end":{"line":1606,"column":2}},"767":{"start":{"line":1588,"column":26},"end":{"line":1588,"column":79}},"768":{"start":{"line":1589,"column":15},"end":{"line":1589,"column":31}},"769":{"start":{"line":1591,"column":2},"end":{"line":1604,"column":3}},"770":{"start":{"line":1592,"column":4},"end":{"line":1596,"column":5}},"771":{"start":{"line":1593,"column":6},"end":{"line":1593,"column":103}},"772":{"start":{"line":1595,"column":6},"end":{"line":1595,"column":107}},"773":{"start":{"line":1598,"column":9},"end":{"line":1604,"column":3}},"774":{"start":{"line":1599,"column":4},"end":{"line":1603,"column":5}},"775":{"start":{"line":1600,"column":6},"end":{"line":1600,"column":107}},"776":{"start":{"line":1602,"column":6},"end":{"line":1602,"column":103}},"777":{"start":{"line":1608,"column":0},"end":{"line":1638,"column":2}},"778":{"start":{"line":1609,"column":26},"end":{"line":1609,"column":79}},"779":{"start":{"line":1610,"column":2},"end":{"line":1623,"column":3}},"780":{"start":{"line":1612,"column":4},"end":{"line":1616,"column":5}},"781":{"start":{"line":1613,"column":6},"end":{"line":1613,"column":73}},"782":{"start":{"line":1615,"column":6},"end":{"line":1615,"column":111}},"783":{"start":{"line":1617,"column":4},"end":{"line":1617,"column":51}},"784":{"start":{"line":1618,"column":4},"end":{"line":1618,"column":45}},"785":{"start":{"line":1620,"column":4},"end":{"line":1620,"column":43}},"786":{"start":{"line":1621,"column":17},"end":{"line":1621,"column":48}},"787":{"start":{"line":1622,"column":4},"end":{"line":1622,"column":51}},"788":{"start":{"line":1624,"column":2},"end":{"line":1637,"column":3}},"789":{"start":{"line":1626,"column":4},"end":{"line":1630,"column":5}},"790":{"start":{"line":1627,"column":6},"end":{"line":1627,"column":75}},"791":{"start":{"line":1629,"column":6},"end":{"line":1629,"column":115}},"792":{"start":{"line":1631,"column":4},"end":{"line":1631,"column":57}},"793":{"start":{"line":1632,"column":4},"end":{"line":1632,"column":47}},"794":{"start":{"line":1634,"column":4},"end":{"line":1634,"column":45}},"795":{"start":{"line":1635,"column":21},"end":{"line":1635,"column":54}},"796":{"start":{"line":1636,"column":4},"end":{"line":1636,"column":57}},"797":{"start":{"line":1640,"column":0},"end":{"line":1670,"column":2}},"798":{"start":{"line":1641,"column":26},"end":{"line":1641,"column":79}},"799":{"start":{"line":1642,"column":19},"end":{"line":1642,"column":52}},"800":{"start":{"line":1643,"column":2},"end":{"line":1645,"column":3}},"801":{"start":{"line":1644,"column":4},"end":{"line":1644,"column":26}},"802":{"start":{"line":1646,"column":2},"end":{"line":1648,"column":3}},"803":{"start":{"line":1647,"column":4},"end":{"line":1647,"column":30}},"804":{"start":{"line":1649,"column":2},"end":{"line":1651,"column":3}},"805":{"start":{"line":1650,"column":4},"end":{"line":1650,"column":32}},"806":{"start":{"line":1652,"column":2},"end":{"line":1654,"column":3}},"807":{"start":{"line":1653,"column":4},"end":{"line":1653,"column":30}},"808":{"start":{"line":1655,"column":2},"end":{"line":1666,"column":3}},"809":{"start":{"line":1656,"column":4},"end":{"line":1656,"column":40}},"810":{"start":{"line":1657,"column":4},"end":{"line":1657,"column":42}},"811":{"start":{"line":1658,"column":4},"end":{"line":1658,"column":31}},"812":{"start":{"line":1659,"column":9},"end":{"line":1666,"column":3}},"813":{"start":{"line":1660,"column":4},"end":{"line":1660,"column":42}},"814":{"start":{"line":1661,"column":4},"end":{"line":1661,"column":31}},"815":{"start":{"line":1662,"column":4},"end":{"line":1662,"column":72}},"816":{"start":{"line":1663,"column":9},"end":{"line":1666,"column":3}},"817":{"start":{"line":1664,"column":4},"end":{"line":1664,"column":33}},"818":{"start":{"line":1665,"column":4},"end":{"line":1665,"column":40}},"819":{"start":{"line":1667,"column":2},"end":{"line":1667,"column":49}},"820":{"start":{"line":1668,"column":2},"end":{"line":1668,"column":37}},"821":{"start":{"line":1672,"column":0},"end":{"line":1697,"column":2}},"822":{"start":{"line":1673,"column":26},"end":{"line":1673,"column":79}},"823":{"start":{"line":1674,"column":2},"end":{"line":1696,"column":3}},"824":{"start":{"line":1675,"column":17},"end":{"line":1675,"column":61}},"825":{"start":{"line":1676,"column":16},"end":{"line":1676,"column":61}},"826":{"start":{"line":1677,"column":16},"end":{"line":1677,"column":61}},"827":{"start":{"line":1678,"column":17},"end":{"line":1678,"column":63}},"828":{"start":{"line":1679,"column":15},"end":{"line":1679,"column":59}},"829":{"start":{"line":1680,"column":16},"end":{"line":1680,"column":61}},"830":{"start":{"line":1681,"column":16},"end":{"line":1681,"column":61}},"831":{"start":{"line":1682,"column":17},"end":{"line":1682,"column":63}},"832":{"start":{"line":1683,"column":16},"end":{"line":1683,"column":172}},"833":{"start":{"line":1684,"column":2},"end":{"line":1684,"column":17}},"834":{"start":{"line":1686,"column":17},"end":{"line":1686,"column":53}},"835":{"start":{"line":1687,"column":16},"end":{"line":1687,"column":53}},"836":{"start":{"line":1688,"column":16},"end":{"line":1688,"column":53}},"837":{"start":{"line":1689,"column":17},"end":{"line":1689,"column":55}},"838":{"start":{"line":1690,"column":15},"end":{"line":1690,"column":51}},"839":{"start":{"line":1691,"column":16},"end":{"line":1691,"column":53}},"840":{"start":{"line":1692,"column":16},"end":{"line":1692,"column":53}},"841":{"start":{"line":1693,"column":17},"end":{"line":1693,"column":55}},"842":{"start":{"line":1694,"column":16},"end":{"line":1694,"column":172}},"843":{"start":{"line":1695,"column":2},"end":{"line":1695,"column":17}},"844":{"start":{"line":1698,"column":0},"end":{"line":1724,"column":2}},"845":{"start":{"line":1699,"column":26},"end":{"line":1699,"column":79}},"846":{"start":{"line":1700,"column":2},"end":{"line":1722,"column":3}},"847":{"start":{"line":1701,"column":17},"end":{"line":1701,"column":61}},"848":{"start":{"line":1702,"column":16},"end":{"line":1702,"column":61}},"849":{"start":{"line":1703,"column":16},"end":{"line":1703,"column":61}},"850":{"start":{"line":1704,"column":17},"end":{"line":1704,"column":63}},"851":{"start":{"line":1705,"column":15},"end":{"line":1705,"column":59}},"852":{"start":{"line":1706,"column":16},"end":{"line":1706,"column":61}},"853":{"start":{"line":1707,"column":16},"end":{"line":1707,"column":61}},"854":{"start":{"line":1708,"column":17},"end":{"line":1708,"column":63}},"855":{"start":{"line":1709,"column":16},"end":{"line":1709,"column":348}},"856":{"start":{"line":1710,"column":2},"end":{"line":1710,"column":17}},"857":{"start":{"line":1712,"column":17},"end":{"line":1712,"column":53}},"858":{"start":{"line":1713,"column":16},"end":{"line":1713,"column":53}},"859":{"start":{"line":1714,"column":16},"end":{"line":1714,"column":53}},"860":{"start":{"line":1715,"column":17},"end":{"line":1715,"column":55}},"861":{"start":{"line":1716,"column":15},"end":{"line":1716,"column":51}},"862":{"start":{"line":1717,"column":16},"end":{"line":1717,"column":53}},"863":{"start":{"line":1718,"column":16},"end":{"line":1718,"column":53}},"864":{"start":{"line":1719,"column":17},"end":{"line":1719,"column":55}},"865":{"start":{"line":1720,"column":16},"end":{"line":1720,"column":340}},"866":{"start":{"line":1721,"column":2},"end":{"line":1721,"column":17}},"867":{"start":{"line":1726,"column":0},"end":{"line":1759,"column":2}},"868":{"start":{"line":1727,"column":26},"end":{"line":1727,"column":79}},"869":{"start":{"line":1728,"column":19},"end":{"line":1728,"column":52}},"870":{"start":{"line":1729,"column":24},"end":{"line":1729,"column":53}},"871":{"start":{"line":1730,"column":22},"end":{"line":1730,"column":53}},"872":{"start":{"line":1733,"column":2},"end":{"line":1737,"column":3}},"873":{"start":{"line":1734,"column":4},"end":{"line":1734,"column":57}},"874":{"start":{"line":1736,"column":4},"end":{"line":1736,"column":65}},"875":{"start":{"line":1738,"column":2},"end":{"line":1742,"column":3}},"876":{"start":{"line":1739,"column":4},"end":{"line":1739,"column":55}},"877":{"start":{"line":1741,"column":4},"end":{"line":1741,"column":61}},"878":{"start":{"line":1744,"column":21},"end":{"line":1755,"column":3}},"879":{"start":{"line":1756,"column":2},"end":{"line":1756,"column":34}},"880":{"start":{"line":1757,"column":2},"end":{"line":1757,"column":49}},"881":{"start":{"line":1758,"column":2},"end":{"line":1758,"column":35}},"882":{"start":{"line":1761,"column":0},"end":{"line":1775,"column":2}},"883":{"start":{"line":1762,"column":26},"end":{"line":1762,"column":79}},"884":{"start":{"line":1763,"column":17},"end":{"line":1763,"column":43}},"885":{"start":{"line":1764,"column":15},"end":{"line":1764,"column":39}},"886":{"start":{"line":1765,"column":19},"end":{"line":1765,"column":52}},"887":{"start":{"line":1766,"column":20},"end":{"line":1766,"column":49}},"888":{"start":{"line":1767,"column":18},"end":{"line":1767,"column":51}},"889":{"start":{"line":1768,"column":18},"end":{"line":1768,"column":45}},"890":{"start":{"line":1769,"column":15},"end":{"line":1769,"column":69}},"891":{"start":{"line":1770,"column":2},"end":{"line":1770,"column":65}},"892":{"start":{"line":1771,"column":2},"end":{"line":1771,"column":54}},"893":{"start":{"line":1773,"column":2},"end":{"line":1773,"column":49}},"894":{"start":{"line":1777,"column":0},"end":{"line":1876,"column":2}},"895":{"start":{"line":1778,"column":26},"end":{"line":1778,"column":79}},"896":{"start":{"line":1779,"column":19},"end":{"line":1779,"column":52}},"897":{"start":{"line":1780,"column":18},"end":{"line":1780,"column":66}},"898":{"start":{"line":1781,"column":16},"end":{"line":1781,"column":62}},"899":{"start":{"line":1783,"column":2},"end":{"line":1865,"column":3}},"900":{"start":{"line":1784,"column":4},"end":{"line":1784,"column":18}},"901":{"start":{"line":1785,"column":4},"end":{"line":1785,"column":19}},"902":{"start":{"line":1786,"column":4},"end":{"line":1786,"column":29}},"903":{"start":{"line":1787,"column":9},"end":{"line":1865,"column":3}},"904":{"start":{"line":1788,"column":4},"end":{"line":1788,"column":18}},"905":{"start":{"line":1789,"column":4},"end":{"line":1789,"column":19}},"906":{"start":{"line":1790,"column":4},"end":{"line":1790,"column":32}},"907":{"start":{"line":1791,"column":9},"end":{"line":1865,"column":3}},"908":{"start":{"line":1792,"column":4},"end":{"line":1792,"column":18}},"909":{"start":{"line":1793,"column":4},"end":{"line":1793,"column":32}},"910":{"start":{"line":1794,"column":4},"end":{"line":1794,"column":19}},"911":{"start":{"line":1795,"column":9},"end":{"line":1865,"column":3}},"912":{"start":{"line":1796,"column":4},"end":{"line":1796,"column":19}},"913":{"start":{"line":1797,"column":4},"end":{"line":1797,"column":18}},"914":{"start":{"line":1798,"column":4},"end":{"line":1798,"column":32}},"915":{"start":{"line":1799,"column":9},"end":{"line":1865,"column":3}},"916":{"start":{"line":1800,"column":4},"end":{"line":1800,"column":19}},"917":{"start":{"line":1801,"column":4},"end":{"line":1801,"column":18}},"918":{"start":{"line":1802,"column":4},"end":{"line":1802,"column":32}},"919":{"start":{"line":1803,"column":9},"end":{"line":1865,"column":3}},"920":{"start":{"line":1804,"column":4},"end":{"line":1804,"column":19}},"921":{"start":{"line":1805,"column":4},"end":{"line":1805,"column":18}},"922":{"start":{"line":1806,"column":4},"end":{"line":1806,"column":32}},"923":{"start":{"line":1807,"column":9},"end":{"line":1865,"column":3}},"924":{"start":{"line":1808,"column":4},"end":{"line":1808,"column":19}},"925":{"start":{"line":1809,"column":4},"end":{"line":1809,"column":18}},"926":{"start":{"line":1810,"column":4},"end":{"line":1810,"column":32}},"927":{"start":{"line":1811,"column":9},"end":{"line":1865,"column":3}},"928":{"start":{"line":1812,"column":4},"end":{"line":1812,"column":19}},"929":{"start":{"line":1813,"column":4},"end":{"line":1813,"column":18}},"930":{"start":{"line":1814,"column":4},"end":{"line":1814,"column":32}},"931":{"start":{"line":1815,"column":9},"end":{"line":1865,"column":3}},"932":{"start":{"line":1816,"column":4},"end":{"line":1816,"column":19}},"933":{"start":{"line":1817,"column":4},"end":{"line":1817,"column":18}},"934":{"start":{"line":1818,"column":4},"end":{"line":1818,"column":32}},"935":{"start":{"line":1819,"column":9},"end":{"line":1865,"column":3}},"936":{"start":{"line":1820,"column":4},"end":{"line":1820,"column":19}},"937":{"start":{"line":1821,"column":4},"end":{"line":1821,"column":19}},"938":{"start":{"line":1822,"column":4},"end":{"line":1822,"column":32}},"939":{"start":{"line":1823,"column":9},"end":{"line":1865,"column":3}},"940":{"start":{"line":1824,"column":4},"end":{"line":1824,"column":19}},"941":{"start":{"line":1825,"column":4},"end":{"line":1825,"column":19}},"942":{"start":{"line":1826,"column":4},"end":{"line":1826,"column":32}},"943":{"start":{"line":1827,"column":9},"end":{"line":1865,"column":3}},"944":{"start":{"line":1828,"column":4},"end":{"line":1828,"column":19}},"945":{"start":{"line":1829,"column":4},"end":{"line":1829,"column":19}},"946":{"start":{"line":1830,"column":4},"end":{"line":1830,"column":32}},"947":{"start":{"line":1831,"column":9},"end":{"line":1865,"column":3}},"948":{"start":{"line":1832,"column":4},"end":{"line":1832,"column":19}},"949":{"start":{"line":1833,"column":4},"end":{"line":1833,"column":19}},"950":{"start":{"line":1834,"column":4},"end":{"line":1834,"column":32}},"951":{"start":{"line":1835,"column":9},"end":{"line":1865,"column":3}},"952":{"start":{"line":1836,"column":4},"end":{"line":1836,"column":19}},"953":{"start":{"line":1837,"column":4},"end":{"line":1837,"column":19}},"954":{"start":{"line":1838,"column":4},"end":{"line":1838,"column":32}},"955":{"start":{"line":1839,"column":9},"end":{"line":1865,"column":3}},"956":{"start":{"line":1840,"column":4},"end":{"line":1840,"column":19}},"957":{"start":{"line":1841,"column":4},"end":{"line":1841,"column":19}},"958":{"start":{"line":1842,"column":4},"end":{"line":1842,"column":32}},"959":{"start":{"line":1843,"column":9},"end":{"line":1865,"column":3}},"960":{"start":{"line":1844,"column":4},"end":{"line":1844,"column":19}},"961":{"start":{"line":1845,"column":4},"end":{"line":1845,"column":19}},"962":{"start":{"line":1846,"column":4},"end":{"line":1846,"column":32}},"963":{"start":{"line":1847,"column":9},"end":{"line":1865,"column":3}},"964":{"start":{"line":1848,"column":4},"end":{"line":1848,"column":19}},"965":{"start":{"line":1849,"column":4},"end":{"line":1849,"column":19}},"966":{"start":{"line":1850,"column":4},"end":{"line":1850,"column":32}},"967":{"start":{"line":1851,"column":9},"end":{"line":1865,"column":3}},"968":{"start":{"line":1852,"column":4},"end":{"line":1852,"column":19}},"969":{"start":{"line":1853,"column":4},"end":{"line":1853,"column":19}},"970":{"start":{"line":1854,"column":4},"end":{"line":1854,"column":32}},"971":{"start":{"line":1855,"column":9},"end":{"line":1865,"column":3}},"972":{"start":{"line":1856,"column":4},"end":{"line":1856,"column":19}},"973":{"start":{"line":1857,"column":4},"end":{"line":1857,"column":19}},"974":{"start":{"line":1858,"column":4},"end":{"line":1858,"column":32}},"975":{"start":{"line":1859,"column":9},"end":{"line":1865,"column":3}},"976":{"start":{"line":1860,"column":4},"end":{"line":1860,"column":17}},"977":{"start":{"line":1861,"column":4},"end":{"line":1861,"column":19}},"978":{"start":{"line":1862,"column":4},"end":{"line":1862,"column":32}},"979":{"start":{"line":1864,"column":4},"end":{"line":1864,"column":55}},"980":{"start":{"line":1866,"column":2},"end":{"line":1870,"column":3}},"981":{"start":{"line":1867,"column":4},"end":{"line":1867,"column":87}},"982":{"start":{"line":1869,"column":4},"end":{"line":1869,"column":87}},"983":{"start":{"line":1871,"column":2},"end":{"line":1871,"column":64}},"984":{"start":{"line":1872,"column":2},"end":{"line":1872,"column":59}},"985":{"start":{"line":1873,"column":2},"end":{"line":1873,"column":63}},"986":{"start":{"line":1874,"column":2},"end":{"line":1874,"column":49}},"987":{"start":{"line":1879,"column":30},"end":{"line":1879,"column":97}},"988":{"start":{"line":1879,"column":66},"end":{"line":1879,"column":96}},"989":{"start":{"line":1880,"column":2},"end":{"line":1880,"column":29}},"990":{"start":{"line":1884,"column":30},"end":{"line":1884,"column":101}},"991":{"start":{"line":1884,"column":66},"end":{"line":1884,"column":100}},"992":{"start":{"line":1885,"column":2},"end":{"line":1885,"column":29}},"993":{"start":{"line":1889,"column":26},"end":{"line":1889,"column":68}},"994":{"start":{"line":1889,"column":58},"end":{"line":1889,"column":67}},"995":{"start":{"line":1890,"column":26},"end":{"line":1890,"column":52}},"996":{"start":{"line":1891,"column":2},"end":{"line":1891,"column":71}},"997":{"start":{"line":1892,"column":2},"end":{"line":1892,"column":27}},"998":{"start":{"line":1895,"column":22},"end":{"line":1905,"column":1}},"999":{"start":{"line":1907,"column":0},"end":{"line":1975,"column":2}},"1000":{"start":{"line":1908,"column":13},"end":{"line":1910,"column":30}},"1001":{"start":{"line":1912,"column":26},"end":{"line":1912,"column":79}},"1002":{"start":{"line":1913,"column":19},"end":{"line":1913,"column":52}},"1003":{"start":{"line":1914,"column":17},"end":{"line":1914,"column":19}},"1004":{"start":{"line":1915,"column":17},"end":{"line":1915,"column":19}},"1005":{"start":{"line":1917,"column":2},"end":{"line":1922,"column":3}},"1006":{"start":{"line":1918,"column":4},"end":{"line":1921,"column":5}},"1007":{"start":{"line":1919,"column":7},"end":{"line":1919,"column":52}},"1008":{"start":{"line":1923,"column":2},"end":{"line":1927,"column":3}},"1009":{"start":{"line":1924,"column":4},"end":{"line":1926,"column":5}},"1010":{"start":{"line":1925,"column":6},"end":{"line":1925,"column":51}},"1011":{"start":{"line":1928,"column":17},"end":{"line":1928,"column":40}},"1012":{"start":{"line":1929,"column":17},"end":{"line":1929,"column":38}},"1013":{"start":{"line":1930,"column":17},"end":{"line":1930,"column":40}},"1014":{"start":{"line":1931,"column":17},"end":{"line":1931,"column":38}},"1015":{"start":{"line":1934,"column":0},"end":{"line":1938,"column":1}},"1016":{"start":{"line":1935,"column":2},"end":{"line":1937,"column":3}},"1017":{"start":{"line":1936,"column":4},"end":{"line":1936,"column":25}},"1018":{"start":{"line":1939,"column":0},"end":{"line":1943,"column":1}},"1019":{"start":{"line":1940,"column":2},"end":{"line":1942,"column":3}},"1020":{"start":{"line":1941,"column":4},"end":{"line":1941,"column":24}},"1021":{"start":{"line":1944,"column":14},"end":{"line":1944,"column":59}}
[...]
ne":1823,"column":32},"end":{"line":1823,"column":46}}],"line":1823},"231":{"loc":{"start":{"line":1827,"column":9},"end":{"line":1865,"column":3}},"type":"if","locations":[{"start":{"line":1827,"column":9},"end":{"line":1865,"column":3}},{"start":{"line":1827,"column":9},"end":{"line":1865,"column":3}}],"line":1827},"232":{"loc":{"start":{"line":1827,"column":13},"end":{"line":1827,"column":46}},"type":"binary-expr","locations":[{"start":{"line":1827,"column":13},"end":{"line":1827,"column":28}},{"start":{"line":1827,"column":32},"end":{"line":1827,"column":46}}],"line":1827},"233":{"loc":{"start":{"line":1831,"column":9},"end":{"line":1865,"column":3}},"type":"if","locations":[{"start":{"line":1831,"column":9},"end":{"line":1865,"column":3}},{"start":{"line":1831,"column":9},"end":{"line":1865,"column":3}}],"line":1831},"234":{"loc":{"start":{"line":1831,"column":13},"end":{"line":1831,"column":47}},"type":"binary-expr","locations":[{"start":{"line":1831,"column":13},"end":{"line":1831,"column":28}},{"start":{"line":1831,"column":32},"end":{"line":1831,"column":47}}],"line":1831},"235":{"loc":{"start":{"line":1835,"column":9},"end":{"line":1865,"column":3}},"type":"if","locations":[{"start":{"line":1835,"column":9},"end":{"line":1865,"column":3}},{"start":{"line":1835,"column":9},"end":{"line":1865,"column":3}}],"line":1835},"236":{"loc":{"start":{"line":1835,"column":13},"end":{"line":1835,"column":48}},"type":"binary-expr","locations":[{"start":{"line":1835,"column":13},"end":{"line":1835,"column":29}},{"start":{"line":1835,"column":33},"end":{"line":1835,"column":48}}],"line":1835},"237":{"loc":{"start":{"line":1839,"column":9},"end":{"line":1865,"column":3}},"type":"if","locations":[{"start":{"line":1839,"column":9},"end":{"line":1865,"column":3}},{"start":{"line":1839,"column":9},"end":{"line":1865,"column":3}}],"line":1839},"238":{"loc":{"start":{"line":1839,"column":13},"end":{"line":1839,"column":48}},"type":"binary-expr","locations":[{"start":{"line":1839,"column":13},"end":{"line":1839,"column":29}},{"start":{"line":1839,"column":33},"end":{"line":1839,"column":48}}],"line":1839},"239":{"loc":{"start":{"line":1843,"column":9},"end":{"line":1865,"column":3}},"type":"if","locations":[{"start":{"line":1843,"column":9},"end":{"line":1865,"column":3}},{"start":{"line":1843,"column":9},"end":{"line":1865,"column":3}}],"line":1843},"240":{"loc":{"start":{"line":1843,"column":13},"end":{"line":1843,"column":48}},"type":"binary-expr","locations":[{"start":{"line":1843,"column":13},"end":{"line":1843,"column":29}},{"start":{"line":1843,"column":33},"end":{"line":1843,"column":48}}],"line":1843},"241":{"loc":{"start":{"line":1847,"column":9},"end":{"line":1865,"column":3}},"type":"if","locations":[{"start":{"line":1847,"column":9},"end":{"line":1865,"column":3}},{"start":{"line":1847,"column":9},"end":{"line":1865,"column":3}}],"line":1847},"242":{"loc":{"start":{"line":1847,"column":13},"end":{"line":1847,"column":48}},"type":"binary-expr","locations":[{"start":{"line":1847,"column":13},"end":{"line":1847,"column":29}},{"start":{"line":1847,"column":33},"end":{"line":1847,"column":48}}],"line":1847},"243":{"loc":{"start":{"line":1851,"column":9},"end":{"line":1865,"column":3}},"type":"if","locations":[{"start":{"line":1851,"column":9},"end":{"line":1865,"column":3}},{"start":{"line":1851,"column":9},"end":{"line":1865,"column":3}}],"line":1851},"244":{"loc":{"start":{"line":1851,"column":13},"end":{"line":1851,"column":48}},"type":"binary-expr","locations":[{"start":{"line":1851,"column":13},"end":{"line":1851,"column":29}},{"start":{"line":1851,"column":33},"end":{"line":1851,"column":48}}],"line":1851},"245":{"loc":{"start":{"line":1855,"column":9},"end":{"line":1865,"column":3}},"type":"if","locations":[{"start":{"line":1855,"column":9},"end":{"line":1865,"column":3}},{"start":{"line":1855,"column":9},"end":{"line":1865,"column":3}}],"line":1855},"246":{"loc":{"start":{"line":1855,"column":13},"end":{"line":1855,"column":48}},"type":"binary-expr","locations":[{"start":{"line":1855,"column":13},"end":{"line":1855,"column":29}},{"start":{"line":1855,"column":33},"end":{"line":1855,"column":48}}],"line":1855},"247":{"loc":{"start":{"line":1859,"column":9},"end":{"line":1865,"column":3}},"type":"if","locations":[{"start":{"line":1859,"column":9},"end":{"line":1865,"column":3}},{"start":{"line":1859,"column":9},"end":{"line":1865,"column":3}}],"line":1859},"248":{"loc":{"start":{"line":1866,"column":2},"end":{"line":1870,"column":3}},"type":"if","locations":[{"start":{"line":1866,"column":2},"end":{"line":1870,"column":3}},{"start":{"line":1866,"column":2},"end":{"line":1870,"column":3}}],"line":1866},"249":{"loc":{"start":{"line":1918,"column":4},"end":{"line":1921,"column":5}},"type":"if","locations":[{"start":{"line":1918,"column":4},"end":{"line":1921,"column":5}},{"start":{"line":1918,"column":4},"end":{"line":1921,"column":5}}],"line":1918},"250":{"loc":{"start":{"line":1924,"column":4},"end":{"line":1926,"column":5}},"type":"if","locations":[{"start":{"line":1924,"column":4},"end":{"line":1926,"column":5}},{"start":{"line":1924,"column":4},"end":{"line":1926,"column":5}}],"line":1924},"251":{"loc":{"start":{"line":1935,"column":2},"end":{"line":1937,"column":3}},"type":"if","locations":[{"start":{"line":1935,"column":2},"end":{"line":1937,"column":3}},{"start":{"line":1935,"column":2},"end":{"line":1937,"column":3}}],"line":1935},"252":{"loc":{"start":{"line":1940,"column":2},"end":{"line":1942,"column":3}},"type":"if","locations":[{"start":{"line":1940,"column":2},"end":{"line":1942,"column":3}},{"start":{"line":1940,"column":2},"end":{"line":1942,"column":3}}],"line":1940},"253":{"loc":{"start":{"line":1969,"column":14},"end":{"line":1969,"column":51}},"type":"if","locations":[{"start":{"line":1969,"column":14},"end":{"line":1969,"column":51}},{"start":{"line":1969,"column":14},"end":{"line":1969,"column":51}}],"line":1969}},"s":{"0":0,"1":0,"2":0,"3":0,"4":0,"5":0,"6":0,"7":0,"8":0,"9":0,"10":0,"11":0,"12":0,"13":0,"14":0,"15":0,"16":0,"17":0,"18":0,"19":0,"20":0,"21":0,"22":0,"23":0,"24":0,"25":0,"26":0,"27":0,"28":0,"29":0,"30":0,"31":0,"32":0,"33":0,"34":0,"35":0,"36":0,"37":0,"38":0,"39":0,"40":0,"41":0,"42":0,"43":0,"44":0,"45":0,"46":0,"47":0,"48":0,"49":0,"50":0,"51":0,"52":0,"53":0,"54":0,"55":0,"56":0,"57":0,"58":0,"59":0,"60":0,"61":0,"62":0,"63":0,"64":0,"65":0,"66":0,"67":0,"68":0,"69":0,"70":0,"71":0,"72":0,"73":0,"74":0,"75":0,"76":0,"77":0,"78":0,"79":0,"80":0,"81":0,"82":0,"83":0,"84":0,"85":0,"86":0,"87":0,"88":0,"89":0,"90":0,"91":0,"92":0,"93":0,"94":0,"95":0,"96":0,"97":0,"98":0,"99":0,"100":0,"101":0,"102":0,"103":0,"104":0,"105":0,"106":0,"107":0,"108":0,"109":0,"110":0,"111":0,"112":0,"113":0,"114":0,"115":0,"116":0,"117":0,"118":0,"119":0,"120":0,"121":0,"122":0,"123":0,"124":0,"125":0,"126":0,"127":0,"128":0,"129":0,"130":0,"131":0,"132":0,"133":0,"134":0,"135":0,"136":0,"137":0,"138":0,"139":0,"140":0,"141":0,"142":0,"143":0,"144":0,"145":0,"146":0,"147":0,"148":0,"149":0,"150":0,"151":0,"152":0,"153":0,"154":0,"155":0,"156":0,"157":0,"158":0,"159":0,"160":0,"161":0,"162":0,"163":0,"164":0,"165":0,"166":0,"167":0,"168":0,"169":0,"170":0,"171":0,"172":0,"173":0,"174":0,"175":0,"176":0,"177":0,"178":0,"179":0,"180":0,"181":0,"182":0,"183":0,"184":0,"185":0,"186":0,"187":0,"188":0,"189":0,"190":0,"191":0,"192":0,"193":0,"194":0,"195":0,"196":0,"197":0,"198":0,"199":0,"200":0,"201":0,"202":0,"203":0,"204":0,"205":0,"206":0,"207":0,"208":0,"209":0,"210":0,"211":0,"212":0,"213":0,"214":0,"215":0,"216":0,"217":0,"218":0,"219":0,"220":0,"221":0,"222":0,"223":0,"224":0,"225":0,"226":0,"227":0,"228":0,"229":0,"230":0,"231":0,"232":0,"233":0,"234":0,"235":0,"236":0,"237":0,"238":0,"239":0,"240":0,"241":0,"242":0,"243":0,"244":0,"245":0,"246":0,"247":0,"248":0,"249":0,"250":0,"251":0,"252":0,"253":0,"254":0,"255":0,"256":0,"257":0,"258":0,"259":0,"260":0,"261":0,"262":0,"263":0,"264":0,"265":0,"266":0,"267":0,"268":0,"269":0,"270":0,"271":0,"272":0,"273":0,"274":0,"275":0,"276":0,"277":0,"278":0,"279":0,"280":0,"281":0,"282":0,"283":0,"284":0,"285":0,"286":0,"287":0,"288":0,"289":0,"290":0,"291":0,"292":0,"293":0,"294":0,"295":0,"296":0,"297":0,"298":0,"299":0,"300":0,"301":0,"302":0,"303":0,"304":0,"305":0,"306":0,"307":0,"308":0,"309":0,"310":0,"311":0,"312":0,"313":0,"314":0,"315":0,"316":0,"317":0,"318":0,"319":0,"320":0,"321":0,"322":0,"323":0,"324":0,"325":0,"326":0,"327":0,"328":0,"329":0,"330":0,"331":0,"332":0,"333":0,"334":0,"335":0,"336":0,"337":0,"338":0,"339":0,"340":0,"341":0,"342":0,"343":0,"344":0,"345":0,"346":0,"347":0,"348":0,"349":0,"350":0,"351":0,"352":0,"353":0,"354":0,"355":0,"356":0,"357":0,"358":0,"359":0,"360":0,"361":0,"362":0,"363":0,"364":0,"365":0,"366":0,"367":0,"368":0,"369":0,"370":0,"371":0,"372":0,"373":0,"374":0,"375":0,"376":0,"377":0,"378":0,"379":0,"380":0,"381":0,"382":0,"383":0,"384":0,"385":0,"386":0,"387":0,"388":0,"389":0,"390":0,"391":0,"392":0,"393":0,"394":0,"395":0,"396":0,"397":0,"398":0,"399":0,"400":0,"401":0,"402":0,"403":0,"404":0,"405":0,"406":0,"407":0,"408":0,"409":0,"410":0,"411":0,"412":0,"413":0,"414":0,"415":0,"416":0,"417":0,"418":0,"419":0,"420":0,"421":0,"422":0,"423":0,"424":0,"425":0,"426":0,"427":0,"428":0,"429":0,"430":0,"431":0,"432":0,"433":0,"434":0,"435":0,"436":0,"437":0,"438":0,"439":0,"440":0,"441":0,"442":0,"443":0,"444":0,"445":0,"446":0,"447":0,"448":0,"449":0,"450":0,"451":0,"452":0,"453":0,"454":0,"455":0,"456":0,"457":0,"458":0,"459":0,"460":0,"461":0,"462":0,"463":0,"464":0,"465":0,"466":0,"467":0,"468":0,"469":0,"470":0,"471":0,"472":0,"473":0,"474":0,"475":0,"476":0,"477":0,"478":0,"479":0,"480":0,"481":0,"482":0,"483":0,"484":0,"485":0,"486":0,"487":0,"488":0,"489":0,"490":0,"491":0,"492":0,"493":0,"494":0,"495":0,"496":0,"497":0,"498":0,"499":0,"500":0,"501":0,"502":0,"503":0,"504":0,"505":0,"506":0,"507":0,"508":0,"509":0,"510":0,"511":0,"512":0,"513":0,"514":0,"515":0,"516":0,"517":0,"518":0,"519":0,"520":0,"521":0,"522":0,"523":0,"524":0,"525":0,"526":0,"527":0,"528":0,"529":0,"530":0,"531":0,"532":0,"533":0,"534":0,"535":0,"536":0,"537":0,"538":0,"539":0,"540":0,"541":0,"542":0,"543":0,"544":0,"545":0,"546":0,"547":0,"548":0,"549":0,"550":0,"551":0,"552":0,"553":0,"554":0,"555":0,"556":0,"557":0,"558":0,"559":0,"560":0,"561":0,"562":0,"563":0,"564":0,"565":0,"566":0,"567":0,"568":0,"569":0,"570":0,"571":0,"572":0,"573":0,"574":0,"575":0,"576":0,"577":0,"578":0,"579":0,"580":0,"581":0,"582":0,"583":0,"584":0,"585":0,"586":0,"587":0,"588":0,"589":0,"590":0,"591":0,"592":0,"593":0,"594":0,"595":0,"596":0,"597":0,"598":0,"599":0,"600":0,"601":0,"602":0,"603":0,"604":0,"605":0,"606":0,"607":0,"608":0,"609":0,"610":0,"611":0,"612":0,"613":0,"614":0,"615":0,"616":0,"617":0,"618":0,"619":0,"620":0,"621":0,"622":0,"623":0,"624":0,"625":0,"626":0,"627":0,"628":0,"629":0,"630":0,"631":0,"632":0,"633":0,"634":0,"635":0,"636":0,"637":0,"638":0,"639":0,"640":0,"641":0,"642":0,"643":0,"644":0,"645":0,"646":0,"647":0,"648":0,"649":0,"650":0,"651":0,"652":0,"653":0,"654":0,"655":0,"656":0,"657":0,"658":0,"659":0,"660":0,"661":0,"662":0,"663":0,"664":0,"665":0,"666":0,"667":0,"668":0,"669":0,"670":0,"671":0,"672":0,"673":0,"674":0,"675":0,"676":0,"677":0,"678":0,"679":0,"680":0,"681":0,"682":0,"683":0,"684":0,"685":0,"686":0,"687":0,"688":0,"689":0,"690":0,"691":0,"692":0,"693":0,"694":0,"695":0,"696":0,"697":0,"698":0,"699":0,"700":0,"701":0,"702":0,"703":0,"704":0,"705":0,"706":0,"707":0,"708":0,"709":0,"710":0,"711":0,"712":0,"713":0,"714":0,"715":0,"716":0,"717":0,"718":0,"719":0,"720":0,"721":0,"722":0,"723":0,"724":0,"725":0,"726":0,"727":0,"728":0,"729":0,"730":0,"731":0,"732":0,"733":0,"734":0,"735":0,"736":0,"737":0,"738":0,"739":0,"740":0,"741":0,"742":0,"743":0,"744":0,"745":0,"746":0,"747":0,"748":0,"749":0,"750":0,"751":0,"752":0,"753":0,"754":0,"755":0,"756":0,"757":0,"758":0,"759":0,"760":0,"761":0,"762":0,"763":0,"764":0,"765":0,"766":0,"767":0,"768":0,"769":0,"770":0,"771":0,"772":0,"773":0,"774":0,"775":0,"776":0,"777":0,"778":0,"779":0,"780":0,"781":0,"782":0,"783":0,"784":0,"785":0,"786":0,"787":0,"788":0,"789":0,"790":0,"791":0,"792":0,"793":0,"794":0,"795":0,"796":0,"797":0,"798":0,"799":0,"800":0,"801":0,"802":0,"803":0,"804":0,"805":0,"806":0,"807":0,"808":0,"809":0,"810":0,"811":0,"812":0,"813":0,"814":0,"815":0,"816":0,"817":0,"818":0,"819":0,"820":0,"821":0,"822":0,"823":0,"824":0,"825":0,"826":0,"827":0,"828":0,"829":0,"830":0,"831":0,"832":0,"833":0,"834":0,"835":0,"836":0,"837":0,"838":0,"839":0,"840":0,"841":0,"842":0,"843":0,"844":0,"845":0,"846":0,"847":0,"848":0,"849":0,"850":0,"851":0,"852":0,"853":0,"854":0,"855":0,"856":0,"857":0,"858":0,"859":0,"860":0,"861":0,"862":0,"863":0,"864":0,"865":0,"866":0,"867":0,"868":0,"869":0,"870":0,"871":0,"872":0,"873":0,"874":0,"875":0,"876":0,"877":0,"878":0,"879":0,"880":0,"881":0,"882":0,"883":0,"884":0,"885":0,"886":0,"887":0,"888":0,"889":0,"890":0,"891":0,"892":0,"893":0,"894":0,"895":0,"896":0,"897":0,"898":0,"899":0,"900":0,"901":0,"902":0,"903":0,"904":0,"905":0,"906":0,"907":0,"908":0,"909":0,"910":0,"911":0,"912":0,"913":0,"914":0,"915":0,"916":0,"917":0,"918":0,"919":0,"920":0,"921":0,"922":0,"923":0,"924":0,"925":0,"926":0,"927":0,"928":0,"929":0,"930":0,"931":0,"932":0,"933":0,"934":0,"935":0,"936":0,"937":0,"938":0,"939":0,"940":0,"941":0,"942":0,"943":0,"944":0,"945":0,"946":0,"947":0,"948":0,"949":0,"950":0,"951":0,"952":0,"953":0,"954":0,"955":0,"956":0,"957":0,"958":0,"959":0,"960":0,"961":0,"962":0,"963":0,"964":0,"965":0,"966":0,"967":0,"968":0,"969":0,"970":0,"971":0,"972":0,"973":0,"974":0,"975":0,"976":0,"977":0,"978":0,"979":0,"980":0,"981":0,"982":0,"983":0,"984":0,"985":0,"986":0,"987":0,"988":0,"989":0,"990":0,"991":0,"992":0,"993":0,"994":0,"995":0,"996":0,"997":0,"998":0,"999":0,"1000":0,"1001":0,"1002":0,"1003":0,"1004":0,"1005":0,"1006":0,"1007":0,"1008":0,"1009":0,"1010":0,"1011":0,"1012":0,"1013":0,"1014":0,"1015":0,"1016":0,"1017":0,"1018":0,"1019":0,"1020":0,"1021":0,"1022":0,"1023":0,"1024":0,"1025":0,"1026":0,"1027":0,"1028":0,"1029":0,"1030":0,"1031":0,"1032":0,"1033":0,"1034":0,"1035":0,"1036":0},"f":{"0":0,"1":0,"2":0,"3":0,"4":0,"5":0,"6":0,"7":0,"8":0,"9":0,"10":0,"11":0,"12":0,"13":0,"14":0,"15":0,"16":0,"17":0,"18":0,"19":0,"20":0,"21":0,"22":0,"23":0,"24":0,"25":0,"26":0,"27":0,"28":0,"29":0,"30":0,"31":0,"32":0,"33":0,"34":0,"35":0,"36":0,"37":0,"38":0,"39":0,"40":0,"41":0,"42":0,"43":0,"44":0,"45":0,"46":0,"47":0,"48":0,"49":0,"50":0,"51":0,"52":0,"53":0,"54":0,"55":0,"56":0,"57":0,"58":0,"59":0,"60":0,"61":0,"62":0,"63":0,"64":0,"65":0,"66":0,"67":0,"68":0,"69":0,"70":0,"71":0,"72":0,"73":0,"74":0,"75":0,"76":0,"77":0,"78":0,"79":0,"80":0,"81":0,"82":0,"83":0,"84":0,"85":0,"86":0,"87":0,"88":0,"89":0,"90":0,"91":0,"92":0,"93":0,"94":0,"95":0,"96":0,"97":0,"98":0},"b":{"0":[0,0],"1":[0,0],"2":[0,0],"3":[0,0],"4":[0,0],"5":[0,0],"6":[0,0],"7":[0,0],"8":[0,0],"9":[0,0],"10":[0,0],"11":[0,0],"12":[0,0],"13":[0,0],"14":[0,0],"15":[0,0],"16":[0,0],"17":[0,0],"18":[0,0],"19":[0,0],"20":[0,0],"21":[0,0],"22":[0,0],"23":[0,0],"24":[0,0,0,0,0],"25":[0,0],"26":[0,0],"27":[0,0],"28":[0,0],"29":[0,0],"30":[0,0],"31":[0,0],"32":[0,0,0,0,0],"33":[0,0],"34":[0,0],"35":[0,0],"36":[0,0],"37":[0,0],"38":[0,0],"39":[0,0],"40":[0,0],"41":[0,0],"42":[0,0],"43":[0,0],"44":[0,0],"45":[0,0],"46":[0,0],"47":[0,0],"48":[0,0],"49":[0,0,0,0,0,0],"50":[0,0],"51":[0,0],"52":[0,0],"53":[0,0],"54":[0,0],"55":[0,0],"56":[0,0],"57":[0,0],"58":[0,0],"59":[0,0],"60":[0,0],"61":[0,0],"62":[0,0],"63":[0,0],"64":[0,0],"65":[0,0],"66":[0,0],"67":[0,0],"68":[0,0],"69":[0,0],"70":[0,0],"71":[0,0],"72":[0,0],"73":[0,0],"74":[0,0],"75":[0,0],"76":[0,0],"77":[0,0],"78":[0,0],"79":[0,0],"80":[0,0],"81":[0,0],"82":[0,0],"83":[0,0],"84":[0,0],"85":[0,0],"86":[0,0],"87":[0,0],"88":[0,0],"89":[0,0],"90":[0,0],"91":[0,0],"92":[0,0],"93":[0,0],"94":[0,0],"95":[0,0],"96":[0,0],"97":[0,0],"98":[0,0],"99":[0,0],"100":[0,0],"101":[0,0],"102":[0,0],"103":[0,0],"104":[0,0],"105":[0,0],"106":[0,0],"107":[0,0],"108":[0,0],"109":[0,0],"110":[0,0],"111":[0,0],"112":[0,0],"113":[0,0,0,0],"114":[0,0],"115":[0,0,0,0],"116":[0,0],"117":[0,0,0,0],"118":[0,0,0,0,0],"119":[0,0],"120":[0,0],"121":[0,0],"122":[0,0],"123":[0,0],"124":[0,0],"125":[0,0],"126":[0,0,0,0],"127":[0,0,0,0],"128":[0,0],"129":[0,0],"130":[0,0,0],"131":[0,0],"132":[0,0],"133":[0,0],"134":[0,0],"135":[0,0],"136":[0,0],"137":[0,0],"138":[0,0],"139":[0,0],"140":[0,0],"141":[0,0],"142":[0,0],"143":[0,0],"144":[0,0],"145":[0,0],"146":[0,0],"147":[0,0],"148":[0,0,0],"149":[0,0],"150":[0,0],"151":[0,0],"152":[0,0,0,0],"153":[0,0],"154":[0,0,0,0],"155":[0,0],"156":[0,0,0],"157":[0,0],"158":[0,0,0,0],"159":[0,0],"160":[0,0],"161":[0,0],"162":[0,0],"163":[0,0],"164":[0,0],"165":[0,0],"166":[0,0],"167":[0,0],"168":[0,0],"169":[0,0],"170":[0,0],"171":[0,0],"172":[0,0],"173":[0,0],"174":[0,0],"175":[0,0],"176":[0,0],"177":[0,0,0,0,0],"178":[0,0],"179":[0,0],"180":[0,0],"181":[0,0],"182":[0,0],"183":[0,0],"184":[0,0],"185":[0,0],"186":[0,0],"187":[0,0],"188":[0,0],"189":[0,0],"190":[0,0],"191":[0,0],"192":[0,0],"193":[0,0],"194":[0,0],"195":[0,0],"196":[0,0],"197":[0,0],"198":[0,0],"199":[0,0],"200":[0,0],"201":[0,0],"202":[0,0],"203":[0,0],"204":[0,0],"205":[0,0],"206":[0,0],"207":[0,0],"208":[0,0],"209":[0,0],"210":[0,0],"211":[0,0],"212":[0,0],"213":[0,0],"214":[0,0],"215":[0,0],"216":[0,0],"217":[0,0],"218":[0,0],"219":[0,0],"220":[0,0],"221":[0,0],"222":[0,0],"223":[0,0],"224":[0,0],"225":[0,0],"226":[0,0],"227":[0,0],"228":[0,0],"229":[0,0],"230":[0,0],"231":[0,0],"232":[0,0],"233":[0,0],"234":[0,0],"235":[0,0],"236":[0,0],"237":[0,0],"238":[0,0],"239":[0,0],"240":[0,0],"241":[0,0],"242":[0,0],"243":[0,0],"244":[0,0],"245":[0,0],"246":[0,0],"247":[0,0],"248":[0,0],"249":[0,0],"250":[0,0],"251":[0,0],"252":[0,0],"253":[0,0]},"hash":"499edcc496e3ebc04e029cede8929d744b80a9d1"}
,"C:\\Users\\wrongholt\\Documents\\powers\\lambda\\util.js": {"path":"C:\\Users\\wrongholt\\Documents\\powers\\lambda\\util.js","statementMap":{"0":{"start":{"line":1,"column":12},"end":{"line":1,"column":30}},"1":{"start":{"line":3,"column":22},"end":{"line":5,"column":2}},"2":{"start":{"line":7,"column":0},"end":{"line":18,"column":1}},"3":{"start":{"line":9,"column":23},"end":{"line":9,"column":56}},"4":{"start":{"line":10,"column":27},"end":{"line":14,"column":6}},"5":{"start":{"line":15,"column":4},"end":{"line":15,"column":77}},"6":{"start":{"line":16,"column":4},"end":{"line":16,"column":26}}},"fnMap":{"0":{"name":"getS3PreSignedUrl","decl":{"start":{"line":7,"column":44},"end":{"line":7,"column":61}},"loc":{"start":{"line":7,"column":75},"end":{"line":18,"column":1}},"line":7}},"branchMap":{},"s":{"0":0,"1":0,"2":0,"3":0,"4":0,"5":0,"6":0},"f":{"0":0},"b":{},"hash":"66a7c541237c424f2dbba359b08c89ae656676a5"}
,"C:\\Users\\wrongholt\\Documents\\powers\\lambda\\variables.js": {"path":"C:\\Users\\wrongholt\\Documents\\powers\\lambda\\variables.js","statementMap":{"0":{"start":{"line":1,"column":0},"end":{"line":1,"column":50}}},"fnMap":{},"branchMap":{},"s":{"0":0},"f":{},"b":{},"hash":"9cab0fd704dea9f888bb8c8222cc030333a65040"}
,"C:\\Users\\wrongholt\\Documents\\powers\\lambda\\documents\\listData.js": {"path":"C:\\Users\\wrongholt\\Documents\\powers\\lambda\\documents\\listData.js","statementMap":{"0":{"start":{"line":3,"column":0},"end":{"line":559,"column":4}},"1":{"start":{"line":4,"column":30},"end":{"line":4,"column":83}},"2":{"start":{"line":5,"column":21},"end":{"line":5,"column":54}},"3":{"start":{"line":7,"column":20},"end":{"line":556,"column":3}},"4":{"start":{"line":558,"column":2},"end":{"line":558,"column":21}}},"fnMap":{"0":{"name":"(anonymous_0)","decl":{"start":{"line":3,"column":29},"end":{"line":3,"column":30}},"loc":{"start":{"line":3,"column":52},"end":{"line":559,"column":3}},"line":3}},"branchMap":{},"s":{"0":0,"1":0,"2":0,"3":0,"4":0},"f":{"0":0},"b":{},"hash":"489619b16de7531691259f9f580d822ef5e7029e"}
}
