TN:
SF:C:\Users\wrongholt\Documents\powers\lambda\helpers.js
FN:7,(anonymous_0)
FN:13,(anonymous_1)
FN:17,(anonymous_2)
FN:21,(anonymous_3)
FN:28,(anonymous_4)
FN:29,(anonymous_5)
FN:35,(anonymous_6)
FN:38,(anonymous_7)
FN:41,(anonymous_8)
FN:49,(anonymous_9)
FN:53,(anonymous_10)
FN:61,(anonymous_11)
FNF:12
FNH:0
FNDA:0,(anonymous_0)
FNDA:0,(anonymous_1)
FNDA:0,(anonymous_2)
FNDA:0,(anonymous_3)
FNDA:0,(anonymous_4)
FNDA:0,(anonymous_5)
FNDA:0,(anonymous_6)
FNDA:0,(anonymous_7)
FNDA:0,(anonymous_8)
FNDA:0,(anonymous_9)
FNDA:0,(anonymous_10)
FNDA:0,(anonymous_11)
DA:2,0
DA:3,0
DA:4,0
DA:5,0
DA:7,0
DA:8,0
DA:10,0
DA:13,0
DA:15,0
DA:17,0
DA:21,0
DA:22,0
DA:28,0
DA:29,0
DA:30,0
DA:31,0
DA:32,0
DA:33,0
DA:35,0
DA:36,0
DA:38,0
DA:39,0
DA:41,0
DA:42,0
DA:45,0
DA:49,0
DA:50,0
DA:53,0
DA:54,0
DA:57,0
DA:58,0
DA:61,0
DA:62,0
DA:63,0
DA:64,0
LF:35
LH:0
BRDA:32,0,0,0
BRDA:32,0,1,0
BRDA:32,1,0,0
BRDA:32,1,1,0
BRDA:54,2,0,0
BRDA:54,2,1,0
BRDA:54,3,0,0
BRDA:54,3,1,0
BRDA:54,3,2,0
BRDA:54,3,3,0
BRF:10
BRH:0
end_of_record
TN:
SF:C:\Users\wrongholt\Documents\powers\lambda\index.js
FN:30,(anonymous_0)
FN:33,(anonymous_1)
FN:128,(anonymous_2)
FN:132,(anonymous_3)
FN:170,(anonymous_4)
FN:176,(anonymous_5)
FN:193,(anonymous_6)
FN:197,(anonymous_7)
FN:274,(anonymous_8)
FN:281,(anonymous_9)
FN:350,(anonymous_10)
FN:357,(anonymous_11)
FN:399,(anonymous_12)
FN:403,(anonymous_13)
FN:423,(anonymous_14)
FN:427,(anonymous_15)
FN:449,(anonymous_16)
FN:453,(anonymous_17)
FN:507,(anonymous_18)
FN:511,(anonymous_19)
FN:623,(anonymous_20)
FN:627,(anonymous_21)
FN:688,(anonymous_22)
FN:692,(anonymous_23)
FN:765,(anonymous_24)
FN:769,(anonymous_25)
FN:822,(anonymous_26)
FN:826,(anonymous_27)
FN:894,(anonymous_28)
FN:898,(anonymous_29)
FN:937,(anonymous_30)
FN:941,(anonymous_31)
FN:988,(anonymous_32)
FN:992,(anonymous_33)
FN:998,(anonymous_34)
FN:1002,(anonymous_35)
FN:1010,checkForProductAccess
FN:1026,reportPurchasedProductsError
FN:1036,(anonymous_38)
FN:1040,(anonymous_39)
FN:1052,checkForProductAccess
FN:1057,(anonymous_41)
FN:1060,(anonymous_42)
FN:1063,(anonymous_43)
FN:1084,(anonymous_44)
FN:1089,(anonymous_45)
FN:1098,(anonymous_46)
FN:1099,(anonymous_47)
FN:1138,(anonymous_48)
FN:1143,(anonymous_49)
FN:1151,(anonymous_50)
FN:1156,(anonymous_51)
FN:1164,(anonymous_52)
FN:1165,(anonymous_53)
FN:1175,(anonymous_54)
FN:1179,(anonymous_55)
FN:1194,(anonymous_56)
FN:1199,(anonymous_57)
FN:1211,(anonymous_58)
FN:1214,(anonymous_59)
FN:1222,(anonymous_60)
FN:1225,(anonymous_61)
FN:1237,(anonymous_62)
FN:1240,(anonymous_63)
FN:1252,(anonymous_64)
FN:1256,(anonymous_65)
FN:1307,(anonymous_66)
FN:1317,(anonymous_67)
FN:1327,(anonymous_68)
FN:1333,(anonymous_69)
FN:1340,(anonymous_70)
FN:1399,(anonymous_71)
FN:1417,(anonymous_72)
FN:1425,(anonymous_73)
FN:1468,(anonymous_74)
FN:1492,(anonymous_75)
FN:1509,(anonymous_76)
FN:1527,(anonymous_77)
FN:1537,(anonymous_78)
FN:1544,(anonymous_79)
FN:1552,(anonymous_80)
FN:1561,(anonymous_81)
FN:1587,(anonymous_82)
FN:1608,(anonymous_83)
FN:1640,(anonymous_84)
FN:1672,(anonymous_85)
FN:1698,(anonymous_86)
FN:1726,(anonymous_87)
FN:1761,(anonymous_88)
FN:1777,(anonymous_89)
FN:1878,getAllEntitledProducts
FN:1879,(anonymous_91)
FN:1883,getAllProducts
FN:1884,(anonymous_93)
FN:1888,getSpeakableListOfProducts
FN:1889,(anonymous_95)
FN:1907,(anonymous_96)
FN:1964,(anonymous_97)
FN:1968,(anonymous_98)
FNF:99
FNH:0
FNDA:0,(anonymous_0)
FNDA:0,(anonymous_1)
FNDA:0,(anonymous_2)
FNDA:0,(anonymous_3)
FNDA:0,(anonymous_4)
FNDA:0,(anonymous_5)
FNDA:0,(anonymous_6)
FNDA:0,(anonymous_7)
FNDA:0,(anonymous_8)
FNDA:0,(anonymous_9)
FNDA:0,(anonymous_10)
FNDA:0,(anonymous_11)
FNDA:0,(anonymous_12)
FNDA:0,(anonymous_13)
FNDA:0,(anonymous_14)
FNDA:0,(anonymous_15)
FNDA:0,(anonymous_16)
FNDA:0,(anonymous_17)
FNDA:0,(anonymous_18)
FNDA:0,(anonymous_19)
FNDA:0,(anonymous_20)
FNDA:0,(anonymous_21)
FNDA:0,(anonymous_22)
FNDA:0,(anonymous_23)
FNDA:0,(anonymous_24)
FNDA:0,(anonymous_25)
FNDA:0,(anonymous_26)
FNDA:0,(anonymous_27)
FNDA:0,(anonymous_28)
FNDA:0,(anonymous_29)
FNDA:0,(anonymous_30)
FNDA:0,(anonymous_31)
FNDA:0,(anonymous_32)
FNDA:0,(anonymous_33)
FNDA:0,(anonymous_34)
FNDA:0,(anonymous_35)
FNDA:0,checkForProductAccess
FNDA:0,reportPurchasedProductsError
FNDA:0,(anonymous_38)
FNDA:0,(anonymous_39)
FNDA:0,checkForProductAccess
FNDA:0,(anonymous_41)
FNDA:0,(anonymous_42)
FNDA:0,(anonymous_43)
FNDA:0,(anonymous_44)
FNDA:0,(anonymous_45)
FNDA:0,(anonymous_46)
FNDA:0,(anonymous_47)
FNDA:0,(anonymous_48)
FNDA:0,(anonymous_49)
FNDA:0,(anonymous_50)
FNDA:0,(anonymous_51)
FNDA:0,(anonymous_52)
FNDA:0,(anonymous_53)
FNDA:0,(anonymous_54)
FNDA:0,(anonymous_55)
FNDA:0,(anonymous_56)
FNDA:0,(anonymous_57)
FNDA:0,(anonymous_58)
FNDA:0,(anonymous_59)
FNDA:0,(anonymous_60)
FNDA:0,(anonymous_61)
FNDA:0,(anonymous_62)
FNDA:0,(anonymous_63)
FNDA:0,(anonymous_64)
FNDA:0,(anonymous_65)
FNDA:0,(anonymous_66)
FNDA:0,(anonymous_67)
FNDA:0,(anonymous_68)
FNDA:0,(anonymous_69)
FNDA:0,(anonymous_70)
FNDA:0,(anonymous_71)
FNDA:0,(anonymous_72)
FNDA:0,(anonymous_73)
FNDA:0,(anonymous_74)
FNDA:0,(anonymous_75)
FNDA:0,(anonymous_76)
FNDA:0,(anonymous_77)
FNDA:0,(anonymous_78)
FNDA:0,(anonymous_79)
FNDA:0,(anonymous_80)
FNDA:0,(anonymous_81)
FNDA:0,(anonymous_82)
FNDA:0,(anonymous_83)
FNDA:0,(anonymous_84)
FNDA:0,(anonymous_85)
FNDA:0,(anonymous_86)
FNDA:0,(anonymous_87)
FNDA:0,(anonymous_88)
FNDA:0,(anonymous_89)
FNDA:0,getAllEntitledProducts
FNDA:0,(anonymous_91)
FNDA:0,getAllProducts
FNDA:0,(anonymous_93)
FNDA:0,getSpeakableListOfProducts
FNDA:0,(anonymous_95)
FNDA:0,(anonymous_96)
FNDA:0,(anonymous_97)
FNDA:0,(anonymous_98)
DA:2,0
DA:3,0
DA:4,0
DA:7,0
DA:8,0
DA:10,0
DA:11,0
DA:12,0
DA:13,0
DA:14,0
DA:15,0
DA:16,0
DA:17,0
DA:18,0
DA:19,0
DA:20,0
DA:21,0
DA:24,0
DA:29,0
DA:31,0
DA:34,0
DA:35,0
DA:36,0
DA:37,0
DA:38,0
DA:39,0
DA:40,0
DA:41,0
DA:43,0
DA:45,0
DA:46,0
DA:48,0
DA:49,0
DA:51,0
DA:57,0
DA:59,0
DA:60,0
DA:62,0
DA:63,0
DA:65,0
DA:66,0
DA:67,0
DA:68,0
DA:70,0
DA:71,0
DA:72,0
DA:73,0
DA:75,0
DA:77,0
DA:78,0
DA:79,0
DA:80,0
DA:81,0
DA:82,0
DA:83,0
DA:84,0
DA:85,0
DA:86,0
DA:87,0
DA:88,0
DA:89,0
DA:90,0
DA:92,0
DA:93,0
DA:94,0
DA:95,0
DA:96,0
DA:97,0
DA:98,0
DA:118,0
DA:127,0
DA:129,0
DA:133,0
DA:136,0
DA:137,0
DA:138,0
DA:139,0
DA:140,0
DA:141,0
DA:143,0
DA:144,0
DA:145,0
DA:146,0
DA:147,0
DA:148,0
DA:150,0
DA:151,0
DA:152,0
DA:154,0
DA:155,0
DA:156,0
DA:158,0
DA:159,0
DA:160,0
DA:162,0
DA:163,0
DA:164,0
DA:167,0
DA:168,0
DA:170,0
DA:171,0
DA:177,0
DA:178,0
DA:179,0
DA:181,0
DA:184,0
DA:185,0
DA:186,0
DA:187,0
DA:192,0
DA:194,0
DA:198,0
DA:199,0
DA:200,0
DA:201,0
DA:202,0
DA:204,0
DA:205,0
DA:206,0
DA:208,0
DA:209,0
DA:211,0
DA:212,0
DA:213,0
DA:215,0
DA:216,0
DA:217,0
DA:218,0
DA:220,0
DA:222,0
DA:225,0
DA:231,0
DA:232,0
DA:234,0
DA:235,0
DA:237,0
DA:239,0
DA:241,0
DA:242,0
DA:243,0
DA:244,0
DA:264,0
DA:273,0
DA:275,0
DA:282,0
DA:283,0
DA:284,0
DA:285,0
DA:288,0
DA:289,0
DA:290,0
DA:291,0
DA:293,0
DA:294,0
DA:295,0
DA:296,0
DA:297,0
DA:298,0
DA:299,0
DA:300,0
DA:301,0
DA:303,0
DA:305,0
DA:308,0
DA:309,0
DA:310,0
DA:311,0
DA:312,0
DA:314,0
DA:317,0
DA:320,0
DA:323,0
DA:324,0
DA:325,0
DA:326,0
DA:327,0
DA:328,0
DA:330,0
DA:341,0
DA:349,0
DA:351,0
DA:358,0
DA:359,0
DA:360,0
DA:361,0
DA:362,0
DA:364,0
DA:368,0
DA:369,0
DA:370,0
DA:371,0
DA:372,0
DA:374,0
DA:375,0
DA:376,0
DA:379,0
DA:390,0
DA:398,0
DA:400,0
DA:404,0
DA:405,0
DA:406,0
DA:407,0
DA:408,0
DA:410,0
DA:411,0
DA:412,0
DA:413,0
DA:414,0
DA:415,0
DA:416,0
DA:422,0
DA:424,0
DA:428,0
DA:429,0
DA:430,0
DA:432,0
DA:433,0
DA:434,0
DA:435,0
DA:437,0
DA:438,0
DA:439,0
DA:440,0
DA:441,0
DA:442,0
DA:443,0
DA:448,0
DA:450,0
DA:454,0
DA:455,0
DA:456,0
DA:457,0
DA:459,0
DA:460,0
DA:461,0
DA:463,0
DA:468,0
DA:472,0
DA:473,0
DA:474,0
DA:475,0
DA:476,0
DA:498,0
DA:506,0
DA:508,0
DA:512,0
DA:513,0
DA:514,0
DA:515,0
DA:516,0
DA:517,0
DA:518,0
DA:519,0
DA:526,0
DA:527,0
DA:529,0
DA:530,0
DA:531,0
DA:532,0
DA:533,0
DA:534,0
DA:535,0
DA:538,0
DA:542,0
DA:543,0
DA:544,0
DA:545,0
DA:546,0
DA:549,0
DA:552,0
DA:553,0
DA:555,0
DA:556,0
DA:557,0
DA:558,0
DA:559,0
DA:562,0
DA:565,0
DA:566,0
DA:567,0
DA:568,0
DA:569,0
DA:571,0
DA:573,0
DA:574,0
DA:577,0
DA:578,0
DA:579,0
DA:580,0
DA:582,0
DA:583,0
DA:584,0
DA:585,0
DA:613,0
DA:622,0
DA:624,0
DA:632,0
DA:633,0
DA:634,0
DA:635,0
DA:637,0
DA:638,0
DA:639,0
DA:640,0
DA:641,0
DA:642,0
DA:643,0
DA:644,0
DA:645,0
DA:646,0
DA:647,0
DA:648,0
DA:649,0
DA:650,0
DA:651,0
DA:653,0
DA:654,0
DA:655,0
DA:656,0
DA:678,0
DA:679,0
DA:687,0
DA:689,0
DA:694,0
DA:695,0
DA:696,0
DA:697,0
DA:698,0
DA:699,0
DA:700,0
DA:701,0
DA:723,0
DA:729,0
DA:730,0
DA:731,0
DA:753,0
DA:764,0
DA:766,0
DA:770,0
DA:771,0
DA:772,0
DA:773,0
DA:774,0
DA:775,0
DA:776,0
DA:778,0
DA:779,0
DA:780,0
DA:781,0
DA:782,0
DA:785,0
DA:786,0
DA:788,0
DA:813,0
DA:821,0
DA:823,0
DA:827,0
DA:828,0
DA:829,0
DA:830,0
DA:831,0
DA:832,0
DA:833,0
DA:834,0
DA:836,0
DA:837,0
DA:838,0
DA:839,0
DA:840,0
DA:842,0
DA:843,0
DA:844,0
DA:845,0
DA:847,0
DA:848,0
DA:849,0
DA:851,0
DA:853,0
DA:856,0
DA:857,0
DA:858,0
DA:859,0
DA:860,0
DA:886,0
DA:893,0
DA:895,0
DA:899,0
DA:900,0
DA:901,0
DA:902,0
DA:903,0
DA:904,0
DA:906,0
DA:907,0
DA:908,0
DA:910,0
DA:911,0
DA:913,0
DA:914,0
DA:915,0
DA:917,0
DA:918,0
DA:920,0
DA:921,0
DA:922,0
DA:924,0
DA:925,0
DA:929,0
DA:936,0
DA:938,0
DA:942,0
DA:943,0
DA:944,0
DA:945,0
DA:946,0
DA:948,0
DA:949,0
DA:950,0
DA:953,0
DA:954,0
DA:955,0
DA:957,0
DA:958,0
DA:959,0
DA:961,0
DA:962,0
DA:963,0
DA:965,0
DA:966,0
DA:967,0
DA:969,0
DA:970,0
DA:971,0
DA:973,0
DA:974,0
DA:975,0
DA:978,0
DA:979,0
DA:980,0
DA:987,0
DA:989,0
DA:993,0
DA:997,0
DA:999,0
DA:1004,0
DA:1005,0
DA:1006,0
DA:1007,0
DA:1008,0
DA:1009,0
DA:1011,0
DA:1012,0
DA:1013,0
DA:1014,0
DA:1019,0
DA:1020,0
DA:1021,0
DA:1027,0
DA:1029,0
DA:1035,0
DA:1037,0
DA:1041,0
DA:1042,0
DA:1043,0
DA:1044,0
DA:1045,0
DA:1046,0
DA:1048,0
DA:1049,0
DA:1050,0
DA:1052,0
DA:1055,0
DA:1056,0
DA:1057,0
DA:1058,0
DA:1059,0
DA:1060,0
DA:1061,0
DA:1062,0
DA:1063,0
DA:1066,0
DA:1083,0
DA:1085,0
DA:1090,0
DA:1092,0
DA:1093,0
DA:1094,0
DA:1095,0
DA:1096,0
DA:1098,0
DA:1099,0
DA:1100,0
DA:1101,0
DA:1103,0
DA:1104,0
DA:1106,0
DA:1107,0
DA:1109,0
DA:1110,0
DA:1111,0
DA:1112,0
DA:1113,0
DA:1114,0
DA:1115,0
DA:1116,0
DA:1117,0
DA:1118,0
DA:1119,0
DA:1120,0
DA:1121,0
DA:1123,0
DA:1124,0
DA:1125,0
DA:1126,0
DA:1127,0
DA:1128,0
DA:1137,0
DA:1139,0
DA:1144,0
DA:1146,0
DA:1150,0
DA:1152,0
DA:1157,0
DA:1159,0
DA:1160,0
DA:1161,0
DA:1162,0
DA:1164,0
DA:1165,0
DA:1167,0
DA:1168,0
DA:1174,0
DA:1176,0
DA:1180,0
DA:1182,0
DA:1183,0
DA:1184,0
DA:1185,0
DA:1187,0
DA:1193,0
DA:1195,0
DA:1200,0
DA:1203,0
DA:1204,0
DA:1210,0
DA:1212,0
DA:1215,0
DA:1216,0
DA:1221,0
DA:1223,0
DA:1226,0
DA:1227,0
DA:1229,0
DA:1236,0
DA:1238,0
DA:1241,0
DA:1242,0
DA:1243,0
DA:1245,0
DA:1251,0
DA:1253,0
DA:1257,0
DA:1258,0
DA:1259,0
DA:1260,0
DA:1261,0
DA:1263,0
DA:1271,0
DA:1307,0
DA:1308,0
DA:1313,0
DA:1314,0
DA:1317,0
DA:1318,0
DA:1319,0
DA:1320,0
DA:1321,0
DA:1323,0
DA:1324,0
DA:1327,0
DA:1328,0
DA:1329,0
DA:1330,0
DA:1333,0
DA:1334,0
DA:1335,0
DA:1337,0
DA:1340,0
DA:1341,0
DA:1342,0
DA:1343,0
DA:1344,0
DA:1345,0
DA:1347,0
DA:1348,0
DA:1349,0
DA:1350,0
DA:1352,0
DA:1353,0
DA:1355,0
DA:1356,0
DA:1358,0
DA:1359,0
DA:1360,0
DA:1361,0
DA:1362,0
DA:1364,0
DA:1365,0
DA:1366,0
DA:1367,0
DA:1368,0
DA:1371,0
DA:1373,0
DA:1374,0
DA:1375,0
DA:1377,0
DA:1378,0
DA:1380,0
DA:1381,0
DA:1383,0
DA:1384,0
DA:1386,0
DA:1387,0
DA:1389,0
DA:1390,0
DA:1391,0
DA:1393,0
DA:1394,0
DA:1395,0
DA:1396,0
DA:1399,0
DA:1400,0
DA:1401,0
DA:1402,0
DA:1403,0
DA:1404,0
DA:1405,0
DA:1406,0
DA:1407,0
DA:1408,0
DA:1409,0
DA:1410,0
DA:1411,0
DA:1413,0
DA:1415,0
DA:1417,0
DA:1418,0
DA:1419,0
DA:1420,0
DA:1422,0
DA:1425,0
DA:1427,0
DA:1428,0
DA:1434,0
DA:1435,0
DA:1436,0
DA:1441,0
DA:1442,0
DA:1443,0
DA:1448,0
DA:1449,0
DA:1450,0
DA:1455,0
DA:1456,0
DA:1457,0
DA:1462,0
DA:1464,0
DA:1468,0
DA:1469,0
DA:1470,0
DA:1471,0
DA:1472,0
DA:1473,0
DA:1474,0
DA:1475,0
DA:1476,0
DA:1477,0
DA:1479,0
DA:1481,0
DA:1482,0
DA:1483,0
DA:1485,0
DA:1486,0
DA:1489,0
DA:1492,0
DA:1493,0
DA:1494,0
DA:1495,0
DA:1496,0
DA:1497,0
DA:1498,0
DA:1499,0
DA:1500,0
DA:1502,0
DA:1503,0
DA:1505,0
DA:1506,0
DA:1509,0
DA:1510,0
DA:1511,0
DA:1513,0
DA:1514,0
DA:1515,0
DA:1516,0
DA:1517,0
DA:1518,0
DA:1519,0
DA:1520,0
DA:1521,0
DA:1522,0
DA:1523,0
DA:1524,0
DA:1527,0
DA:1528,0
DA:1529,0
DA:1530,0
DA:1531,0
DA:1532,0
DA:1537,0
DA:1538,0
DA:1539,0
DA:1540,0
DA:1541,0
DA:1542,0
DA:1544,0
DA:1545,0
DA:1546,0
DA:1547,0
DA:1548,0
DA:1549,0
DA:1552,0
DA:1553,0
DA:1554,0
DA:1555,0
DA:1556,0
DA:1557,0
DA:1558,0
DA:1561,0
DA:1562,0
DA:1564,0
DA:1565,0
DA:1567,0
DA:1569,0
DA:1570,0
DA:1571,0
DA:1572,0
DA:1573,0
DA:1574,0
DA:1578,0
DA:1579,0
DA:1580,0
DA:1581,0
DA:1582,0
DA:1583,0
DA:1587,0
DA:1588,0
DA:1589,0
DA:1591,0
DA:1592,0
DA:1593,0
DA:1595,0
DA:1598,0
DA:1599,0
DA:1600,0
DA:1602,0
DA:1608,0
DA:1609,0
DA:1610,0
DA:1612,0
DA:1613,0
DA:1615,0
DA:1617,0
DA:1618,0
DA:1620,0
DA:1621,0
DA:1622,0
DA:1624,0
DA:1626,0
DA:1627,0
DA:1629,0
DA:1631,0
DA:1632,0
DA:1634,0
DA:1635,0
DA:1636,0
DA:1640,0
DA:1641,0
DA:1642,0
DA:1643,0
DA:1644,0
DA:1646,0
DA:1647,0
DA:1649,0
DA:1650,0
DA:1652,0
DA:1653,0
DA:1655,0
DA:1656,0
DA:1657,0
DA:1658,0
DA:1659,0
DA:1660,0
DA:1661,0
DA:1662,0
DA:1663,0
DA:1664,0
DA:1665,0
DA:1667,0
DA:1668,0
DA:1672,0
DA:1673,0
DA:1674,0
DA:1675,0
DA:1676,0
DA:1677,0
DA:1678,0
DA:1679,0
DA:1680,0
DA:1681,0
DA:1682,0
DA:1683,0
DA:1684,0
DA:1686,0
DA:1687,0
DA:1688,0
DA:1689,0
DA:1690,0
DA:1691,0
DA:1692,0
DA:1693,0
DA:1694,0
DA:1695,0
DA:1698,0
DA:1699,0
DA:1700,0
DA:1701,0
DA:1702,0
DA:1703,0
DA:1704,0
DA:1705,0
DA:1706,0
DA:1707,0
DA:1708,0
DA:1709,0
DA:1710,0
DA:1712,0
DA:1713,0
DA:1714,0
DA:1715,0
DA:1716,0
DA:1717,0
DA:1718,0
DA:1719,0
DA:1720,0
DA:1721,0
DA:1726,0
DA:1727,0
DA:1728,0
DA:1729,0
DA:1730,0
DA:1733,0
DA:1734,0
DA:1736,0
DA:1738,0
DA:1739,0
DA:1741,0
DA:1744,0
DA:1756,0
DA:1757,0
DA:1758,0
DA:1761,0
DA:1762,0
DA:1763,0
DA:1764,0
DA:1765,0
DA:1766,0
DA:1767,0
DA:1768,0
DA:1769,0
DA:1770,0
DA:1771,0
DA:1773,0
DA:1777,0
DA:1778,0
DA:1779,0
DA:1780,0
DA:1781,0
DA:1783,0
DA:1784,0
DA:1785,0
DA:1786,0
DA:1787,0
DA:1788,0
DA:1789,0
DA:1790,0
DA:1791,0
DA:1792,0
DA:1793,0
DA:1794,0
DA:1795,0
DA:1796,0
DA:1797,0
DA:1798,0
DA:1799,0
DA:1800,0
DA:1801,0
DA:1802,0
DA:1803,0
DA:1804,0
DA:1805,0
DA:1806,0
DA:1807,0
DA:1808,0
DA:1809,0
DA:1810,0
DA:1811,0
DA:1812,0
DA:1813,0
DA:1814,0
DA:1815,0
DA:1816,0
DA:1817,0
DA:1818,0
DA:1819,0
DA:1820,0
DA:1821,0
DA:1822,0
DA:1823,0
DA:1824,0
DA:1825,0
DA:1826,0
DA:1827,0
DA:1828,0
DA:1829,0
DA:1830,0
DA:1831,0
DA:1832,0
DA:1833,0
DA:1834,0
DA:1835,0
DA:1836,0
DA:1837,0
DA:1838,0
DA:1839,0
DA:1840,0
DA:1841,0
DA:1842,0
DA:1843,0
DA:1844,0
DA:1845,0
DA:1846,0
DA:1847,0
DA:1848,0
DA:1849,0
DA:1850,0
DA:1851,0
DA:1852,0
DA:1853,0
DA:1854,0
DA:1855,0
DA:1856,0
DA:1857,0
DA:1858,0
DA:1859,0
DA:1860,0
DA:1861,0
DA:1862,0
DA:1864,0
DA:1866,0
DA:1867,0
DA:1869,0
DA:1871,0
DA:1872,0
DA:1873,0
DA:1874,0
DA:1879,0
DA:1880,0
DA:1884,0
DA:1885,0
DA:1889,0
DA:1890,0
DA:1891,0
DA:1892,0
DA:1895,0
DA:1907,0
DA:1908,0
DA:1912,0
DA:1913,0
DA:1914,0
DA:1915,0
DA:1917,0
DA:1918,0
DA:1919,0
DA:1923,0
DA:1924,0
DA:1925,0
DA:1928,0
DA:1929,0
DA:1930,0
DA:1931,0
DA:1934,0
DA:1935,0
DA:1936,0
DA:1939,0
DA:1940,0
DA:1941,0
DA:1944,0
DA:1945,0
DA:1946,0
DA:1947,0
DA:1948,0
DA:1960,0
DA:1961,0
DA:1962,0
DA:1963,0
DA:1964,0
DA:1965,0
DA:1969,0
DA:1970,0
DA:1974,0
LF:1021
LH:0
BRDA:45,0,0,0
BRDA:45,0,1,0
BRDA:59,1,0,0
BRDA:59,1,1,0
BRDA:62,2,0,0
BRDA:62,2,1,0
BRDA:70,3,0,0
BRDA:70,3,1,0
BRDA:78,4,0,0
BRDA:78,4,1,0
BRDA:83,5,0,0
BRDA:83,5,1,0
BRDA:83,6,0,0
BRDA:83,6,1,0
BRDA:85,7,0,0
BRDA:85,7,1,0
BRDA:87,8,0,0
BRDA:87,8,1,0
BRDA:89,9,0,0
BRDA:89,9,1,0
BRDA:94,10,0,0
BRDA:94,10,1,0
BRDA:129,11,0,0
BRDA:129,11,1,0
BRDA:140,12,0,0
BRDA:140,12,1,0
BRDA:150,13,0,0
BRDA:150,13,1,0
BRDA:154,14,0,0
BRDA:154,14,1,0
BRDA:158,15,0,0
BRDA:158,15,1,0
BRDA:162,16,0,0
BRDA:162,16,1,0
BRDA:177,17,0,0
BRDA:177,17,1,0
BRDA:194,18,0,0
BRDA:194,18,1,0
BRDA:205,19,0,0
BRDA:205,19,1,0
BRDA:208,20,0,0
BRDA:208,20,1,0
BRDA:216,21,0,0
BRDA:216,21,1,0
BRDA:231,22,0,0
BRDA:231,22,1,0
BRDA:242,23,0,0
BRDA:242,23,1,0
BRDA:275,24,0,0
BRDA:275,24,1,0
BRDA:275,24,2,0
BRDA:275,24,3,0
BRDA:275,24,4,0
BRDA:284,25,0,0
BRDA:284,25,1,0
BRDA:290,26,0,0
BRDA:290,26,1,0
BRDA:293,27,0,0
BRDA:293,27,1,0
BRDA:311,28,0,0
BRDA:311,28,1,0
BRDA:323,29,0,0
BRDA:323,29,1,0
BRDA:324,30,0,0
BRDA:324,30,1,0
BRDA:324,31,0,0
BRDA:324,31,1,0
BRDA:351,32,0,0
BRDA:351,32,1,0
BRDA:351,32,2,0
BRDA:351,32,3,0
BRDA:351,32,4,0
BRDA:361,33,0,0
BRDA:361,33,1,0
BRDA:369,34,0,0
BRDA:369,34,1,0
BRDA:370,35,0,0
BRDA:370,35,1,0
BRDA:370,36,0,0
BRDA:370,36,1,0
BRDA:400,37,0,0
BRDA:400,37,1,0
BRDA:411,38,0,0
BRDA:411,38,1,0
BRDA:414,39,0,0
BRDA:414,39,1,0
BRDA:424,40,0,0
BRDA:424,40,1,0
BRDA:437,41,0,0
BRDA:437,41,1,0
BRDA:441,42,0,0
BRDA:441,42,1,0
BRDA:450,43,0,0
BRDA:450,43,1,0
BRDA:459,44,0,0
BRDA:459,44,1,0
BRDA:473,45,0,0
BRDA:473,45,1,0
BRDA:508,46,0,0
BRDA:508,46,1,0
BRDA:518,47,0,0
BRDA:518,47,1,0
BRDA:526,48,0,0
BRDA:526,48,1,0
BRDA:526,49,0,0
BRDA:526,49,1,0
BRDA:526,49,2,0
BRDA:526,49,3,0
BRDA:526,49,4,0
BRDA:526,49,5,0
BRDA:529,50,0,0
BRDA:529,50,1,0
BRDA:529,51,0,0
BRDA:529,51,1,0
BRDA:531,52,0,0
BRDA:531,52,1,0
BRDA:534,53,0,0
BRDA:534,53,1,0
BRDA:542,54,0,0
BRDA:542,54,1,0
BRDA:542,55,0,0
BRDA:542,55,1,0
BRDA:545,56,0,0
BRDA:545,56,1,0
BRDA:555,57,0,0
BRDA:555,57,1,0
BRDA:555,58,0,0
BRDA:555,58,1,0
BRDA:557,59,0,0
BRDA:557,59,1,0
BRDA:565,60,0,0
BRDA:565,60,1,0
BRDA:568,61,0,0
BRDA:568,61,1,0
BRDA:578,62,0,0
BRDA:578,62,1,0
BRDA:578,63,0,0
BRDA:578,63,1,0
BRDA:582,64,0,0
BRDA:582,64,1,0
BRDA:624,65,0,0
BRDA:624,65,1,0
BRDA:637,66,0,0
BRDA:637,66,1,0
BRDA:637,67,0,0
BRDA:637,67,1,0
BRDA:642,68,0,0
BRDA:642,68,1,0
BRDA:647,69,0,0
BRDA:647,69,1,0
BRDA:653,70,0,0
BRDA:653,70,1,0
BRDA:689,71,0,0
BRDA:689,71,1,0
BRDA:698,72,0,0
BRDA:698,72,1,0
BRDA:700,73,0,0
BRDA:700,73,1,0
BRDA:730,74,0,0
BRDA:730,74,1,0
BRDA:766,75,0,0
BRDA:766,75,1,0
BRDA:775,76,0,0
BRDA:775,76,1,0
BRDA:785,77,0,0
BRDA:785,77,1,0
BRDA:823,78,0,0
BRDA:823,78,1,0
BRDA:833,79,0,0
BRDA:833,79,1,0
BRDA:844,80,0,0
BRDA:844,80,1,0
BRDA:847,81,0,0
BRDA:847,81,1,0
BRDA:858,82,0,0
BRDA:858,82,1,0
BRDA:895,83,0,0
BRDA:895,83,1,0
BRDA:906,84,0,0
BRDA:906,84,1,0
BRDA:906,85,0,0
BRDA:906,85,1,0
BRDA:907,86,0,0
BRDA:907,86,1,0
BRDA:907,87,0,0
BRDA:907,87,1,0
BRDA:913,88,0,0
BRDA:913,88,1,0
BRDA:913,89,0,0
BRDA:913,89,1,0
BRDA:914,90,0,0
BRDA:914,90,1,0
BRDA:914,91,0,0
BRDA:914,91,1,0
BRDA:920,92,0,0
BRDA:920,92,1,0
BRDA:920,93,0,0
BRDA:920,93,1,0
BRDA:921,94,0,0
BRDA:921,94,1,0
BRDA:921,95,0,0
BRDA:921,95,1,0
BRDA:938,96,0,0
BRDA:938,96,1,0
BRDA:950,97,0,0
BRDA:950,97,1,0
BRDA:953,98,0,0
BRDA:953,98,1,0
BRDA:954,99,0,0
BRDA:954,99,1,0
BRDA:954,100,0,0
BRDA:954,100,1,0
BRDA:961,101,0,0
BRDA:961,101,1,0
BRDA:962,102,0,0
BRDA:962,102,1,0
BRDA:962,103,0,0
BRDA:962,103,1,0
BRDA:969,104,0,0
BRDA:969,104,1,0
BRDA:970,105,0,0
BRDA:970,105,1,0
BRDA:970,106,0,0
BRDA:970,106,1,0
BRDA:989,107,0,0
BRDA:989,107,1,0
BRDA:999,108,0,0
BRDA:999,108,1,0
BRDA:1012,109,0,0
BRDA:1012,109,1,0
BRDA:1012,110,0,0
BRDA:1012,110,1,0
BRDA:1037,111,0,0
BRDA:1037,111,1,0
BRDA:1055,112,0,0
BRDA:1055,112,1,0
BRDA:1055,113,0,0
BRDA:1055,113,1,0
BRDA:1055,113,2,0
BRDA:1055,113,3,0
BRDA:1058,114,0,0
BRDA:1058,114,1,0
BRDA:1058,115,0,0
BRDA:1058,115,1,0
BRDA:1058,115,2,0
BRDA:1058,115,3,0
BRDA:1061,116,0,0
BRDA:1061,116,1,0
BRDA:1061,117,0,0
BRDA:1061,117,1,0
BRDA:1061,117,2,0
BRDA:1061,117,3,0
BRDA:1085,118,0,0
BRDA:1085,118,1,0
BRDA:1085,118,2,0
BRDA:1085,118,3,0
BRDA:1085,118,4,0
BRDA:1100,119,0,0
BRDA:1100,119,1,0
BRDA:1103,120,0,0
BRDA:1103,120,1,0
BRDA:1106,121,0,0
BRDA:1106,121,1,0
BRDA:1109,122,0,0
BRDA:1109,122,1,0
BRDA:1110,123,0,0
BRDA:1110,123,1,0
BRDA:1116,124,0,0
BRDA:1116,124,1,0
BRDA:1123,125,0,0
BRDA:1123,125,1,0
BRDA:1139,126,0,0
BRDA:1139,126,1,0
BRDA:1139,126,2,0
BRDA:1139,126,3,0
BRDA:1152,127,0,0
BRDA:1152,127,1,0
BRDA:1152,127,2,0
BRDA:1152,127,3,0
BRDA:1167,128,0,0
BRDA:1167,128,1,0
BRDA:1176,129,0,0
BRDA:1176,129,1,0
BRDA:1195,130,0,0
BRDA:1195,130,1,0
BRDA:1195,130,2,0
BRDA:1253,131,0,0
BRDA:1253,131,1,0
BRDA:1335,132,0,0
BRDA:1335,132,1,0
BRDA:1343,133,0,0
BRDA:1343,133,1,0
BRDA:1344,134,0,0
BRDA:1344,134,1,0
BRDA:1349,135,0,0
BRDA:1349,135,1,0
BRDA:1352,136,0,0
BRDA:1352,136,1,0
BRDA:1355,137,0,0
BRDA:1355,137,1,0
BRDA:1359,138,0,0
BRDA:1359,138,1,0
BRDA:1361,139,0,0
BRDA:1361,139,1,0
BRDA:1367,140,0,0
BRDA:1367,140,1,0
BRDA:1373,141,0,0
BRDA:1373,141,1,0
BRDA:1374,142,0,0
BRDA:1374,142,1,0
BRDA:1380,143,0,0
BRDA:1380,143,1,0
BRDA:1383,144,0,0
BRDA:1383,144,1,0
BRDA:1386,145,0,0
BRDA:1386,145,1,0
BRDA:1390,146,0,0
BRDA:1390,146,1,0
BRDA:1400,147,0,0
BRDA:1400,147,1,0
BRDA:1400,148,0,0
BRDA:1400,148,1,0
BRDA:1400,148,2,0
BRDA:1402,149,0,0
BRDA:1402,149,1,0
BRDA:1402,150,0,0
BRDA:1402,150,1,0
BRDA:1404,151,0,0
BRDA:1404,151,1,0
BRDA:1404,152,0,0
BRDA:1404,152,1,0
BRDA:1404,152,2,0
BRDA:1404,152,3,0
BRDA:1406,153,0,0
BRDA:1406,153,1,0
BRDA:1406,154,0,0
BRDA:1406,154,1,0
BRDA:1406,154,2,0
BRDA:1406,154,3,0
BRDA:1408,155,0,0
BRDA:1408,155,1,0
BRDA:1408,156,0,0
BRDA:1408,156,1,0
BRDA:1408,156,2,0
BRDA:1410,157,0,0
BRDA:1410,157,1,0
BRDA:1410,158,0,0
BRDA:1410,158,1,0
BRDA:1410,158,2,0
BRDA:1410,158,3,0
BRDA:1419,159,0,0
BRDA:1419,159,1,0
BRDA:1427,160,0,0
BRDA:1427,160,1,0
BRDA:1427,161,0,0
BRDA:1427,161,1,0
BRDA:1435,162,0,0
BRDA:1435,162,1,0
BRDA:1435,163,0,0
BRDA:1435,163,1,0
BRDA:1442,164,0,0
BRDA:1442,164,1,0
BRDA:1442,165,0,0
BRDA:1442,165,1,0
BRDA:1449,166,0,0
BRDA:1449,166,1,0
BRDA:1449,167,0,0
BRDA:1449,167,1,0
BRDA:1456,168,0,0
BRDA:1456,168,1,0
BRDA:1456,169,0,0
BRDA:1456,169,1,0
BRDA:1470,170,0,0
BRDA:1470,170,1,0
BRDA:1470,171,0,0
BRDA:1470,171,1,0
BRDA:1474,172,0,0
BRDA:1474,172,1,0
BRDA:1482,173,0,0
BRDA:1482,173,1,0
BRDA:1494,174,0,0
BRDA:1494,174,1,0
BRDA:1499,175,0,0
BRDA:1499,175,1,0
BRDA:1510,176,0,0
BRDA:1510,176,1,0
BRDA:1510,177,0,0
BRDA:1510,177,1,0
BRDA:1510,177,2,0
BRDA:1510,177,3,0
BRDA:1510,177,4,0
BRDA:1523,178,0,0
BRDA:1523,178,1,0
BRDA:1529,179,0,0
BRDA:1529,179,1,0
BRDA:1531,180,0,0
BRDA:1531,180,1,0
BRDA:1540,181,0,0
BRDA:1540,181,1,0
BRDA:1547,182,0,0
BRDA:1547,182,1,0
BRDA:1556,183,0,0
BRDA:1556,183,1,0
BRDA:1564,184,0,0
BRDA:1564,184,1,0
BRDA:1569,185,0,0
BRDA:1569,185,1,0
BRDA:1573,186,0,0
BRDA:1573,186,1,0
BRDA:1578,187,0,0
BRDA:1578,187,1,0
BRDA:1582,188,0,0
BRDA:1582,188,1,0
BRDA:1582,189,0,0
BRDA:1582,189,1,0
BRDA:1591,190,0,0
BRDA:1591,190,1,0
BRDA:1592,191,0,0
BRDA:1592,191,1,0
BRDA:1598,192,0,0
BRDA:1598,192,1,0
BRDA:1599,193,0,0
BRDA:1599,193,1,0
BRDA:1610,194,0,0
BRDA:1610,194,1,0
BRDA:1612,195,0,0
BRDA:1612,195,1,0
BRDA:1624,196,0,0
BRDA:1624,196,1,0
BRDA:1626,197,0,0
BRDA:1626,197,1,0
BRDA:1643,198,0,0
BRDA:1643,198,1,0
BRDA:1646,199,0,0
BRDA:1646,199,1,0
BRDA:1649,200,0,0
BRDA:1649,200,1,0
BRDA:1652,201,0,0
BRDA:1652,201,1,0
BRDA:1655,202,0,0
BRDA:1655,202,1,0
BRDA:1655,203,0,0
BRDA:1655,203,1,0
BRDA:1659,204,0,0
BRDA:1659,204,1,0
BRDA:1663,205,0,0
BRDA:1663,205,1,0
BRDA:1674,206,0,0
BRDA:1674,206,1,0
BRDA:1700,207,0,0
BRDA:1700,207,1,0
BRDA:1733,208,0,0
BRDA:1733,208,1,0
BRDA:1738,209,0,0
BRDA:1738,209,1,0
BRDA:1783,210,0,0
BRDA:1783,210,1,0
BRDA:1787,211,0,0
BRDA:1787,211,1,0
BRDA:1787,212,0,0
BRDA:1787,212,1,0
BRDA:1791,213,0,0
BRDA:1791,213,1,0
BRDA:1791,214,0,0
BRDA:1791,214,1,0
BRDA:1795,215,0,0
BRDA:1795,215,1,0
BRDA:1795,216,0,0
BRDA:1795,216,1,0
BRDA:1799,217,0,0
BRDA:1799,217,1,0
BRDA:1799,218,0,0
BRDA:1799,218,1,0
BRDA:1803,219,0,0
BRDA:1803,219,1,0
BRDA:1803,220,0,0
BRDA:1803,220,1,0
BRDA:1807,221,0,0
BRDA:1807,221,1,0
BRDA:1807,222,0,0
BRDA:1807,222,1,0
BRDA:1811,223,0,0
BRDA:1811,223,1,0
BRDA:1811,224,0,0
BRDA:1811,224,1,0
BRDA:1815,225,0,0
BRDA:1815,225,1,0
BRDA:1815,226,0,0
BRDA:1815,226,1,0
BRDA:1819,227,0,0
BRDA:1819,227,1,0
BRDA:1819,228,0,0
BRDA:1819,228,1,0
BRDA:1823,229,0,0
BRDA:1823,229,1,0
BRDA:1823,230,0,0
BRDA:1823,230,1,0
BRDA:1827,231,0,0
BRDA:1827,231,1,0
BRDA:1827,232,0,0
BRDA:1827,232,1,0
BRDA:1831,233,0,0
BRDA:1831,233,1,0
BRDA:1831,234,0,0
BRDA:1831,234,1,0
BRDA:1835,235,0,0
BRDA:1835,235,1,0
BRDA:1835,236,0,0
BRDA:1835,236,1,0
BRDA:1839,237,0,0
BRDA:1839,237,1,0
BRDA:1839,238,0,0
BRDA:1839,238,1,0
BRDA:1843,239,0,0
BRDA:1843,239,1,0
BRDA:1843,240,0,0
BRDA:1843,240,1,0
BRDA:1847,241,0,0
BRDA:1847,241,1,0
BRDA:1847,242,0,0
BRDA:1847,242,1,0
BRDA:1851,243,0,0
BRDA:1851,243,1,0
BRDA:1851,244,0,0
BRDA:1851,244,1,0
BRDA:1855,245,0,0
BRDA:1855,245,1,0
BRDA:1855,246,0,0
BRDA:1855,246,1,0
BRDA:1859,247,0,0
BRDA:1859,247,1,0
BRDA:1866,248,0,0
BRDA:1866,248,1,0
BRDA:1918,249,0,0
BRDA:1918,249,1,0
BRDA:1924,250,0,0
BRDA:1924,250,1,0
BRDA:1935,251,0,0
BRDA:1935,251,1,0
BRDA:1940,252,0,0
BRDA:1940,252,1,0
BRDA:1969,253,0,0
BRDA:1969,253,1,0
BRF:543
BRH:0
end_of_record
TN:
SF:C:\Users\wrongholt\Documents\powers\lambda\util.js
FN:7,getS3PreSignedUrl
FNF:1
FNH:0
FNDA:0,getS3PreSignedUrl
DA:1,0
DA:3,0
DA:7,0
DA:9,0
DA:10,0
DA:15,0
DA:16,0
LF:7
LH:0
BRF:0
BRH:0
end_of_record
TN:
SF:C:\Users\wrongholt\Documents\powers\lambda\variables.js
FNF:0
FNH:0
DA:1,0
LF:1
LH:0
BRF:0
BRH:0
end_of_record
TN:
SF:C:\Users\wrongholt\Documents\powers\lambda\documents\listData.js
FN:3,(anonymous_0)
FNF:1
FNH:0
FNDA:0,(anonymous_0)
DA:3,0
DA:4,0
DA:5,0
DA:7,0
DA:558,0
LF:5
LH:0
BRF:0
BRH:0
end_of_record
